wandb: [wandb.login()] Loaded credentials for https://api.wandb.ai from /home/geney/.netrc.
wandb: Currently logged in as: gene-jin-yang (iris-sobolmark) to https://api.wandb.ai. Use `wandb login --relogin` to force relogin
wandb: setting up run qt5urdwj
wandb: Tracking run with wandb version 0.24.2
wandb: Run data is saved locally in /tmp/wandb_6995550/wandb/run-20260407_012536-qt5urdwj
wandb: Run `wandb offline` to turn off syncing.
wandb: Syncing run antimemorize_moderate_combo
wandb: ⭐️ View project at https://wandb.ai/iris-sobolmark/craftax-offline-awr
wandb: 🚀 View run at https://wandb.ai/iris-sobolmark/craftax-offline-awr/runs/qt5urdwj
wandb: updating run metadata
wandb: uploading history steps 999-1000, summary, console lines 248-259
wandb: 
wandb: Run history:
wandb:         diag/source_cross_cos ▁
wandb:          diag/source_mean_cos ▁
wandb:           diag/source_mean_l2 ▁
wandb:  diag/source_oracle_norm_mean ▁
wandb:   diag/source_train_norm_mean ▁
wandb: diag/source_within_oracle_cos ▁
wandb:  diag/source_within_train_cos ▁
wandb:       grad/grad_cos_actor_hid ▆▅▃▅█▄▆▄▅▁
wandb:     grad/grad_cos_actor_merge ▄▃▅█▃▅▂▃▄▁
wandb:       grad/grad_cos_actor_obs ▁▁▃█▃▃▃▁▂▂
wandb:                           +61 ...
wandb: 
wandb: Run summary:
wandb:         diag/source_cross_cos -0.00663
wandb:          diag/source_mean_cos -0.12742
wandb:           diag/source_mean_l2 51.79412
wandb:  diag/source_oracle_norm_mean 101.87437
wandb:   diag/source_train_norm_mean 63.16656
wandb: diag/source_within_oracle_cos 0.27141
wandb:  diag/source_within_train_cos -0.00677
wandb:       grad/grad_cos_actor_hid -0.04797
wandb:     grad/grad_cos_actor_merge -0.07605
wandb:       grad/grad_cos_actor_obs -0.09995
wandb:                           +61 ...
wandb: 
wandb: 🚀 View run antimemorize_moderate_combo at: https://wandb.ai/iris-sobolmark/craftax-offline-awr/runs/qt5urdwj
wandb: ⭐️ View project at: https://wandb.ai/iris-sobolmark/craftax-offline-awr
wandb: Synced 5 W&B file(s), 0 media file(s), 0 artifact file(s) and 0 other file(s)
wandb: Find logs at: /tmp/wandb_6995550/wandb/run-20260407_012536-qt5urdwj/logs
