wandb: [wandb.login()] Loaded credentials for https://api.wandb.ai from /home/geney/.netrc.
wandb: Currently logged in as: gene-jin-yang (iris-sobolmark) to https://api.wandb.ai. Use `wandb login --relogin` to force relogin
wandb: setting up run qywch8k2
wandb: Tracking run with wandb version 0.24.2
wandb: Run data is saved locally in /tmp/wandb_6995661/wandb/run-20260407_010507-qywch8k2
wandb: Run `wandb offline` to turn off syncing.
wandb: Syncing run antimemorize_low_oracle
wandb: ⭐️ View project at https://wandb.ai/iris-sobolmark/craftax-offline-awr
wandb: 🚀 View run at https://wandb.ai/iris-sobolmark/craftax-offline-awr/runs/qywch8k2
wandb: updating run metadata
wandb: 
wandb: Run history:
wandb:         diag/source_cross_cos ▁
wandb:          diag/source_mean_cos ▁
wandb:           diag/source_mean_l2 ▁
wandb:  diag/source_oracle_norm_mean ▁
wandb:   diag/source_train_norm_mean ▁
wandb: diag/source_within_oracle_cos ▁
wandb:  diag/source_within_train_cos ▁
wandb:       grad/grad_cos_actor_hid ▄▂█▁▁▃▄▆▁▃
wandb:     grad/grad_cos_actor_merge ▇█▅▄▅▄▁▇▄▆
wandb:       grad/grad_cos_actor_obs ▄█▃▆▆▃▁▆▄▅
wandb:                           +61 ...
wandb: 
wandb: Run summary:
wandb:         diag/source_cross_cos -0.00263
wandb:          diag/source_mean_cos -0.06944
wandb:           diag/source_mean_l2 51.73215
wandb:  diag/source_oracle_norm_mean 101.87437
wandb:   diag/source_train_norm_mean 63.00291
wandb: diag/source_within_oracle_cos 0.27141
wandb:  diag/source_within_train_cos -0.00439
wandb:       grad/grad_cos_actor_hid -0.0067
wandb:     grad/grad_cos_actor_merge 0.00617
wandb:       grad/grad_cos_actor_obs 0.01026
wandb:                           +61 ...
wandb: 
wandb: 🚀 View run antimemorize_low_oracle at: https://wandb.ai/iris-sobolmark/craftax-offline-awr/runs/qywch8k2
wandb: ⭐️ View project at: https://wandb.ai/iris-sobolmark/craftax-offline-awr
wandb: Synced 5 W&B file(s), 0 media file(s), 0 artifact file(s) and 0 other file(s)
wandb: Find logs at: /tmp/wandb_6995661/wandb/run-20260407_010507-qywch8k2/logs
