wandb: [wandb.login()] Loaded credentials for https://api.wandb.ai from /home/geney/.netrc.
wandb: Currently logged in as: gene-jin-yang (iris-sobolmark) to https://api.wandb.ai. Use `wandb login --relogin` to force relogin
wandb: setting up run 945ajs0x
wandb: Tracking run with wandb version 0.24.2
wandb: Run data is saved locally in /tmp/wandb_6992155/wandb/run-20260406_214921-945ajs0x
wandb: Run `wandb offline` to turn off syncing.
wandb: Syncing run control_unaug_v2
wandb: 猸愶笍 View project at https://wandb.ai/iris-sobolmark/craftax-offline-awr
wandb: 馃殌 View run at https://wandb.ai/iris-sobolmark/craftax-offline-awr/runs/945ajs0x
wandb: updating run metadata
wandb: uploading history steps 998-999, summary, console lines 174-181
wandb: 
wandb: Run history:
wandb:         train/actor_loss 鈻堚枂鈻呪杽鈻勨杽鈻勨枀鈻冣杻鈻冣杺鈻冣杹鈻冣杹鈻冣杽鈻冣杻鈻冣杻鈻冣杽鈻勨杻鈻冣杻鈻冣杻鈻冣杺鈻冣杺鈻冣杻鈻傗杻鈻傗杻
wandb:           train/adv_mean 鈻勨枅鈻嗏枅鈻佲杺鈻勨杽鈻勨枀鈻呪杻鈻勨杺鈻勨枂鈻勨杽鈻嗏杽鈻勨枀鈻勨枀鈻勨杽鈻呪枀鈻嗏杽鈻勨杻鈻勨杽鈻嗏杺鈻勨杽鈻勨枀
wandb:            train/adv_std 鈻堚杽鈻勨杽鈻冣杻鈻傗枂鈻冣杺鈻勨杽鈻冣杻鈻冣杻鈻冣杺鈻嗏枀鈻呪杽鈻冣杻鈻冣枂鈻冣杺鈻傗杺鈻冣杺鈻団枂鈻呪杻鈻傗杺鈻傗杹
wandb:        train/critic_loss 鈻堚杽鈻勨杺鈻冣杻鈻傗杺鈻傗杺鈻堚枀鈻冣杺鈻傗杹鈻佲枂鈻呪杻鈻傗杹鈻傗枃鈻傗杺鈻傗杹鈻傗杺鈻冣杻鈻傗杹鈻傗杺鈻佲杹鈻佲杹
wandb:       train/entropy_loss 鈻佲枀鈻呪杽鈻嗏枀鈻嗏枂鈻嗏枂鈻嗏枂鈻団枂鈻嗏枂鈻嗏枃鈻団枂鈻団枃鈻団枂鈻団枂鈻嗏枃鈻呪枅鈻団枃鈻嗏枂鈻嗏枃鈻団枃鈻団枃
wandb:     train/entropy_oracle 鈻団杻鈻冣杻鈻堚枀鈻嗏杽鈻勨枂鈻呪枃鈻勨杽鈻冣杽鈻冣枃鈻傗枀鈻冣杻鈻傗杽鈻嗏杽鈻勨枂鈻佲杽鈻勨枅鈻呪杽鈻傗杻鈻呪杽鈻呪枃
wandb:      train/entropy_train 鈻団枃鈻嗏枂鈻嗏枃鈻堚杽鈻団杺鈻勨杻鈻傗杽鈻勨杹鈻傗杽鈻勨杺鈻冣杺鈻勨杻鈻勨杺鈻冣枀鈻勨杹鈻勨杽鈻冣杹鈻勨杹鈻傗杻鈻勨杺
wandb: train/explained_variance 鈻勨杹鈻佲杻鈻嗏枃鈻団枀鈻呪枃鈻団杽鈻嗏枂鈻団杽鈻冣枃鈻団枃鈻傗杽鈻堚枃鈻堚枃鈻堚枅鈻嗏枃鈻勨枂鈻嗏枃鈻団枅鈻団枃鈻堚枅
wandb: train/mean_return_oracle 鈻佲杺鈻冣杺鈻呪杹鈻傗枀鈻呪杹鈻勨杻鈻堚杹鈻佲枂鈻傗杻鈻傗杺鈻呪杽鈻冣杽鈻冣杻鈻冣杺鈻冣枃鈻呪杹鈻傗杻鈻冣杺鈻呪枀鈻傗杹
wandb:  train/mean_return_train 鈻勨枂鈻嗏枂鈻勨杹鈻呪枃鈻勨枂鈻呪枂鈻呪枀鈻嗏杽鈻嗏枃鈻呪杻鈻団枃鈻冣枃鈻団杺鈻呪枃鈻呪杺鈻勨枀鈻嗏枂鈻佲枅鈻冣杽鈻嗏杺
wandb:                      +18 ...
wandb: 
wandb: Run summary:
wandb:         train/actor_loss 2.46038
wandb:           train/adv_mean -0.14078
wandb:            train/adv_std 0.89512
wandb:        train/critic_loss 0.41053
wandb:       train/entropy_loss -2.22786
wandb:     train/entropy_oracle 2.20602
wandb:      train/entropy_train 2.22786
wandb: train/explained_variance 0.84269
wandb: train/mean_return_oracle 2.49318
wandb:  train/mean_return_train 1.44853
wandb:                      +18 ...
wandb: 
wandb: 馃殌 View run control_unaug_v2 at: https://wandb.ai/iris-sobolmark/craftax-offline-awr/runs/945ajs0x
wandb: 猸愶笍 View project at: https://wandb.ai/iris-sobolmark/craftax-offline-awr
wandb: Synced 5 W&B file(s), 0 media file(s), 0 artifact file(s) and 0 other file(s)
wandb: Find logs at: /tmp/wandb_6992155/wandb/run-20260406_214921-945ajs0x/logs
