wandb: [wandb.login()] Loaded credentials for https://api.wandb.ai from /home/geney/.netrc.
wandb: Currently logged in as: gene-jin-yang (iris-sobolmark) to https://api.wandb.ai. Use `wandb login --relogin` to force relogin
wandb: Tracking run with wandb version 0.24.2
wandb: Run data is saved locally in /tmp/wandb_6993719/wandb/run-20260406_231529-y58sxs1a
wandb: Run `wandb offline` to turn off syncing.
wandb: Syncing run control_v2_zero
wandb: 猸愶笍 View project at https://wandb.ai/iris-sobolmark/craftax-offline-awr
wandb: 馃殌 View run at https://wandb.ai/iris-sobolmark/craftax-offline-awr/runs/y58sxs1a
wandb: updating run metadata
wandb: uploading history steps 998-999, summary, console lines 174-181
wandb: 
wandb: Run history:
wandb:         train/actor_loss 鈻堚枃鈻勨枀鈻勨枀鈻呪杽鈻勨枀鈻勨枀鈻呪杽鈻冣杻鈻冣杹鈻勨杺鈻冣杽鈻冣杻鈻勨杻鈻勨杻鈻傗杻鈻勨杽鈻勨杻鈻傗枀鈻冣杻鈻呪杺
wandb:           train/adv_mean 鈻佲枂鈻勨枃鈻団枅鈻嗏枅鈻嗏枀鈻勨枀鈻嗏枅鈻団枃鈻団枂鈻冣枂鈻嗏枃鈻嗏杽鈻勨枅鈻勨枂鈻呪枂鈻呪枂鈻勨枂鈻嗏枂鈻呪杽鈻呪枂
wandb:            train/adv_std 鈻団枂鈻嗏枀鈻呪杽鈻団枀鈻冣枀鈻嗏枀鈻冣杽鈻冣杻鈻冣枅鈻勨枀鈻傗杻鈻嗏杺鈻冣枂鈻冣枀鈻冣杺鈻冣杻鈻冣杺鈻傗杺鈻呪枀鈻傗杹
wandb:        train/critic_loss 鈻嗏枅鈻堚杽鈻嗏杽鈻嗏枃鈻呪枀鈻呪枃鈻勨杺鈻冣杻鈻勨枀鈻冣杺鈻傗杺鈻傗杺鈻勨杽鈻冣杺鈻傗杺鈻冣杻鈻団杻鈻冣杻鈻傗杽鈻傗杹
wandb:       train/entropy_loss 鈻佲杽鈻冣枂鈻冣杽鈻呪枀鈻嗏枀鈻嗏杽鈻冣枀鈻団枀鈻嗏枀鈻堚枃鈻呪枂鈻嗏枀鈻呪枅鈻嗏杽鈻勨枀鈻勨枀鈻団枂鈻嗏枂鈻勨枀鈻団枂
wandb:     train/entropy_oracle 鈻勨杺鈻呪杻鈻勨枀鈻冣杽鈻堚枅鈻嗏枂鈻呪杺鈻呪杺鈻勨杽鈻呪杽鈻佲杽鈻冣杻鈻呪枀鈻冣杽鈻傗杻鈻呪杻鈻冣杹鈻冣杻鈻傗枅鈻傗枂
wandb:      train/entropy_train 鈻団枅鈻嗏枂鈻団枀鈻冣杽鈻傗杻鈻冣杽鈻傗杽鈻傗杽鈻勨杻鈻傗杽鈻冣杻鈻勨杽鈻勨杻鈻傗杺鈻傗杻鈻勨杻鈻佲杺鈻傗枀鈻傗杻鈻冣杺
wandb: train/explained_variance 鈻呪杻鈻傗杻鈻勨杻鈻勨枂鈻冣杻鈻呪杽鈻嗏枀鈻嗏杺鈻勨枂鈻嗏杻鈻嗏杹鈻呪杽鈻呪杽鈻冣枀鈻嗏枂鈻嗏枃鈻嗏枃鈻傗枃鈻呪枅鈻嗏枅
wandb: train/mean_return_oracle 鈻勨杺鈻傗杺鈻冣杽鈻佲枃鈻勨杻鈻嗏枂鈻冣杽鈻呪枂鈻勨杺鈻佲杻鈻傗杻鈻冣杹鈻勨杽鈻堚枂鈻傗杺鈻勨杽鈻呪杹鈻冣杹鈻傗杹鈻佲杹
wandb:  train/mean_return_train 鈻勨枅鈻団枀鈻呪枅鈻勨枀鈻勨枀鈻呪杽鈻呪枂鈻呪枀鈻嗏枀鈻団枃鈻堚枀鈻嗏枀鈻傗枀鈻佲杻鈻勨杻鈻嗏枀鈻団枃鈻呪枃鈻嗏枃鈻呪枂
wandb:                      +15 ...
wandb: 
wandb: Run summary:
wandb:         train/actor_loss 2.66016
wandb:           train/adv_mean -0.08008
wandb:            train/adv_std 0.85765
wandb:        train/critic_loss 0.37099
wandb:       train/entropy_loss -2.23706
wandb:     train/entropy_oracle 2.17388
wandb:      train/entropy_train 2.23706
wandb: train/explained_variance 0.83218
wandb: train/mean_return_oracle 8.45368
wandb:  train/mean_return_train 1.19605
wandb:                      +15 ...
wandb: 
wandb: 馃殌 View run control_v2_zero at: https://wandb.ai/iris-sobolmark/craftax-offline-awr/runs/y58sxs1a
wandb: 猸愶笍 View project at: https://wandb.ai/iris-sobolmark/craftax-offline-awr
wandb: Synced 5 W&B file(s), 0 media file(s), 0 artifact file(s) and 0 other file(s)
wandb: Find logs at: /tmp/wandb_6993719/wandb/run-20260406_231529-y58sxs1a/logs
