wandb: [wandb.login()] Loaded credentials for https://api.wandb.ai from /home/geney/.netrc.
wandb: Currently logged in as: gene-jin-yang (iris-sobolmark) to https://api.wandb.ai. Use `wandb login --relogin` to force relogin
wandb: Tracking run with wandb version 0.24.2
wandb: Run data is saved locally in /tmp/wandb_7005890/wandb/run-20260407_150535-jlekyhfu
wandb: Run `wandb offline` to turn off syncing.
wandb: Syncing run pure_awr_psf_w512
wandb: 猸愶笍 View project at https://wandb.ai/iris-sobolmark/craftax-offline-awr
wandb: 馃殌 View run at https://wandb.ai/iris-sobolmark/craftax-offline-awr/runs/jlekyhfu
wandb: updating run metadata
wandb: uploading history steps 998-999, summary, console lines 165-172
wandb: 
wandb: Run history:
wandb:         train/actor_loss 鈻堚枂鈻呪杺鈻呪枀鈻嗏枂鈻堚枀鈻呪枀鈻呪枀鈻勨杺鈻傗杽鈻冣杽鈻勨枂鈻勨杻鈻佲杺鈻嗏杺鈻冣杻鈻冣枀鈻冣杽鈻傗杻鈻勨杻鈻傗杽
wandb:           train/adv_mean 鈻呪枀鈻呪杽鈻呪枅鈻傗枀鈻傗杺鈻勨杹鈻嗏杻鈻冣杽鈻傗杽鈻佲杻鈻勨杹鈻冣杺鈻呪杹鈻勨杻鈻呪杽鈻勨枀鈻傗枅鈻嗏杺鈻傗杽鈻勨杽
wandb:            train/adv_std 鈻堚枃鈻団枂鈻呪枀鈻勨杽鈻勨杺鈻呪枂鈻嗏枀鈻呪杽鈻傗枅鈻嗏杽鈻嗏枂鈻冣枀鈻勨杽鈻勨杻鈻冣杺鈻勨杻鈻傗枀鈻勨杽鈻勨杺鈻冣杹
wandb:        train/critic_loss 鈻嗏杻鈻勨杺鈻堚枂鈻勨杻鈻冣杻鈻勨杻鈻傗杻鈻傗杻鈻傗枀鈻冣杽鈻呪杺鈻冣杺鈻冣枂鈻傗枅鈻勨杻鈻傗杺鈻傗枂鈻冣杺鈻冣杽鈻冣杹
wandb:            train/entropy 鈻堚杻鈻団枀鈻嗏杻鈻呪杽鈻傗枀鈻呪杽鈻勨杻鈻勨杹鈻傗杺鈻呪杻鈻嗏杺鈻傗枀鈻呪杽鈻傗枀鈻嗏杽鈻佲杻鈻呪枀鈻勨杺鈻佲杹鈻佲杺
wandb: train/explained_variance 鈻佲枀鈻呪杻鈻冣枃鈻団枀鈻呪枀鈻団枂鈻呪枃鈻嗏杺鈻呪枂鈻嗏枂鈻冣杽鈻冣枃鈻呪枀鈻嗏枃鈻傗枂鈻団枂鈻嗏枃鈻団杽鈻冣枃鈻嗏枅
wandb:        train/hidden_mean 鈻呪枂鈻団枀鈻呪杻鈻嗏枅鈻嗏杽鈻嗏杺鈻呪杽鈻嗏枅鈻佲枀鈻団枀鈻傗枅鈻冣枂鈻勨杽鈻堚杹鈻勨杽鈻団枃鈻嗏杽鈻勨枀鈻呪枂鈻冣杺
wandb:         train/hidden_std 鈻冣枀鈻冣枀鈻勨杽鈻勨枀鈻冣杻鈻冣杽鈻傗杻鈻嗏杹鈻勨枀鈻傗杺鈻嗏杽鈻冣杽鈻勨枀鈻堚枀鈻嗏枀鈻冣杺鈻傗杻鈻佲杽鈻呪杻鈻呪杻
wandb:        train/mean_return 鈻佲枃鈻堚杽鈻勨杻鈻嗏杺鈻呪杽鈻嗏枃鈻団杺鈻嗏杽鈻嗏枀鈻団枀鈻勨枅鈻呪杺鈻勨杽鈻勨杽鈻傗杻鈻嗏枀鈻嗏枂鈻冣枀鈻勨杽鈻勨杺
wandb:         train/mean_value 鈻団枅鈻嗏枂鈻呪杹鈻勨枂鈻団枂鈻嗏枅鈻冣枀鈻嗏枃鈻呪杽鈻嗏枂鈻呪枀鈻傗杻鈻呪杻鈻呪枃鈻呪杽鈻勨枀鈻冣杻鈻呪杽鈻勨杹鈻呪枅
wandb:                       +2 ...
wandb: 
wandb: Run summary:
wandb:         train/actor_loss 2.55872
wandb:           train/adv_mean 0.02097
wandb:            train/adv_std 1.07526
wandb:        train/critic_loss 0.57831
wandb:            train/entropy 2.24777
wandb: train/explained_variance 0.76796
wandb:        train/hidden_mean -0.00081
wandb:         train/hidden_std 0.99564
wandb:        train/mean_return 1.30136
wandb:         train/mean_value 1.28039
wandb:                       +2 ...
wandb: 
wandb: 馃殌 View run pure_awr_psf_w512 at: https://wandb.ai/iris-sobolmark/craftax-offline-awr/runs/jlekyhfu
wandb: 猸愶笍 View project at: https://wandb.ai/iris-sobolmark/craftax-offline-awr
wandb: Synced 5 W&B file(s), 0 media file(s), 0 artifact file(s) and 0 other file(s)
wandb: Find logs at: /tmp/wandb_7005890/wandb/run-20260407_150535-jlekyhfu/logs
