wandb: [wandb.login()] Loaded credentials for https://api.wandb.ai from /home/geney/.netrc.
wandb: Currently logged in as: gene-jin-yang (iris-sobolmark) to https://api.wandb.ai. Use `wandb login --relogin` to force relogin
wandb: Tracking run with wandb version 0.24.2
wandb: Run data is saved locally in /tmp/wandb_7005879/wandb/run-20260407_150420-xee468yn
wandb: Run `wandb offline` to turn off syncing.
wandb: Syncing run pure_awr_oracle_w512
wandb: 猸愶笍 View project at https://wandb.ai/iris-sobolmark/craftax-offline-awr
wandb: 馃殌 View run at https://wandb.ai/iris-sobolmark/craftax-offline-awr/runs/xee468yn
wandb: updating run metadata
wandb: uploading history steps 998-999, summary, console lines 165-172
wandb: 
wandb: Run history:
wandb:         train/actor_loss 鈻堚杽鈻勨杽鈻冣杻鈻冣杻鈻冣杽鈻冣杻鈻勨杻鈻傗杹鈻冣杺鈻冣杺鈻冣杻鈻冣杺鈻傗杻鈻傗杺鈻冣杽鈻冣杻鈻傗杺鈻佲杻鈻冣杺鈻傗杺
wandb:           train/adv_mean 鈻佲枃鈻嗏枀鈻呪枂鈻呪枃鈻嗏枂鈻堚枅鈻呪枂鈻冣杽鈻勨枃鈻冣杺鈻傗枀鈻堚枀鈻勨枀鈻嗏枀鈻勨枀鈻勨枀鈻勨枃鈻嗏枃鈻嗏杽鈻呪枀
wandb:            train/adv_std 鈻堚枂鈻呪枂鈻勨杺鈻呪枀鈻冣杻鈻呪杻鈻冣杻鈻呪杽鈻冣枀鈻冣枀鈻傗枀鈻勨杻鈻冣杻鈻傗杺鈻呪枀鈻傗枀鈻呪杽鈻冣杺鈻傗杹鈻佲杹
wandb:        train/critic_loss 鈻堚枂鈻勨杺鈻勨杻鈻傗枀鈻冣杻鈻呪杻鈻冣杻鈻冣杹鈻佲杻鈻傗杺鈻呪杻鈻傗杻鈻傗杻鈻冣杺鈻傗杺鈻佲杹鈻勨杽鈻冣杺鈻傗杹鈻傗杹
wandb:            train/entropy 鈻堚枂鈻勨枂鈻勨杽鈻勨杽鈻嗏杽鈻勨杽鈻冣杺鈻冣杺鈻佲杺鈻傗杽鈻冣杽鈻冣杻鈻傗杺鈻傗杻鈻冣杽鈻傗杻鈻佲杻鈻傗杹鈻冣杺鈻傗杺
wandb: train/explained_variance 鈻佲杽鈻勨枃鈻堚枅鈻呪枂鈻団枃鈻堚枂鈻団枅鈻団枃鈻団枅鈻堚枅鈻団杽鈻嗏枂鈻嗏枃鈻堚枅鈻団杻鈻団枅鈻団枀鈻団枅鈻堚枅鈻堚枅
wandb:        train/hidden_mean 鈻嗏杻鈻呪枂鈻呪枂鈻団枃鈻嗏枂鈻団枀鈻嗏杹鈻勨枃鈻傗杻鈻団枀鈻勨枅鈻勨枂鈻勨枃鈻嗏枀鈻勨枀鈻嗏枀鈻嗏杻鈻呪杽鈻嗏杻鈻冣杽
wandb:         train/hidden_std 鈻佲杽鈻冣杺鈻傗枀鈻嗏杽鈻冣枀鈻呪杺鈻傗杻鈻勨杺鈻呪杽鈻佲杹鈻勨枀鈻呪杽鈻嗏杽鈻佲杺鈻勨杻鈻呪枅鈻傗枀鈻傗杻鈻呪枀鈻傗杺
wandb:        train/mean_return 鈻勨枃鈻勨枀鈻冣杺鈻冣杹鈻勨杺鈻傗杻鈻嗏杽鈻冣枅鈻呪枃鈻傗杻鈻嗏枀鈻呪枀鈻冣杻鈻嗏杻鈻呪杺鈻傗杹鈻勨杽鈻呪枀鈻傗枀鈻嗏杺
wandb:         train/mean_value 鈻堚枂鈻嗏枂鈻団枃鈻勨枃鈻呪枀鈻傗杽鈻勨杽鈻冣杽鈻呪枃鈻嗏枀鈻傗枀鈻呪枀鈻勨杽鈻勨枀鈻団枀鈻呪杽鈻呪杻鈻佲杽鈻傗杽鈻冣枀
wandb:                       +2 ...
wandb: 
wandb: Run summary:
wandb:         train/actor_loss 2.24277
wandb:           train/adv_mean -0.02939
wandb:            train/adv_std 1.02469
wandb:        train/critic_loss 0.52543
wandb:            train/entropy 1.92379
wandb: train/explained_variance 0.76236
wandb:        train/hidden_mean -0.00029
wandb:         train/hidden_std 0.99537
wandb:        train/mean_return 1.28598
wandb:         train/mean_value 1.31537
wandb:                       +2 ...
wandb: 
wandb: 馃殌 View run pure_awr_oracle_w512 at: https://wandb.ai/iris-sobolmark/craftax-offline-awr/runs/xee468yn
wandb: 猸愶笍 View project at: https://wandb.ai/iris-sobolmark/craftax-offline-awr
wandb: Synced 5 W&B file(s), 0 media file(s), 0 artifact file(s) and 0 other file(s)
wandb: Find logs at: /tmp/wandb_7005879/wandb/run-20260407_150420-xee468yn/logs
