wandb: [wandb.login()] Loaded credentials for https://api.wandb.ai from /home/geney/.netrc.
wandb: Currently logged in as: gene-jin-yang (iris-sobolmark) to https://api.wandb.ai. Use `wandb login --relogin` to force relogin
wandb: setting up run gw716o2t
wandb: Tracking run with wandb version 0.24.2
wandb: Run data is saved locally in /tmp/wandb_7005873/wandb/run-20260407_152118-gw716o2t
wandb: Run `wandb offline` to turn off syncing.
wandb: Syncing run bc_top250_highow
wandb: ⭐️ View project at https://wandb.ai/iris-sobolmark/craftax-offline-awr
wandb: 🚀 View run at https://wandb.ai/iris-sobolmark/craftax-offline-awr/runs/gw716o2t
wandb: uploading data; updating run metadata
wandb: uploading history steps 999-1000, summary, console lines 251-262
wandb: 
wandb: Run history:
wandb:         diag/source_cross_cos ▁
wandb:          diag/source_mean_cos ▁
wandb:           diag/source_mean_l2 ▁
wandb:  diag/source_oracle_norm_mean ▁
wandb:   diag/source_train_norm_mean ▁
wandb: diag/source_within_oracle_cos ▁
wandb:  diag/source_within_train_cos ▁
wandb:       grad/grad_cos_actor_hid ▁█▃▃▂▅▂▅▃▃
wandb:     grad/grad_cos_actor_merge ▁█▃▂▂▇▃▂▄▄
wandb:       grad/grad_cos_actor_obs ▄█▆▁▂▄▆▂▆▄
wandb:                           +62 ...
wandb: 
wandb: Run summary:
wandb:         diag/source_cross_cos 0.00151
wandb:          diag/source_mean_cos 0.11637
wandb:           diag/source_mean_l2 3.2766
wandb:  diag/source_oracle_norm_mean 63.32903
wandb:   diag/source_train_norm_mean 63.11839
wandb: diag/source_within_oracle_cos 0.00688
wandb:  diag/source_within_train_cos 0.01794
wandb:       grad/grad_cos_actor_hid -0.01286
wandb:     grad/grad_cos_actor_merge 0.03266
wandb:       grad/grad_cos_actor_obs 0.08774
wandb:                           +62 ...
wandb: 
wandb: 🚀 View run bc_top250_highow at: https://wandb.ai/iris-sobolmark/craftax-offline-awr/runs/gw716o2t
wandb: ⭐️ View project at: https://wandb.ai/iris-sobolmark/craftax-offline-awr
wandb: Synced 5 W&B file(s), 0 media file(s), 0 artifact file(s) and 0 other file(s)
wandb: Find logs at: /tmp/wandb_7005873/wandb/run-20260407_152118-gw716o2t/logs
