wandb: [wandb.login()] Loaded credentials for https://api.wandb.ai from /home/geney/.netrc.
wandb: Currently logged in as: gene-jin-yang (iris-sobolmark) to https://api.wandb.ai. Use `wandb login --relogin` to force relogin
wandb: setting up run vgpxtptd
wandb: Tracking run with wandb version 0.24.2
wandb: Run data is saved locally in /tmp/wandb_7003957/wandb/run-20260407_130401-vgpxtptd
wandb: Run `wandb offline` to turn off syncing.
wandb: Syncing run low_ow_ow0_control
wandb: ⭐️ View project at https://wandb.ai/iris-sobolmark/craftax-offline-awr
wandb: 🚀 View run at https://wandb.ai/iris-sobolmark/craftax-offline-awr/runs/vgpxtptd
wandb: updating run metadata
wandb: uploading history steps 999-1000, summary, console lines 242-252
wandb: 
wandb: Run history:
wandb:         diag/source_cross_cos ▁
wandb:          diag/source_mean_cos ▁
wandb:           diag/source_mean_l2 ▁
wandb:  diag/source_oracle_norm_mean ▁
wandb:   diag/source_train_norm_mean ▁
wandb: diag/source_within_oracle_cos ▁
wandb:  diag/source_within_train_cos ▁
wandb:              train/actor_loss █▇▆▃▆▄▄▅▄▃▄▃▃▃▄▄▃▄▅▃▄▃▂▃▂▄▁▄▄▄▂▂▃▂▃▃▂▃▁▆
wandb:                train/adv_mean ▅▅▆▄▂▂▂▆▃█▄▄▅▆▃▄▄▆▆▃▆▃▃▄▆▄▆▃▃▆▁▃▅▆▅▄▄▃▅▃
wandb:                 train/adv_std █▄▆▆▅▃▆▅▆▃█▇▃▄▆▄▄▄▃▃▄▃▆▂▃▃▃▄▄▃▃▁█▅▅▃▃▇▃▂
wandb:                           +40 ...
wandb: 
wandb: Run summary:
wandb:         diag/source_cross_cos -0.0138
wandb:          diag/source_mean_cos -0.17149
wandb:           diag/source_mean_l2 51.85677
wandb:  diag/source_oracle_norm_mean 101.94646
wandb:   diag/source_train_norm_mean 63.70217
wandb: diag/source_within_oracle_cos 0.2709
wandb:  diag/source_within_train_cos -0.01088
wandb:              train/actor_loss 2.63523
wandb:                train/adv_mean 0.12835
wandb:                 train/adv_std 0.89703
wandb:                           +40 ...
wandb: 
wandb: 🚀 View run low_ow_ow0_control at: https://wandb.ai/iris-sobolmark/craftax-offline-awr/runs/vgpxtptd
wandb: ⭐️ View project at: https://wandb.ai/iris-sobolmark/craftax-offline-awr
wandb: Synced 5 W&B file(s), 0 media file(s), 0 artifact file(s) and 0 other file(s)
wandb: Find logs at: /tmp/wandb_7003957/wandb/run-20260407_130401-vgpxtptd/logs
