wandb: [wandb.login()] Loaded credentials for https://api.wandb.ai from /home/geney/.netrc.
wandb: Currently logged in as: gene-jin-yang (iris-sobolmark) to https://api.wandb.ai. Use `wandb login --relogin` to force relogin
wandb: Tracking run with wandb version 0.24.2
wandb: Run data is saved locally in /tmp/wandb_7008530/wandb/run-20260407_202740-nk00q9lq
wandb: Run `wandb offline` to turn off syncing.
wandb: Syncing run part_ow10
wandb: ⭐️ View project at https://wandb.ai/iris-sobolmark/craftax-offline-awr
wandb: 🚀 View run at https://wandb.ai/iris-sobolmark/craftax-offline-awr/runs/nk00q9lq
wandb: updating run metadata
wandb: uploading history steps 991-1000, summary, console lines 248-258
wandb: 
wandb: Run history:
wandb:         diag/source_cross_cos ▁
wandb:          diag/source_mean_cos ▁
wandb:           diag/source_mean_l2 ▁
wandb:  diag/source_oracle_norm_mean ▁
wandb:   diag/source_train_norm_mean ▁
wandb: diag/source_within_oracle_cos ▁
wandb:  diag/source_within_train_cos ▁
wandb:       grad/grad_cos_actor_hid ▄▃▂▁▅▅▅▄▆█
wandb:     grad/grad_cos_actor_merge ▇▃▆▁▆▃█▅▆▅
wandb:       grad/grad_cos_actor_obs ▃▆▂▁▅▂█▅▆▄
wandb:                           +62 ...
wandb: 
wandb: Run summary:
wandb:         diag/source_cross_cos -0.01722
wandb:          diag/source_mean_cos 0.29251
wandb:           diag/source_mean_l2 4.27307
wandb:  diag/source_oracle_norm_mean 64.39372
wandb:   diag/source_train_norm_mean 63.39433
wandb: diag/source_within_oracle_cos -0.01039
wandb:  diag/source_within_train_cos -0.0022
wandb:       grad/grad_cos_actor_hid 0.07141
wandb:     grad/grad_cos_actor_merge -0.02511
wandb:       grad/grad_cos_actor_obs -0.05417
wandb:                           +62 ...
wandb: 
wandb: 🚀 View run part_ow10 at: https://wandb.ai/iris-sobolmark/craftax-offline-awr/runs/nk00q9lq
wandb: ⭐️ View project at: https://wandb.ai/iris-sobolmark/craftax-offline-awr
wandb: Synced 5 W&B file(s), 0 media file(s), 0 artifact file(s) and 0 other file(s)
wandb: Find logs at: /tmp/wandb_7008530/wandb/run-20260407_202740-nk00q9lq/logs
