wandb: [wandb.login()] Loaded credentials for https://api.wandb.ai from /home/geney/.netrc.
wandb: Currently logged in as: gene-jin-yang (iris-sobolmark) to https://api.wandb.ai. Use `wandb login --relogin` to force relogin
wandb: setting up run 0d8s442n
wandb: Tracking run with wandb version 0.24.2
wandb: Run data is saved locally in /tmp/wandb_7008550/wandb/run-20260407_195921-0d8s442n
wandb: Run `wandb offline` to turn off syncing.
wandb: Syncing run part_ow0
wandb: ⭐️ View project at https://wandb.ai/iris-sobolmark/craftax-offline-awr
wandb: 🚀 View run at https://wandb.ai/iris-sobolmark/craftax-offline-awr/runs/0d8s442n
wandb: updating run metadata
wandb: uploading history steps 993-1000, summary, console lines 239-248
wandb: 
wandb: Run history:
wandb:         diag/source_cross_cos ▁
wandb:          diag/source_mean_cos ▁
wandb:           diag/source_mean_l2 ▁
wandb:  diag/source_oracle_norm_mean ▁
wandb:   diag/source_train_norm_mean ▁
wandb: diag/source_within_oracle_cos ▁
wandb:  diag/source_within_train_cos ▁
wandb:              train/actor_loss █▇▆▅▄▅▅▄▅▄▃▂▅▅▄▄▄▂▄▁▃▃▃▄▂▄▃▂▆▃▁▄▄▄▄▃▄▄▄▁
wandb:                train/adv_mean █▃▄▁▄▅▇█▆▇▅▃▄▆▁▁▄▄█▅▃▆▆▄█▆▅▄▃▅▅▄▆▄▄▂▂▆▄▇
wandb:                 train/adv_std █▆▄▃▃▄▄▄▅▂▁▅▄▄▃▃▂▃▂▃▅▃▂▂▂▄▃▂▂▄▂▂▁▂▁▃▃▃▁▂
wandb:                           +40 ...
wandb: 
wandb: Run summary:
wandb:         diag/source_cross_cos 0.00212
wandb:          diag/source_mean_cos -0.22901
wandb:           diag/source_mean_l2 5.05061
wandb:  diag/source_oracle_norm_mean 64.39372
wandb:   diag/source_train_norm_mean 63.00681
wandb: diag/source_within_oracle_cos -0.01039
wandb:  diag/source_within_train_cos 0.00373
wandb:              train/actor_loss 2.47075
wandb:                train/adv_mean 0.0
wandb:                 train/adv_std 0.49601
wandb:                           +40 ...
wandb: 
wandb: 🚀 View run part_ow0 at: https://wandb.ai/iris-sobolmark/craftax-offline-awr/runs/0d8s442n
wandb: ⭐️ View project at: https://wandb.ai/iris-sobolmark/craftax-offline-awr
wandb: Synced 5 W&B file(s), 0 media file(s), 0 artifact file(s) and 0 other file(s)
wandb: Find logs at: /tmp/wandb_7008550/wandb/run-20260407_195921-0d8s442n/logs
