wandb: [wandb.login()] Loaded credentials for https://api.wandb.ai from /home/geney/.netrc.
wandb: Currently logged in as: gene-jin-yang (iris-sobolmark) to https://api.wandb.ai. Use `wandb login --relogin` to force relogin
wandb: Tracking run with wandb version 0.24.2
wandb: Run data is saved locally in /tmp/wandb_6986295/wandb/run-20260406_120649-boxuo01c
wandb: Run `wandb offline` to turn off syncing.
wandb: Syncing run v6_lr1e4_ow20
wandb: 猸愶笍 View project at https://wandb.ai/iris-sobolmark/craftax-offline-awr
wandb: 馃殌 View run at https://wandb.ai/iris-sobolmark/craftax-offline-awr/runs/boxuo01c
wandb: updating run metadata
wandb: 
wandb: Run history:
wandb:         train/actor_loss 鈻団枅鈻団枃鈻勨杽鈻団枂鈻堚枀鈻嗏枂鈻嗏杺鈻呪杺鈻傗枀鈻勨杻鈻勨枂鈻勨杽鈻嗏杻鈻勨杻鈻勨杽鈻傗杹鈻冣杽鈻勨杽鈻傗杺鈻傗杽
wandb:           train/adv_mean 鈻傗枀鈻堚杹鈻冣杻鈻冣杽鈻冣杻鈻勨杻鈻冣杺鈻傗杹鈻冣杺鈻傗杺鈻冣杽鈻呪杻鈻冣杻鈻傗杻鈻冣杻鈻冣杽鈻傗杻鈻傗杺鈻勨杹鈻勨杺
wandb:            train/adv_std 鈻堚枂鈻呪枀鈻勨杻鈻傗枂鈻勨杽鈻冣杺鈻傗杺鈻勨杺鈻傗杺鈻傗杺鈻佲杻鈻冣杽鈻冣杺鈻佲杻鈻勨杻鈻勨杻鈻冣杺鈻傗杻鈻佲杹鈻傗杺
wandb:        train/critic_loss 鈻堚枀鈻冣杺鈻傗杺鈻冣杺鈻傗杺鈻佲杹鈻傗杹鈻佲杺鈻佲杺鈻佲杹鈻傗杺鈻冣杻鈻傗杻鈻佲杺鈻佲杹鈻佲杺鈻佲杹鈻佲杺鈻佲杹鈻佲杹
wandb:       train/entropy_loss 鈻佲杻鈻勨杻鈻勨杽鈻勨枀鈻呪枀鈻嗏枂鈻団枃鈻嗏枂鈻嗏枃鈻嗏枃鈻団枂鈻団枃鈻団枂鈻嗏枃鈻団枃鈻団枂鈻団枂鈻団枃鈻団枃鈻堚枃
wandb:     train/entropy_oracle 鈻堚枃鈻呪枀鈻勨杻鈻冣杺鈻冣杻鈻傗杺鈻傗杹鈻佲杺鈻佲杹鈻佲杹鈻佲杺鈻佲杺鈻佲杹鈻佲杹鈻佲杺鈻佲杹鈻佲杹鈻佲杹鈻佲杹鈻佲杹
wandb:      train/entropy_train 鈻堚枃鈻呪枂鈻団枀鈻呪枀鈻勨杻鈻勨杽鈻冣杻鈻勨杽鈻冣杹鈻呪杻鈻傗枀鈻勨杻鈻勨杽鈻勨杺鈻冣杻鈻冣杻鈻冣杻鈻冣杹鈻冣杻鈻佲杺
wandb: train/explained_variance 鈻佲枂鈻嗏枀鈻嗏杺鈻団枃鈻勨枀鈻団枃鈻団枂鈻呪枅鈻呪枃鈻堚枂鈻嗏枂鈻団枅鈻堚枃鈻団枃鈻堚枅鈻堚枃鈻団枅鈻勨枃鈻堚枃鈻堚枅
wandb: train/mean_return_oracle 鈻勨杹鈻嗏杽鈻呪杽鈻呪枀鈻冣杺鈻冣枀鈻佲杽鈻勨杽鈻冣枀鈻冣杽鈻団枀鈻団枅鈻冣杽鈻冣枀鈻呪枀鈻呪杺鈻嗏杹鈻冣枀鈻傗杺鈻傗杺
wandb:  train/mean_return_train 鈻団枃鈻団枂鈻団枀鈻団枅鈻冣枃鈻勨枀鈻冣杽鈻嗏枅鈻勨枀鈻勨枃鈻呪枀鈻嗏枅鈻冣枂鈻呪杽鈻傗枀鈻勨杽鈻呪枀鈻佲枀鈻傗枅鈻冣杽
wandb:                      +15 ...
wandb: 
wandb: Run summary:
wandb:         train/actor_loss 2.58471
wandb:           train/adv_mean 0.06075
wandb:            train/adv_std 0.9944
wandb:        train/critic_loss 0.49626
wandb:       train/entropy_loss -1.15662
wandb:     train/entropy_oracle 0.04953
wandb:      train/entropy_train 2.2637
wandb: train/explained_variance 0.84502
wandb: train/mean_return_oracle 1.51805
wandb:  train/mean_return_train 1.58624
wandb:                      +15 ...
wandb: 
wandb: 馃殌 View run v6_lr1e4_ow20 at: https://wandb.ai/iris-sobolmark/craftax-offline-awr/runs/boxuo01c
wandb: 猸愶笍 View project at: https://wandb.ai/iris-sobolmark/craftax-offline-awr
wandb: Synced 5 W&B file(s), 0 media file(s), 0 artifact file(s) and 0 other file(s)
wandb: Find logs at: /tmp/wandb_6986295/wandb/run-20260406_120649-boxuo01c/logs
