wandb: [wandb.login()] Loaded credentials for https://api.wandb.ai from /home/geney/.netrc.
wandb: Currently logged in as: gene-jin-yang (iris-sobolmark) to https://api.wandb.ai. Use `wandb login --relogin` to force relogin
wandb: setting up run pt1h1ecv
wandb: Tracking run with wandb version 0.24.2
wandb: Run data is saved locally in /tmp/wandb_6985587/wandb/run-20260406_100726-pt1h1ecv
wandb: Run `wandb offline` to turn off syncing.
wandb: Syncing run v5_w1024_ow10
wandb: 猸愶笍 View project at https://wandb.ai/iris-sobolmark/craftax-offline-awr
wandb: 馃殌 View run at https://wandb.ai/iris-sobolmark/craftax-offline-awr/runs/pt1h1ecv
wandb: WARNING Fatal error while uploading data. Some run data will not be synced, but it will still be written to disk. Use `wandb sync` at the end of the run to try uploading.
wandb: updating run metadata
wandb: uploading config.yaml
wandb: 
wandb: Run history:
wandb:         train/actor_loss 鈻呪枂鈻呪杽鈻勨枂鈻堚枂鈻嗏枀鈻勨枀鈻冣杽鈻呪杽鈻勨杽鈻勨杻鈻勨杻鈻勨杺鈻呪杺鈻勨杽鈻冣杽鈻勨杽鈻嗏杻鈻勨杺鈻佲杽鈻勨杻
wandb:           train/adv_mean 鈻傗枃鈻冣杹鈻団枃鈻呪杽鈻嗏杽鈻嗏杺鈻嗏枅鈻勨杻鈻勨杽鈻嗏枂鈻傗枂鈻呪枂鈻嗏杽鈻嗏枀鈻嗏枂鈻勨枀鈻嗏枂鈻勨枂鈻嗏枀鈻嗏枂
wandb:            train/adv_std 鈻堚枂鈻嗏杽鈻勨枀鈻勨杽鈻嗏杽鈻傗杺鈻傗杺鈻傗杺鈻傗杻鈻勨杹鈻傗杺鈻佲杺鈻佲杽鈻冣杺鈻冣杹鈻佲杺鈻佲杺鈻冣杻鈻傗杺鈻佲杹
wandb:        train/critic_loss 鈻堚枀鈻勨杻鈻冣杺鈻傗杻鈻傗杺鈻傗杻鈻傗杹鈻傗杹鈻佲杺鈻傗杹鈻佲杹鈻佲杻鈻佲杹鈻傗杹鈻佲杹鈻佲杹鈻佲杹鈻傗杹鈻佲杹鈻佲杹
wandb:       train/entropy_loss 鈻傗杹鈻冣杽鈻冣枀鈻嗏枀鈻嗏枂鈻嗏枂鈻団枂鈻嗏枂鈻嗏枂鈻団枀鈻団枂鈻団枃鈻嗏枃鈻団枅鈻嗏枃鈻団枂鈻団枃鈻団枃鈻団枃鈻嗏枂
wandb:     train/entropy_oracle 鈻堚枂鈻呪杽鈻冣杻鈻傗杺鈻冣杻鈻冣杻鈻傗杺鈻傗杺鈻傗杹鈻佲杺鈻傗杺鈻佲杺鈻佲杹鈻傗杺鈻佲杺鈻傗杹鈻傗杹鈻佲杹鈻傗杹鈻佲杹
wandb:      train/entropy_train 鈻堚枂鈻堚枃鈻勨枅鈻呪枂鈻団杹鈻団杻鈻傗杻鈻嗏枀鈻呪杻鈻勨杽鈻佲杻鈻佲杻鈻呪杽鈻傗杹鈻傗杺鈻勨杺鈻冣杺鈻傗杹鈻勨枀鈻傗杺
wandb: train/explained_variance 鈻佲杺鈻嗏枃鈻呪枅鈻団枃鈻団枅鈻堚枅鈻団枅鈻団枅鈻堚枅鈻団枅鈻堚枅鈻堚枅鈻堚枅鈻堚枅鈻堚枅鈻堚枅鈻堚枅鈻団枅鈻堚枅鈻堚枅
wandb: train/mean_return_oracle 鈻傗枀鈻嗏枃鈻嗏枅鈻呪杺鈻嗏杽鈻嗏枂鈻傗杻鈻団杽鈻嗏杺鈻呪枀鈻冣枂鈻佲杽鈻団枀鈻嗏枀鈻勨枀鈻勨杽鈻冣枅鈻団枀鈻冣枀鈻勨枃
wandb:  train/mean_return_train 鈻堚枀鈻嗏杺鈻傗杽鈻傗杺鈻勨枀鈻傗枂鈻勨枀鈻団枂鈻冣杹鈻勨枀鈻傗杺鈻嗏杻鈻冣杽鈻佲枀鈻冣杻鈻傗杻鈻団杽鈻呪杽鈻勨杻鈻呪杽
wandb:                      +15 ...
wandb: 
wandb: Run summary:
wandb:         train/actor_loss 2.42401
wandb:           train/adv_mean -0.04091
wandb:            train/adv_std 1.08562
wandb:        train/critic_loss 0.59013
wandb:       train/entropy_loss -1.09951
wandb:     train/entropy_oracle 0.08245
wandb:      train/entropy_train 2.11657
wandb: train/explained_variance 0.78283
wandb: train/mean_return_oracle 1.94835
wandb:  train/mean_return_train 1.48665
wandb:                      +15 ...
wandb: 
wandb: 馃殌 View run v5_w1024_ow10 at: https://wandb.ai/iris-sobolmark/craftax-offline-awr/runs/pt1h1ecv
wandb: 猸愶笍 View project at: https://wandb.ai/iris-sobolmark/craftax-offline-awr
wandb: Synced 5 W&B file(s), 0 media file(s), 0 artifact file(s) and 0 other file(s)
wandb: Find logs at: /tmp/wandb_6985587/wandb/run-20260406_100726-pt1h1ecv/logs
