wandb: [wandb.login()] Loaded credentials for https://api.wandb.ai from /home/geney/.netrc.
wandb: Currently logged in as: gene-jin-yang (iris-sobolmark) to https://api.wandb.ai. Use `wandb login --relogin` to force relogin
wandb: Tracking run with wandb version 0.24.2
wandb: Run data is saved locally in /tmp/wandb_6992406/wandb/run-20260406_213831-c63il5k7
wandb: Run `wandb offline` to turn off syncing.
wandb: Syncing run v8_lr1e4_beta5
wandb: 猸愶笍 View project at https://wandb.ai/iris-sobolmark/craftax-offline-awr
wandb: 馃殌 View run at https://wandb.ai/iris-sobolmark/craftax-offline-awr/runs/c63il5k7
wandb: updating run metadata
wandb: uploading history steps 998-999, summary, console lines 174-181
wandb: 
wandb: Run history:
wandb:         train/actor_loss 鈻堚枃鈻嗏枀鈻呪枃鈻嗏枂鈻呪枀鈻佲杺鈻嗏枂鈻冣杽鈻勨杽鈻冣枀鈻冣杺鈻勨杽鈻冣枂鈻冣杻鈻呪杺鈻冣枀鈻呪枂鈻勨杺鈻冣杺鈻傗杽
wandb:           train/adv_mean 鈻堚枀鈻傗枀鈻嗏杹鈻勨杻鈻冣枀鈻冣杽鈻傗枀鈻勨杽鈻冣杻鈻傗杽鈻勨枀鈻勨杻鈻勨杹鈻冣枀鈻呪枀鈻冣枀鈻傗枀鈻勨杽鈻勨杽鈻呪杽
wandb:            train/adv_std 鈻堚枂鈻嗏枀鈻嗏枀鈻勨杻鈻冣杺鈻勨杻鈻冣杺鈻嗏杽鈻冣杻鈻佲杽鈻冣杺鈻傗杺鈻傗杺鈻傗杺鈻傗杻鈻佲杹鈻勨杻鈻傗杹鈻呪杺鈻佲杹
wandb:        train/critic_loss 鈻堚枀鈻勨杻鈻勨杻鈻呪杻鈻傗杻鈻冣杻鈻冣杺鈻傗杺鈻傗杺鈻冣杽鈻傗杺鈻呪杻鈻冣杺鈻傗杺鈻傗杹鈻傗杹鈻傗杹鈻勨杺鈻佲杽鈻佲杹
wandb:       train/entropy_loss 鈻冣杺鈻呪杻鈻佲杽鈻冣枀鈻冣杻鈻勨杻鈻冣杻鈻勨枀鈻呪枂鈻団杽鈻勨枂鈻勨枀鈻呪杽鈻嗏枃鈻嗏枅鈻呪杽鈻嗏杻鈻呪枂鈻団枂鈻堚枃
wandb:     train/entropy_oracle 鈻堚枀鈻冣杽鈻冣杻鈻冣杻鈻冣杻鈻傗杻鈻傗杺鈻傗杺鈻傗杹鈻傗杺鈻佲杺鈻傗杹鈻傗杹鈻傗杹鈻佲杹鈻佲杺鈻佲杹鈻傗杹鈻傗杹鈻佲杹
wandb:      train/entropy_train 鈻堚枅鈻呪枀鈻嗏枀鈻冣枀鈻勨杻鈻冣杻鈻勨杻鈻勨杺鈻冣杹鈻冣杻鈻冣杺鈻勨枀鈻冣杹鈻冣杺鈻勨杺鈻佲杻鈻傗杺鈻傗杺鈻冣杺鈻冣杹
wandb: train/explained_variance 鈻佲杻鈻冣杽鈻勨枀鈻勨杺鈻傗枀鈻勨枀鈻嗏杻鈻呪枂鈻傗枃鈻嗏枃鈻呪枀鈻嗏枃鈻団枂鈻堚枅鈻嗏杽鈻堚枃鈻堚枀鈻嗏枅鈻呪枃鈻団枃
wandb: train/mean_return_oracle 鈻勨枂鈻嗏枂鈻勨枀鈻冣枀鈻嗏枀鈻勨枂鈻勨杽鈻勨枂鈻佲杽鈻勨枃鈻冣杻鈻勨杽鈻勨枅鈻冣枂鈻冣杻鈻呪枀鈻冣枀鈻勨杽鈻呪枀鈻嗏杺
wandb:  train/mean_return_train 鈻嗏枃鈻嗏枀鈻団杽鈻団枃鈻嗏杻鈻呪枂鈻呪枃鈻呪枀鈻嗏枂鈻勨杻鈻堚枂鈻傗杹鈻嗏枀鈻呪杺鈻勨枀鈻佲杻鈻勨杻鈻嗏杽鈻嗏枀鈻嗏枂
wandb:                      +18 ...
wandb: 
wandb: Run summary:
wandb:         train/actor_loss 2.38287
wandb:           train/adv_mean -0.10075
wandb:            train/adv_std 1.02677
wandb:        train/critic_loss 0.5322
wandb:       train/entropy_loss -2.10317
wandb:     train/entropy_oracle 0.07118
wandb:      train/entropy_train 2.10317
wandb: train/explained_variance 0.80003
wandb: train/mean_return_oracle 2.08949
wandb:  train/mean_return_train 1.3731
wandb:                      +18 ...
wandb: 
wandb: 馃殌 View run v8_lr1e4_beta5 at: https://wandb.ai/iris-sobolmark/craftax-offline-awr/runs/c63il5k7
wandb: 猸愶笍 View project at: https://wandb.ai/iris-sobolmark/craftax-offline-awr
wandb: Synced 5 W&B file(s), 0 media file(s), 0 artifact file(s) and 0 other file(s)
wandb: Find logs at: /tmp/wandb_6992406/wandb/run-20260406_213831-c63il5k7/logs
