wandb: [wandb.login()] Loaded credentials for https://api.wandb.ai from /home/geney/.netrc.
wandb: Currently logged in as: gene-jin-yang (iris-sobolmark) to https://api.wandb.ai. Use `wandb login --relogin` to force relogin
wandb: setting up run w8b5agxd
wandb: Tracking run with wandb version 0.24.2
wandb: Run data is saved locally in /tmp/wandb_6985581/wandb/run-20260406_100726-w8b5agxd
wandb: Run `wandb offline` to turn off syncing.
wandb: Syncing run v5_beta5_ow10
wandb: 猸愶笍 View project at https://wandb.ai/iris-sobolmark/craftax-offline-awr
wandb: 馃殌 View run at https://wandb.ai/iris-sobolmark/craftax-offline-awr/runs/w8b5agxd
wandb: updating run metadata
wandb: uploading history steps 998-999, summary, console lines 194-201
wandb: 
wandb: Run history:
wandb:         train/actor_loss 鈻堚枂鈻呪杽鈻勨杽鈻呪枂鈻呪枅鈻勨杽鈻冣枀鈻冣枀鈻冣枀鈻勨枀鈻勨杽鈻勨枀鈻勨枀鈻呪杻鈻呪杻鈻傗杻鈻冣杻鈻冣杹鈻傗杺鈻冣杽
wandb:           train/adv_mean 鈻佲枂鈻勨杽鈻呪杽鈻呪枂鈻嗏杻鈻嗏杽鈻呪枀鈻呪杽鈻勨枃鈻嗏枂鈻嗏枂鈻呪枀鈻団枅鈻勨枂鈻呪枀鈻呪杽鈻嗏杽鈻団枀鈻呪枂鈻呪杽
wandb:            train/adv_std 鈻堚杽鈻勨杽鈻勨杽鈻冣杻鈻冣枀鈻嗏杻鈻傗杽鈻勨杺鈻傗杹鈻傗杺鈻傗杺鈻冣杺鈻傗杺鈻傗杺鈻傗杺鈻冣杽鈻佲杽鈻佲杻鈻傗杹鈻傗杹
wandb:        train/critic_loss 鈻堚枀鈻冣枃鈻呪杻鈻冣杻鈻傗杺鈻佲杹鈻冣杻鈻冣杻鈻傗杺鈻勨枀鈻傗杹鈻嗏枂鈻勨杺鈻佲杺鈻佲杻鈻佲枅鈻呪杹鈻傗杹鈻傗杹鈻呪杺
wandb:       train/entropy_loss 鈻佲杺鈻佲杽鈻呪杽鈻呪枀鈻呪枀鈻呪枃鈻団枃鈻団枃鈻団枃鈻団枃鈻堚枂鈻団枃鈻団枃鈻嗏枅鈻団枅鈻団枃鈻団枅鈻嗏枂鈻堚枃鈻団枅
wandb:     train/entropy_oracle 鈻堚枅鈻呪杻鈻勨杽鈻冣杻鈻傗杺鈻傗杺鈻傗杹鈻傗杺鈻佲杺鈻傗杺鈻佲杺鈻佲杹鈻佲杹鈻傗杺鈻傗杹鈻佲杹鈻傗杹鈻佲杺鈻佲杹鈻佲杹
wandb:      train/entropy_train 鈻堚杽鈻団杽鈻嗏枀鈻嗏枀鈻呪杽鈻嗏枀鈻呪杺鈻呪枀鈻勨杺鈻嗏枀鈻冣杽鈻冣杺鈻佲枀鈻冣枀鈻勨杻鈻勨枀鈻勨杻鈻冣杺鈻冣杺鈻勨杺
wandb: train/explained_variance 鈻佲杻鈻冣杽鈻呪杻鈻呪枂鈻嗏杻鈻嗏枀鈻団枅鈻団枃鈻団枅鈻団枃鈻呪枅鈻堚枅鈻呪枅鈻堚枅鈻堚枅鈻堚枂鈻堚枀鈻堚枃鈻団枅鈻団枅
wandb: train/mean_return_oracle 鈻冣杽鈻勨杻鈻団杻鈻佲枀鈻堚杽鈻佲枂鈻嗏杻鈻団枂鈻呪杽鈻勨枀鈻冣杽鈻傗枀鈻呪杻鈻嗏杺鈻堚枂鈻堚杻鈻嗏枅鈻嗏杺鈻冣杻鈻佲杻
wandb:  train/mean_return_train 鈻冣杽鈻勨杽鈻勨杽鈻嗏杺鈻勨枀鈻冣杹鈻勨枂鈻呪枀鈻嗏枀鈻勨枃鈻冣枀鈻嗏杽鈻呪枅鈻呪杻鈻傗杻鈻勨枂鈻団杻鈻嗏枃鈻呪枀鈻呪杽
wandb:                      +15 ...
wandb: 
wandb: Run summary:
wandb:         train/actor_loss 2.57392
wandb:           train/adv_mean -0.30019
wandb:            train/adv_std 1.04019
wandb:        train/critic_loss 0.58605
wandb:       train/entropy_loss -1.11593
wandb:     train/entropy_oracle 0.08773
wandb:      train/entropy_train 2.14413
wandb: train/explained_variance 0.78206
wandb: train/mean_return_oracle 1.94835
wandb:  train/mean_return_train 1.38171
wandb:                      +15 ...
wandb: 
wandb: 馃殌 View run v5_beta5_ow10 at: https://wandb.ai/iris-sobolmark/craftax-offline-awr/runs/w8b5agxd
wandb: 猸愶笍 View project at: https://wandb.ai/iris-sobolmark/craftax-offline-awr
wandb: Synced 5 W&B file(s), 0 media file(s), 0 artifact file(s) and 0 other file(s)
wandb: Find logs at: /tmp/wandb_6985581/wandb/run-20260406_100726-w8b5agxd/logs
