wandb: [wandb.login()] Loaded credentials for https://api.wandb.ai from /home/geney/.netrc.
wandb: Currently logged in as: gene-jin-yang (iris-sobolmark) to https://api.wandb.ai. Use `wandb login --relogin` to force relogin
wandb: Tracking run with wandb version 0.24.2
wandb: Run data is saved locally in /tmp/wandb_6986296/wandb/run-20260406_120646-c8pq0ue2
wandb: Run `wandb offline` to turn off syncing.
wandb: Syncing run v6_lr1e4_ow05
wandb: 猸愶笍 View project at https://wandb.ai/iris-sobolmark/craftax-offline-awr
wandb: 馃殌 View run at https://wandb.ai/iris-sobolmark/craftax-offline-awr/runs/c8pq0ue2
wandb: updating run metadata
wandb: 
wandb: Run history:
wandb:         train/actor_loss 鈻団枅鈻呪枀鈻勨杽鈻冣枂鈻嗏杻鈻冣枂鈻勨杺鈻冣杻鈻冣杽鈻佲杽鈻冣杺鈻勨杺鈻冣杺鈻傗杽鈻傗杽鈻傗杺鈻冣杽鈻冣杺鈻佲杺鈻冣枀
wandb:           train/adv_mean 鈻団枅鈻嗏杹鈻団枀鈻勨枃鈻団杽鈻勨枀鈻勨杺鈻団杽鈻呪枀鈻勨枂鈻勨杽鈻佲杻鈻嗏杽鈻勨枂鈻冣杽鈻嗏枃鈻呪枂鈻傗枃鈻呪杻鈻嗏枀
wandb:            train/adv_std 鈻堚枃鈻呪枀鈻勨杽鈻冣杻鈻呪杽鈻傗杽鈻傗杻鈻冣枀鈻傗杽鈻団杽鈻佲杺鈻嗏枀鈻冣杻鈻傗杺鈻佲杹鈻傗枀鈻傗杺鈻佲杻鈻傗杺鈻傗杻
wandb:        train/critic_loss 鈻嗏枀鈻呪枀鈻嗏枅鈻堚枀鈻冣杻鈻呪杽鈻冣杻鈻冣枀鈻傗杺鈻嗏杻鈻傗杹鈻冣杺鈻傗杽鈻佲杹鈻佲杹鈻佲杹鈻呪杻鈻佲杹鈻団杺鈻傗杹
wandb:       train/entropy_loss 鈻佲杺鈻傗杽鈻冣杽鈻勨杽鈻勨枀鈻嗏枃鈻呪枂鈻団枃鈻団枅鈻嗏枂鈻嗏枅鈻団枃鈻堚枅鈻団枅鈻団枃鈻堚枂鈻堚枅鈻団枃鈻団枃鈻団枅
wandb:     train/entropy_oracle 鈻堚枃鈻呪杻鈻傗杻鈻冣杺鈻冣杺鈻傗杹鈻傗杹鈻佲杹鈻佲杹鈻佲杹鈻佲杹鈻傗杹鈻佲杺鈻佲杹鈻佲杹鈻佲杹鈻佲杹鈻佲杹鈻佲杹鈻佲杹
wandb:      train/entropy_train 鈻堚枂鈻嗏杽鈻呪枀鈻冣杽鈻冣杻鈻勨杻鈻冣杽鈻冣杻鈻勨杻鈻冣杻鈻冣杻鈻冣杻鈻冣杻鈻冣杽鈻冣杻鈻傗杺鈻冣杻鈻冣杻鈻傗杻鈻傗杹
wandb: train/explained_variance 鈻佲枀鈻嗏枂鈻嗏杻鈻嗏枂鈻嗏枃鈻嗏枂鈻冣枀鈻呪枅鈻冣枂鈻呪枅鈻団枅鈻堚枀鈻団枅鈻団枅鈻呪枅鈻団枅鈻呪枅鈻堚枃鈻堚杽鈻堚枃
wandb: train/mean_return_oracle 鈻佲杺鈻冣枀鈻嗏杻鈻冣枂鈻勨杽鈻呪杻鈻呪枀鈻嗏杻鈻冣枃鈻冣杽鈻堚杻鈻冣枀鈻佲枅鈻呪杽鈻呪杻鈻呪杺鈻勨枀鈻傗杽鈻冣杻鈻呪枂
wandb:  train/mean_return_train 鈻呪枅鈻堚枂鈻佲杽鈻呪杽鈻呪杻鈻冣杽鈻呪枂鈻呪杽鈻堚枀鈻冣杻鈻呪杻鈻傗杺鈻嗏杺鈻勨杺鈻佲杺鈻冣枀鈻堚枀鈻傗杻鈻嗏枀鈻団杻
wandb:                      +15 ...
wandb: 
wandb: Run summary:
wandb:         train/actor_loss 2.54465
wandb:           train/adv_mean -0.12071
wandb:            train/adv_std 0.93569
wandb:        train/critic_loss 0.44504
wandb:       train/entropy_loss -1.26846
wandb:     train/entropy_oracle 0.08425
wandb:      train/entropy_train 2.45267
wandb: train/explained_variance 0.76156
wandb: train/mean_return_oracle 1.51805
wandb:  train/mean_return_train 1.19468
wandb:                      +15 ...
wandb: 
wandb: 馃殌 View run v6_lr1e4_ow05 at: https://wandb.ai/iris-sobolmark/craftax-offline-awr/runs/c8pq0ue2
wandb: 猸愶笍 View project at: https://wandb.ai/iris-sobolmark/craftax-offline-awr
wandb: Synced 5 W&B file(s), 0 media file(s), 0 artifact file(s) and 0 other file(s)
wandb: Find logs at: /tmp/wandb_6986296/wandb/run-20260406_120646-c8pq0ue2/logs
