wandb: [wandb.login()] Loaded credentials for https://api.wandb.ai from /home/geney/.netrc.
wandb: W&B API key is configured. Use `wandb login --relogin` to force relogin
wandb: setting up run eonrizyh
wandb: Tracking run with wandb version 0.24.2
wandb: Run data is saved locally in /tmp/wandb_6990075/wandb/run-20260406_183755-eonrizyh
wandb: Run `wandb offline` to turn off syncing.
wandb: Syncing run v7_lr1e4_ow20
wandb: 猸愶笍 View project at https://wandb.ai/iris-sobolmark/craftax-offline-awr
wandb: 馃殌 View run at https://wandb.ai/iris-sobolmark/craftax-offline-awr/runs/eonrizyh
wandb: updating run metadata
wandb: uploading history steps 998-999, summary, console lines 194-201
wandb: 
wandb: Run history:
wandb:         train/actor_loss 鈻堚枅鈻団枅鈻堚枅鈻呪枅鈻団杽鈻嗏枂鈻堚杽鈻団枀鈻勨杹鈻嗏杽鈻呪枂鈻冣枂鈻冣杺鈻傗枀鈻冣枀鈻勨杻鈻嗏杽鈻呪杻鈻勨杺鈻勨杽
wandb:           train/adv_mean 鈻団杻鈻堚枀鈻傗杺鈻勨杹鈻勨枀鈻勨枀鈻勨杻鈻呪枂鈻勨杽鈻呪杻鈻呪枀鈻嗏枃鈻呪枅鈻傗枃鈻呪枀鈻勨枀鈻嗏枀鈻呪枂鈻勨枀鈻呪杽
wandb:            train/adv_std 鈻堚杽鈻団枃鈻勨杻鈻冣杻鈻団杽鈻呪杺鈻佲枀鈻勨杺鈻傗杺鈻佲杺鈻佲杺鈻佲杹鈻堚杽鈻佲杺鈻嗏杹鈻勨杺鈻傗杻鈻冣杹鈻嗏杺鈻勨杹
wandb:        train/critic_loss 鈻呪枀鈻団杻鈻冣杺鈻傗杺鈻傗杹鈻嗏杽鈻傗杺鈻傗杹鈻堚杽鈻傗杺鈻傗杺鈻傗杽鈻傗杺鈻勨杻鈻傗杺鈻勨杽鈻勨杻鈻傗杹鈻佲杽鈻傗杺
wandb:       train/entropy_loss 鈻傗杹鈻冣杻鈻勨杽鈻勨杽鈻呪杻鈻呪杽鈻嗏枀鈻呪枀鈻呪枂鈻呪枀鈻呪枂鈻嗏枂鈻嗏枀鈻呪枂鈻嗏枂鈻堚枃鈻呪枂鈻団枂鈻嗏枃鈻呪枃
wandb:     train/entropy_oracle 鈻堚枃鈻嗏枀鈻呪杽鈻勨杺鈻傗杽鈻傗杺鈻冣杺鈻傗杹鈻傗杹鈻傗杺鈻傗杺鈻傗杹鈻傗杺鈻傗杺鈻傗杺鈻佲杺鈻傗杹鈻佲杻鈻佲杺鈻佲杹
wandb:      train/entropy_train 鈻堚杻鈻冣枀鈻勨杻鈻勨枀鈻勨杽鈻勨杺鈻勨杺鈻佲杻鈻冣杻鈻冣杹鈻冣杺鈻冣杻鈻冣杺鈻傗杻鈻冣杻鈻冣杻鈻傗杺鈻佲杺鈻傗杹鈻冣杺
wandb: train/explained_variance 鈻佲杹鈻嗏枂鈻呪枂鈻団枃鈻嗏枅鈻団枂鈻堚枃鈻団枃鈻堚枃鈻団枂鈻団枂鈻団枅鈻堚枂鈻嗏枅鈻堚枅鈻堚枅鈻団枅鈻堚枃鈻堚枃鈻冣枃
wandb: train/mean_return_oracle 鈻呪枀鈻呪杺鈻団杽鈻呪枀鈻冣杺鈻勨枀鈻勨枃鈻勨杻鈻冣枀鈻呪枅鈻勨杽鈻冣杽鈻呪杺鈻呪枀鈻呪杻鈻呪枀鈻冣杽鈻勨枅鈻呪杺鈻勨杹
wandb:  train/mean_return_train 鈻団杽鈻嗏杻鈻嗏枀鈻呪枀鈻呪杻鈻嗏枃鈻佲杻鈻呪杺鈻堚枂鈻嗏杽鈻冣杻鈻嗏杺鈻勨杽鈻勨杽鈻傗杹鈻嗏杽鈻冣枀鈻冣杻鈻勨枃鈻呪杺
wandb:                      +18 ...
wandb: 
wandb: Run summary:
wandb:         train/actor_loss 2.35314
wandb:           train/adv_mean -0.26824
wandb:            train/adv_std 0.98779
wandb:        train/critic_loss 0.52384
wandb:       train/entropy_loss -1.19866
wandb:     train/entropy_oracle 0.07155
wandb:      train/entropy_train 2.32577
wandb: train/explained_variance 0.83627
wandb: train/mean_return_oracle 1.79019
wandb:  train/mean_return_train 1.37144
wandb:                      +18 ...
wandb: 
wandb: 馃殌 View run v7_lr1e4_ow20 at: https://wandb.ai/iris-sobolmark/craftax-offline-awr/runs/eonrizyh
wandb: 猸愶笍 View project at: https://wandb.ai/iris-sobolmark/craftax-offline-awr
wandb: Synced 5 W&B file(s), 0 media file(s), 0 artifact file(s) and 0 other file(s)
wandb: Find logs at: /tmp/wandb_6990075/wandb/run-20260406_183755-eonrizyh/logs
