wandb: [wandb.login()] Loaded credentials for https://api.wandb.ai from /home/geney/.netrc.
wandb: Currently logged in as: gene-jin-yang (iris-sobolmark) to https://api.wandb.ai. Use `wandb login --relogin` to force relogin
wandb: Tracking run with wandb version 0.24.2
wandb: Run data is saved locally in /tmp/wandb_6992151/wandb/run-20260406_214235-klhfaqih
wandb: Run `wandb offline` to turn off syncing.
wandb: Syncing run v8_lr3e4_ow10
wandb: 猸愶笍 View project at https://wandb.ai/iris-sobolmark/craftax-offline-awr
wandb: 馃殌 View run at https://wandb.ai/iris-sobolmark/craftax-offline-awr/runs/klhfaqih
wandb: updating run metadata
wandb: uploading history steps 998-999, summary, console lines 174-181
wandb: 
wandb: Run history:
wandb:         train/actor_loss 鈻団杽鈻呪枂鈻呪枀鈻呪枅鈻団枀鈻嗏枀鈻傗枀鈻呪杽鈻冣杻鈻佲杻鈻呪杽鈻勨杻鈻佲杽鈻傗枀鈻呪枀鈻呪杺鈻佲杻鈻勨杻鈻傗杺鈻冣杻
wandb:           train/adv_mean 鈻堚枃鈻冣杹鈻冣枀鈻嗏枂鈻冣枂鈻冣杽鈻勨枃鈻呪杽鈻呪杽鈻勨杽鈻勨枀鈻呪枀鈻勨枀鈻勨枀鈻呪杽鈻勨枀鈻勨杽鈻冣杽鈻呪枀鈻嗏杽
wandb:            train/adv_std 鈻堚杽鈻勨杽鈻勨杽鈻勨杻鈻冣杻鈻勨杻鈻傗杺鈻冣杻鈻冣杺鈻傗杺鈻冣杺鈻傗杽鈻傗杺鈻冣杺鈻傗杻鈻傗杺鈻傗杺鈻傗杻鈻傗杺鈻傗杹
wandb:        train/critic_loss 鈻堚枂鈻勨杽鈻冣杻鈻冣杻鈻冣杺鈻傗杺鈻佲杹鈻傗杹鈻佲杹鈻勨杺鈻佲杹鈻傗杹鈻佲杹鈻傗杹鈻佲杻鈻傗杹鈻佲杹鈻佲杹鈻傗杹鈻佲杹
wandb:       train/entropy_loss 鈻佲杽鈻冣杽鈻冣杽鈻嗏枀鈻勨杻鈻勨杽鈻嗏枀鈻呪枂鈻呪枀鈻呪枃鈻嗏枀鈻嗏枃鈻呪枀鈻嗏枃鈻嗏枅鈻団枂鈻呪枂鈻団枃鈻嗏枂鈻呪枀
wandb:     train/entropy_oracle 鈻堚枃鈻団杽鈻勨杽鈻勨杽鈻冣杻鈻冣杺鈻傗杻鈻傗杻鈻傗杺鈻冣杹鈻傗杺鈻傗杹鈻佲杺鈻傗杺鈻傗杹鈻佲杹鈻佲杺鈻佲杹鈻佲杺鈻傗杹
wandb:      train/entropy_train 鈻嗏枀鈻呪枀鈻勨枂鈻堚枂鈻勨杹鈻勨枂鈻冣杽鈻呪杽鈻勨杽鈻冣杻鈻冣枂鈻嗏杻鈻冣杻鈻勨杺鈻呪杺鈻勨杻鈻勨杻鈻勨杺鈻傗杻鈻傗杹
wandb: train/explained_variance 鈻佲杺鈻呪杽鈻嗏枂鈻嗏枃鈻呪枂鈻嗏枃鈻団枂鈻団枃鈻堚枅鈻団枃鈻団枀鈻嗏枃鈻団枃鈻団枃鈻堚枅鈻団枃鈻団枃鈻堚枂鈻堚枅鈻堚枅
wandb: train/mean_return_oracle 鈻傗杽鈻嗏杹鈻嗏枀鈻呪杹鈻堚杻鈻勨杽鈻勨杺鈻呪杺鈻団杻鈻冣杽鈻勨杽鈻冣枀鈻呪杽鈻呪杺鈻冣杽鈻勨杺鈻団杹鈻呪杺鈻勨杺鈻勨杽
wandb:  train/mean_return_train 鈻団杻鈻呪枅鈻勨杽鈻勨杽鈻勨枂鈻勨枂鈻呪杺鈻冣枂鈻冣枂鈻勨枃鈻勨枀鈻呪杻鈻嗏枂鈻冣杹鈻傗杻鈻冣杺鈻団枀鈻傗杽鈻呪枂鈻勨杽
wandb:                      +18 ...
wandb: 
wandb: Run summary:
wandb:         train/actor_loss 2.50291
wandb:           train/adv_mean -0.08379
wandb:            train/adv_std 1.00825
wandb:        train/critic_loss 0.5118
wandb:       train/entropy_loss -2.10941
wandb:     train/entropy_oracle 0.08041
wandb:      train/entropy_train 2.10941
wandb: train/explained_variance 0.78212
wandb: train/mean_return_oracle 2.08949
wandb:  train/mean_return_train 1.36308
wandb:                      +18 ...
wandb: 
wandb: 馃殌 View run v8_lr3e4_ow10 at: https://wandb.ai/iris-sobolmark/craftax-offline-awr/runs/klhfaqih
wandb: 猸愶笍 View project at: https://wandb.ai/iris-sobolmark/craftax-offline-awr
wandb: Synced 5 W&B file(s), 0 media file(s), 0 artifact file(s) and 0 other file(s)
wandb: Find logs at: /tmp/wandb_6992151/wandb/run-20260406_214235-klhfaqih/logs
