wandb: [wandb.login()] Loaded credentials for https://api.wandb.ai from /home/geney/.netrc.
wandb: Currently logged in as: gene-jin-yang (iris-sobolmark) to https://api.wandb.ai. Use `wandb login --relogin` to force relogin
wandb: Tracking run with wandb version 0.24.2
wandb: Run data is saved locally in /tmp/wandb_6961309/wandb/run-20260405_125916-nhau4f5v
wandb: Run `wandb offline` to turn off syncing.
wandb: Syncing run v5_baseline_ln
wandb: 猸愶笍 View project at https://wandb.ai/iris-sobolmark/craftax-offline-awr
wandb: 馃殌 View run at https://wandb.ai/iris-sobolmark/craftax-offline-awr/runs/nhau4f5v
wandb: updating run metadata
wandb: uploading output.log; uploading wandb-summary.json; uploading config.yaml
wandb: 
wandb: Run history:
wandb:         train/actor_loss 鈻堚杻鈻団枂鈻呪杽鈻嗏杻鈻呪杽鈻勨杽鈻冣杻鈻勨枂鈻傗杹鈻勨枀鈻冣杻鈻勨杺鈻冣杽鈻冣杹鈻傗枀鈻勨杽鈻呪杺鈻傗杺鈻呪枀鈻佲杽
wandb:           train/adv_mean 鈻勨杹鈻傗枀鈻呪枃鈻呪杽鈻勨枀鈻呪枀鈻堚枀鈻団枂鈻嗏枂鈻呪枂鈻呪枀鈻団枀鈻団枂鈻嗏枃鈻嗏枂鈻勨枂鈻団枂鈻団枂鈻団枃鈻勨枂
wandb:            train/adv_std 鈻堚枃鈻嗏杻鈻勨枀鈻勨杽鈻勨杽鈻冣杻鈻呪杺鈻勨枀鈻冣杻鈻冣杽鈻傗杺鈻冣杺鈻傗杺鈻傗杻鈻傗杽鈻冣杺鈻傗杻鈻傗杹鈻傗杹鈻冣杺
wandb:        train/critic_loss 鈻嗏枂鈻呪枅鈻団枀鈻嗏枀鈻勨杻鈻冣杻鈻冣杺鈻勨杻鈻勨杻鈻傗杻鈻佲杺鈻傗杺鈻冣杺鈻佲杺鈻佲杹鈻傗杹鈻佲杺鈻佲杹鈻傗杻鈻佲杺
wandb:       train/entropy_loss 鈻佲枀鈻嗏枀鈻傗枂鈻傗杻鈻佲杺鈻傗杽鈻勨杺鈻傗杻鈻傗杺鈻冣杺鈻嗏杺鈻傗杻鈻冣杺鈻傗杺鈻勨杹鈻嗏杺鈻傗杺鈻堚杺鈻勨杻鈻傗枀
wandb:     train/entropy_oracle 鈻団杽鈻堚枅鈻佲杺鈻勨枅鈻団枅鈻堚枅鈻冣枅鈻団枀鈻勨杺鈻堚杹鈻呪枅鈻団枃鈻堚枃鈻堚枀鈻堚枃鈻団枅鈻堚枅鈻堚枅鈻堚枀鈻嗏枅
wandb:      train/entropy_train 鈻堚杽鈻堚枃鈻呪枂鈻冣枀鈻勨枃鈻勨杻鈻傗枀鈻勨杽鈻冣杽鈻勨杽鈻冣杻鈻傗杻鈻佲杹鈻佲杻鈻勨杺鈻佲杹鈻佲杽鈻佲杹鈻傗杻鈻佲杻
wandb: train/explained_variance 鈻佲杻鈻冣杽鈻呪杻鈻勨杽鈻呪杽鈻嗏杽鈻勨枀鈻嗏枀鈻呪枀鈻嗏枂鈻嗏枃鈻嗏枃鈻堚枃鈻団枂鈻堚枃鈻団枅鈻嗏枃鈻団枂鈻団枂鈻団枃
wandb: train/mean_return_oracle 鈻冣杺鈻勨枂鈻冣杽鈻冣杻鈻冣杺鈻傗枀鈻冣枀鈻傗杻鈻冣枂鈻嗏杺鈻勨杻鈻団杻鈻堚杽鈻傗杹鈻傗杹鈻傗杽鈻傗杻鈻佲杻鈻傗杻鈻勨枂
wandb:  train/mean_return_train 鈻勨枅鈻嗏杻鈻嗏枀鈻勨枂鈻団杻鈻呪杺鈻嗏枀鈻勨枂鈻呪枅鈻冣枀鈻団枃鈻勨杽鈻佲杻鈻団枂鈻佲杻鈻冣枅鈻団枀鈻呪杻鈻冣枂鈻呪枃
wandb:                      +15 ...
wandb: 
wandb: Run summary:
wandb:         train/actor_loss 2.34675
wandb:           train/adv_mean 0.04587
wandb:            train/adv_std 0.87217
wandb:        train/critic_loss 0.3814
wandb:       train/entropy_loss -2.83984
wandb:     train/entropy_oracle 3.46885
wandb:      train/entropy_train 2.21082
wandb: train/explained_variance 0.88024
wandb: train/mean_return_oracle 1.41418
wandb:  train/mean_return_train 1.44598
wandb:                      +15 ...
wandb: 
wandb: 馃殌 View run v5_baseline_ln at: https://wandb.ai/iris-sobolmark/craftax-offline-awr/runs/nhau4f5v
wandb: 猸愶笍 View project at: https://wandb.ai/iris-sobolmark/craftax-offline-awr
wandb: Synced 5 W&B file(s), 0 media file(s), 0 artifact file(s) and 0 other file(s)
wandb: Find logs at: /tmp/wandb_6961309/wandb/run-20260405_125916-nhau4f5v/logs
