wandb: [wandb.login()] Loaded credentials for https://api.wandb.ai from /home/geney/.netrc.
wandb: Currently logged in as: gene-jin-yang (iris-sobolmark) to https://api.wandb.ai. Use `wandb login --relogin` to force relogin
wandb: Tracking run with wandb version 0.24.2
wandb: Run data is saved locally in /tmp/wandb_6961509/wandb/run-20260405_133230-59p7m4o3
wandb: Run `wandb offline` to turn off syncing.
wandb: Syncing run v5_baseline_noln
wandb: 猸愶笍 View project at https://wandb.ai/iris-sobolmark/craftax-offline-awr
wandb: 馃殌 View run at https://wandb.ai/iris-sobolmark/craftax-offline-awr/runs/59p7m4o3
wandb: updating run metadata
wandb: uploading history steps 998-999, summary, console lines 194-201
wandb: 
wandb: Run history:
wandb:         train/actor_loss 鈻堚枀鈻呪枀鈻勨枀鈻嗏枀鈻呪枂鈻勨枀鈻勨枀鈻呪杽鈻嗏枀鈻勨枀鈻勨杽鈻勨杽鈻冣杽鈻嗏杻鈻勨枀鈻佲枀鈻勨杽鈻勨杽鈻勨杽鈻勨杻
wandb:           train/adv_mean 鈻佲枂鈻傗枂鈻堚枂鈻冣杽鈻呪杽鈻勨枀鈻勨杻鈻冣枀鈻堚枂鈻呪杺鈻嗏枀鈻勨枀鈻勨枃鈻勨枂鈻嗏枀鈻冣杻鈻嗏枂鈻団枀鈻嗏枂鈻勨枃
wandb:            train/adv_std 鈻堚枃鈻嗏枀鈻呪杽鈻嗏枂鈻嗏枂鈻勨杽鈻呪枀鈻呪杽鈻冣枀鈻呪杽鈻冣枀鈻勨杻鈻呪杻鈻冣杻鈻勨杻鈻傗杽鈻傗杻鈻冣枀鈻勨杹鈻勨杹
wandb:        train/critic_loss 鈻堚枀鈻呪枀鈻団杽鈻呪杺鈻傗杽鈻勨杽鈻冣杽鈻勨杻鈻呪杽鈻傗杽鈻冣杺鈻傗杺鈻傗杺鈻傗杺鈻佲杹鈻傗杺鈻佲杺鈻傗杺鈻傗杹鈻傗杻
wandb:       train/entropy_loss 鈻呪枅鈻傗杹鈻呪杹鈻呪枀鈻傗杹鈻傗杹鈻傗杹鈻傗杽鈻傗枀鈻呪杹鈻傗杻鈻傗杺鈻傗杺鈻傗杹鈻佲枀鈻冣杽鈻傗杻鈻勨枀鈻傗杺鈻冣杺
wandb:     train/entropy_oracle 鈻呪杽鈻堚枅鈻冣枅鈻勨枅鈻佲枅鈻団枅鈻堚枀鈻傗杻鈻嗏杹鈻勨枃鈻傗枃鈻団枂鈻堚枅鈻佲枅鈻堚杽鈻傗枅鈻嗏枅鈻団枀鈻団枂鈻団枃
wandb:      train/entropy_train 鈻団枃鈻堚枅鈻団杽鈻嗏枂鈻傗杽鈻冣杻鈻冣杻鈻傗杽鈻勨杺鈻呪杺鈻傗杹鈻勨杺鈻勨杽鈻佲杽鈻冣杻鈻冣枂鈻冣杻鈻佲枀鈻佲杺鈻冣杽
wandb: train/explained_variance 鈻呪杻鈻勨杻鈻冣枀鈻嗏枀鈻冣枀鈻冣枀鈻嗏枀鈻佲杽鈻呪枀鈻団枂鈻嗏枃鈻勨枃鈻嗏枀鈻呪枀鈻嗏枀鈻団枂鈻呪枃鈻団枃鈻嗏枅鈻団枃
wandb: train/mean_return_oracle 鈻傗杻鈻冣杻鈻勨杻鈻傗杻鈻傗杺鈻傗杹鈻傗杺鈻佲杺鈻佲杺鈻傗杽鈻呪杺鈻傗杺鈻傗杻鈻冣枀鈻傗杻鈻傗杺鈻佲杺鈻傗杽鈻傗枅鈻傗杹
wandb:  train/mean_return_train 鈻嗏枃鈻堚枀鈻団枀鈻冣枂鈻堚杽鈻勨杻鈻傗枂鈻冣杻鈻嗏枀鈻冣杽鈻嗏枀鈻嗏杻鈻傗枀鈻嗏杹鈻勨杽鈻呪杽鈻佲杺鈻勨杽鈻嗏杺鈻冣枃
wandb:                      +15 ...
wandb: 
wandb: Run summary:
wandb:         train/actor_loss 2.57074
wandb:           train/adv_mean -0.26081
wandb:            train/adv_std 1.17916
wandb:        train/critic_loss 0.72922
wandb:       train/entropy_loss -2.88301
wandb:     train/entropy_oracle 3.49213
wandb:      train/entropy_train 2.2739
wandb: train/explained_variance 0.67883
wandb: train/mean_return_oracle 1.41418
wandb:  train/mean_return_train 1.37613
wandb:                      +15 ...
wandb: 
wandb: 馃殌 View run v5_baseline_noln at: https://wandb.ai/iris-sobolmark/craftax-offline-awr/runs/59p7m4o3
wandb: 猸愶笍 View project at: https://wandb.ai/iris-sobolmark/craftax-offline-awr
wandb: Synced 5 W&B file(s), 0 media file(s), 0 artifact file(s) and 0 other file(s)
wandb: Find logs at: /tmp/wandb_6961509/wandb/run-20260405_133230-59p7m4o3/logs
