wandb: [wandb.login()] Loaded credentials for https://api.wandb.ai from /home/geney/.netrc.
wandb: Currently logged in as: gene-jin-yang (iris-sobolmark) to https://api.wandb.ai. Use `wandb login --relogin` to force relogin
wandb: setting up run kxthb4q6
wandb: Tracking run with wandb version 0.24.2
wandb: Run data is saved locally in /tmp/wandb_6992405/wandb/run-20260406_213859-kxthb4q6
wandb: Run `wandb offline` to turn off syncing.
wandb: Syncing run v8_lr1e4_ow05
wandb: 猸愶笍 View project at https://wandb.ai/iris-sobolmark/craftax-offline-awr
wandb: 馃殌 View run at https://wandb.ai/iris-sobolmark/craftax-offline-awr/runs/kxthb4q6
wandb: updating run metadata
wandb: uploading history steps 998-999, summary, console lines 174-181
wandb: 
wandb: Run history:
wandb:         train/actor_loss 鈻団枅鈻勨枀鈻勨杻鈻嗏枂鈻呪杻鈻傗枂鈻佲杺鈻呪杽鈻嗏枀鈻呪杽鈻勨杽鈻勨杻鈻呪杻鈻勨杽鈻冣杽鈻冣杻鈻冣杻鈻傗杺鈻冣杺鈻佲杻
wandb:           train/adv_mean 鈻冣枀鈻傗枀鈻呪枀鈻冣枃鈻堚杽鈻呪杻鈻勨杺鈻勨杺鈻呪杻鈻冣枀鈻嗏杽鈻呪杽鈻傗杹鈻冣杽鈻冣枀鈻冣杺鈻冣杺鈻勨杻鈻勨杻鈻勨杻
wandb:            train/adv_std 鈻堚枃鈻嗏枀鈻呪杻鈻勨杽鈻勨杻鈻冣杺鈻冣杽鈻冣枂鈻傗杺鈻冣杺鈻嗏枂鈻冣杺鈻呪杽鈻勨杻鈻傗杽鈻冣杺鈻傗杽鈻冣杺鈻傗杽鈻傗杹
wandb:        train/critic_loss 鈻堚枀鈻呪杽鈻勨杻鈻勨杽鈻勨杽鈻冣杺鈻傗杺鈻冣杺鈻傗杺鈻勨杻鈻傗杺鈻傗杺鈻冣杺鈻勨杽鈻呪杺鈻冣杺鈻傗杺鈻佲杽鈻傗杻鈻佲杹
wandb:       train/entropy_loss 鈻佲杻鈻勨杺鈻呪杽鈻冣杽鈻呪枀鈻勨枂鈻呪枂鈻嗏枂鈻堚枂鈻呪杽鈻団枂鈻団枀鈻団枀鈻団枀鈻団枂鈻嗏枂鈻呪枃鈻嗏枃鈻嗏枅鈻団枂
wandb:     train/entropy_oracle 鈻堚枃鈻団枂鈻呪枀鈻勨杻鈻勨枀鈻冣杻鈻冣杻鈻傗杻鈻傗杺鈻傗杺鈻傗杹鈻傗杺鈻傗杺鈻佲杺鈻傗杹鈻佲杺鈻佲杺鈻佲杺鈻佲杺鈻傗杺
wandb:      train/entropy_train 鈻堚杽鈻勨杻鈻勨杽鈻勨杽鈻勨杻鈻傗杻鈻勨杽鈻勨杻鈻傗杺鈻冣杺鈻傗杻鈻冣杻鈻佲杺鈻傗杺鈻傗杺鈻傗杺鈻冣杺鈻佲杺鈻傗杻鈻傗杻
wandb: train/explained_variance 鈻佲枀鈻呪枀鈻嗏枂鈻嗏枂鈻嗏枃鈻嗏枂鈻団枃鈻堚枃鈻堚枂鈻団枃鈻団枂鈻団枅鈻団枃鈻堚枃鈻団枀鈻団枃鈻堚枅鈻堚枅鈻嗏枅鈻堚枅
wandb: train/mean_return_oracle 鈻勨杽鈻嗏杽鈻勨杺鈻堚枀鈻呪枀鈻呪杻鈻勨枀鈻冣杻鈻冣枃鈻冣枀鈻冣枀鈻勨枅鈻傗杽鈻呪杽鈻勨枀鈻勨杽鈻呪杹鈻冣枃鈻傗杻鈻勨枂
wandb:  train/mean_return_train 鈻嗏杻鈻冣枀鈻冣杽鈻冣枅鈻冣枃鈻勨杹鈻嗏枂鈻呪枀鈻嗏杽鈻勨枀鈻冣杽鈻呪杺鈻勨杽鈻勨杽鈻冣杻鈻冣杹鈻冣杻鈻呪枀鈻傗杺鈻傗枂
wandb:                      +18 ...
wandb: 
wandb: Run summary:
wandb:         train/actor_loss 2.56516
wandb:           train/adv_mean -0.07144
wandb:            train/adv_std 0.90778
wandb:        train/critic_loss 0.41459
wandb:       train/entropy_loss -2.25666
wandb:     train/entropy_oracle 0.10038
wandb:      train/entropy_train 2.25666
wandb: train/explained_variance 0.77916
wandb: train/mean_return_oracle 2.08949
wandb:  train/mean_return_train 1.14251
wandb:                      +18 ...
wandb: 
wandb: 馃殌 View run v8_lr1e4_ow05 at: https://wandb.ai/iris-sobolmark/craftax-offline-awr/runs/kxthb4q6
wandb: 猸愶笍 View project at: https://wandb.ai/iris-sobolmark/craftax-offline-awr
wandb: Synced 5 W&B file(s), 0 media file(s), 0 artifact file(s) and 0 other file(s)
wandb: Find logs at: /tmp/wandb_6992405/wandb/run-20260406_213859-kxthb4q6/logs
