wandb: [wandb.login()] Loaded credentials for https://api.wandb.ai from /home/geney/.netrc.
wandb: Currently logged in as: gene-jin-yang (iris-sobolmark) to https://api.wandb.ai. Use `wandb login --relogin` to force relogin
wandb: Tracking run with wandb version 0.24.2
wandb: Run data is saved locally in /tmp/wandb_6985590/wandb/run-20260406_100806-ayjil8ja
wandb: Run `wandb offline` to turn off syncing.
wandb: Syncing run v5_d01_ow10
wandb: 猸愶笍 View project at https://wandb.ai/iris-sobolmark/craftax-offline-awr
wandb: 馃殌 View run at https://wandb.ai/iris-sobolmark/craftax-offline-awr/runs/ayjil8ja
wandb: updating run metadata
wandb: uploading history steps 998-999, summary, console lines 194-201
wandb: 
wandb: Run history:
wandb:         train/actor_loss 鈻堚枀鈻嗏杽鈻呪枃鈻呪枀鈻冣杻鈻勨杽鈻勨杺鈻呪枃鈻呪枂鈻勨杽鈻佲枀鈻呪杻鈻勨枀鈻冣杹鈻傗枀鈻傗杽鈻冣杽鈻勨杽鈻冣杺鈻傗杽
wandb:           train/adv_mean 鈻冣杽鈻佲枀鈻佲杻鈻団枂鈻呪枀鈻団枅鈻嗏杽鈻団杻鈻団杽鈻呪枅鈻嗏枀鈻堚枂鈻団枂鈻団枂鈻嗏枀鈻呪枀鈻団枀鈻団枂鈻団枂鈻団枃
wandb:            train/adv_std 鈻堚枃鈻勨枀鈻嗏杻鈻勨杽鈻傗枀鈻勨杺鈻勨杻鈻嗏杺鈻冣杽鈻勨杺鈻傗杽鈻冣杻鈻勨杻鈻佲杺鈻佲杺鈻佲杽鈻冣杺鈻勨杹鈻傗杺鈻佲杺
wandb:        train/critic_loss 鈻団枅鈻呪枂鈻嗏枂鈻勨枀鈻冣杽鈻傗杻鈻勨枀鈻冣杽鈻傗枃鈻冣杺鈻佲杽鈻傗杺鈻傗杻鈻傗杹鈻呪杺鈻傗杺鈻傗杻鈻傗杺鈻佲杹鈻嗏杺
wandb:       train/entropy_loss 鈻佲杺鈻勨杽鈻呪杽鈻勨枀鈻嗏枂鈻嗏枂鈻嗏枂鈻嗏枃鈻嗏枃鈻嗏枃鈻堚枃鈻団枃鈻団枃鈻団枃鈻団枃鈻団枃鈻団枃鈻嗏枃鈻団枃鈻堚枃
wandb:     train/entropy_oracle 鈻堚枀鈻呪杽鈻冣杻鈻冣杺鈻冣杻鈻傗杻鈻冣杻鈻傗杺鈻傗杻鈻冣杺鈻佲杺鈻佲杺鈻傗杺鈻佲杺鈻傗杺鈻佲杹鈻傗杹鈻佲杹鈻佲杹鈻佲杹
wandb:      train/entropy_train 鈻堚枀鈻呪枂鈻勨杺鈻呪杻鈻傗杺鈻呪杻鈻傗杽鈻勨杹鈻傗杻鈻勨杽鈻冣杻鈻勨杹鈻傗杺鈻佲杺鈻冣杻鈻傗杺鈻傗杻鈻冣杺鈻佲杺鈻冣杽
wandb: train/explained_variance 鈻佲杻鈻勨杽鈻佲杽鈻冣枀鈻嗏杻鈻呪杽鈻呪枀鈻勨枀鈻勨枂鈻嗏枂鈻勨枃鈻団枂鈻勨枂鈻嗏枃鈻団枅鈻嗏枃鈻団枂鈻団枅鈻団枀鈻団枃
wandb: train/mean_return_oracle 鈻勨杻鈻冣杺鈻佲枀鈻冣杻鈻勨枂鈻勨杺鈻冣杻鈻冣枀鈻傗杽鈻傗枀鈻勨枂鈻嗏枀鈻傗枀鈻傗枂鈻団杻鈻佲杽鈻堚杻鈻呪杽鈻勨杻鈻冣杻
wandb:  train/mean_return_train 鈻団枀鈻勨枂鈻冣杻鈻呪杽鈻傗枀鈻嗏枅鈻勨杻鈻勨杽鈻嗏杽鈻勨枀鈻勨枀鈻勨杻鈻冣杹鈻冣杽鈻傗杻鈻勨杻鈻勨杽鈻堚枂鈻呪枀鈻佲枃
wandb:                      +15 ...
wandb: 
wandb: Run summary:
wandb:         train/actor_loss 2.79538
wandb:           train/adv_mean 0.05551
wandb:            train/adv_std 1.01853
wandb:        train/critic_loss 0.52024
wandb:       train/entropy_loss -1.28155
wandb:     train/entropy_oracle 0.11298
wandb:      train/entropy_train 2.45012
wandb: train/explained_variance 0.79075
wandb: train/mean_return_oracle 1.94835
wandb:  train/mean_return_train 1.40754
wandb:                      +15 ...
wandb: 
wandb: 馃殌 View run v5_d01_ow10 at: https://wandb.ai/iris-sobolmark/craftax-offline-awr/runs/ayjil8ja
wandb: 猸愶笍 View project at: https://wandb.ai/iris-sobolmark/craftax-offline-awr
wandb: Synced 5 W&B file(s), 0 media file(s), 0 artifact file(s) and 0 other file(s)
wandb: Find logs at: /tmp/wandb_6985590/wandb/run-20260406_100806-ayjil8ja/logs
