wandb: [wandb.login()] Loaded credentials for https://api.wandb.ai from /home/geney/.netrc.
wandb: Currently logged in as: gene-jin-yang (iris-sobolmark) to https://api.wandb.ai. Use `wandb login --relogin` to force relogin
wandb: Tracking run with wandb version 0.24.2
wandb: Run data is saved locally in /tmp/wandb_6986193/wandb/run-20260406_120820-lyfslpqv
wandb: Run `wandb offline` to turn off syncing.
wandb: Syncing run v6_lr3e4_ow10
wandb: 猸愶笍 View project at https://wandb.ai/iris-sobolmark/craftax-offline-awr
wandb: 馃殌 View run at https://wandb.ai/iris-sobolmark/craftax-offline-awr/runs/lyfslpqv
wandb: updating run metadata
wandb: uploading history steps 998-999, summary, console lines 194-201
wandb: 
wandb: Run history:
wandb:         train/actor_loss 鈻嗏枃鈻団枀鈻呪枃鈻団枂鈻呪枅鈻呪枂鈻勨枃鈻呪枃鈻呪杻鈻呪枀鈻呪杽鈻嗏枀鈻冣枀鈻勨枀鈻勨杽鈻冣杺鈻佲杻鈻傗杻鈻嗏枂鈻勨枀
wandb:           train/adv_mean 鈻佲枃鈻勨杹鈻堚枂鈻呪枃鈻堚枃鈻団枃鈻堚杽鈻呪枂鈻勨枃鈻嗏枀鈻団枂鈻呪枀鈻嗏枂鈻呪枂鈻呪枂鈻呪枀鈻団枀鈻嗏枀鈻団枃鈻呪枀
wandb:            train/adv_std 鈻堚枂鈻団枀鈻嗏枀鈻勨枀鈻冣枀鈻傗杺鈻冣杺鈻呪杻鈻冣杻鈻傗杺鈻傗杽鈻佲杹鈻佲枂鈻傗杹鈻冣杺鈻傗杻鈻傗杺鈻傗杽鈻傗杺鈻団杹
wandb:        train/critic_loss 鈻堚枅鈻勨杻鈻傗杺鈻冣杺鈻傗杺鈻冣杺鈻傗杺鈻佲杹鈻佲杻鈻傗杹鈻佲杹鈻佲杹鈻佲杹鈻佲杹鈻佲杹鈻佲杺鈻佲杹鈻佲杺鈻佲杹鈻傗杹
wandb:       train/entropy_loss 鈻佲枀鈻呪枀鈻呪枃鈻嗏枃鈻団枃鈻堚枃鈻団枅鈻団枃鈻堚枅鈻団枅鈻団枅鈻団枃鈻堚枅鈻団枅鈻団枅鈻堚枅鈻団枅鈻堚枃鈻団枅鈻団枅
wandb:     train/entropy_oracle 鈻嗏枅鈻勨杽鈻冣杻鈻傗杺鈻傗杺鈻佲杺鈻佲杹鈻佲杺鈻佲杺鈻傗杺鈻傗杹鈻佲杹鈻佲杹鈻傗杺鈻佲杺鈻佲杹鈻佲杹鈻佲杺鈻佲杹鈻佲杹
wandb:      train/entropy_train 鈻呪杽鈻嗏枀鈻勨枀鈻嗏杽鈻呪枅鈻呪杻鈻冣杽鈻勨杻鈻佲杽鈻傗枃鈻勨杻鈻呪杽鈻傗杻鈻冣杽鈻冣杻鈻勨杻鈻傗杽鈻冣杹鈻冣杻鈻冣杻
wandb: train/explained_variance 鈻佲枀鈻団枂鈻嗏枂鈻嗏枃鈻団枂鈻堚枅鈻嗏枃鈻嗏枃鈻堚枅鈻団枃鈻団枃鈻堚枅鈻団枅鈻堚枃鈻団枅鈻冣枅鈻団枅鈻堚枃鈻堚枂鈻団枅
wandb: train/mean_return_oracle 鈻嗏枀鈻嗏杻鈻冣杽鈻佲杽鈻呪杺鈻呪枂鈻嗏枀鈻勨枀鈻勨枂鈻勨枀鈻傗杽鈻団杽鈻冣杺鈻呪枅鈻呪杺鈻呪枀鈻佲杽鈻冣杹鈻呪枀鈻呪杽
wandb:  train/mean_return_train 鈻呪枀鈻団杻鈻呪枀鈻呪枀鈻勨枂鈻呪枃鈻嗏枂鈻勨杽鈻勨枅鈻呪枀鈻呪枂鈻嗏杻鈻呪杹鈻勨枃鈻呪杽鈻冣枂鈻呪枀鈻呪枂鈻堚枀鈻呪枀
wandb:                      +15 ...
wandb: 
wandb: Run summary:
wandb:         train/actor_loss 2.42879
wandb:           train/adv_mean 0.01379
wandb:            train/adv_std 0.93758
wandb:        train/critic_loss 0.43963
wandb:       train/entropy_loss -1.1532
wandb:     train/entropy_oracle 0.02427
wandb:      train/entropy_train 2.28213
wandb: train/explained_variance 0.83586
wandb: train/mean_return_oracle 1.51805
wandb:  train/mean_return_train 1.41125
wandb:                      +15 ...
wandb: 
wandb: 馃殌 View run v6_lr3e4_ow10 at: https://wandb.ai/iris-sobolmark/craftax-offline-awr/runs/lyfslpqv
wandb: 猸愶笍 View project at: https://wandb.ai/iris-sobolmark/craftax-offline-awr
wandb: Synced 5 W&B file(s), 0 media file(s), 0 artifact file(s) and 0 other file(s)
wandb: Find logs at: /tmp/wandb_6986193/wandb/run-20260406_120820-lyfslpqv/logs
