wandb: [wandb.login()] Loaded credentials for https://api.wandb.ai from /home/geney/.netrc.
wandb: Currently logged in as: gene-jin-yang (iris-sobolmark) to https://api.wandb.ai. Use `wandb login --relogin` to force relogin
wandb: setting up run ko52geup
wandb: Tracking run with wandb version 0.24.2
wandb: Run data is saved locally in /tmp/wandb_6990074/wandb/run-20260406_183745-ko52geup
wandb: Run `wandb offline` to turn off syncing.
wandb: Syncing run v7_lr1e4_ow10
wandb: 猸愶笍 View project at https://wandb.ai/iris-sobolmark/craftax-offline-awr
wandb: 馃殌 View run at https://wandb.ai/iris-sobolmark/craftax-offline-awr/runs/ko52geup
wandb: updating run metadata
wandb: uploading history steps 998-999, summary, console lines 194-201
wandb: 
wandb: Run history:
wandb:         train/actor_loss 鈻堚枃鈻団杽鈻呪枀鈻勨枂鈻勨枂鈻嗏枀鈻勨杽鈻呪杽鈻勨杺鈻勨杻鈻勨杻鈻嗏杻鈻傗杹鈻嗏杺鈻呪杽鈻勨杺鈻傗枀鈻勨杻鈻勨杺鈻呪杽
wandb:           train/adv_mean 鈻佲枂鈻団杽鈻佲枃鈻傗杽鈻嗏枅鈻勨杻鈻呪杻鈻団枃鈻勨枃鈻団枀鈻傗杽鈻呪枂鈻勨杻鈻勨枃鈻嗏枀鈻勨枂鈻呪枀鈻呪枀鈻呪杻鈻呪枀
wandb:            train/adv_std 鈻堚枂鈻呪杽鈻冣杻鈻呪杽鈻勨杺鈻傗杻鈻勨杺鈻傗杹鈻傗杻鈻勨杺鈻冣杺鈻佲杹鈻傗杻鈻佲杺鈻傗杺鈻佲杻鈻傗杹鈻佲杺鈻傗杺鈻佲杺
wandb:        train/critic_loss 鈻堚枀鈻勨杽鈻傗杽鈻冣杺鈻傗杺鈻佲杺鈻冣杺鈻傗杹鈻佲杹鈻傗杹鈻傗杹鈻傗杺鈻佲杹鈻佲杹鈻佲杹鈻佲杹鈻佲杺鈻佲杹鈻佲杹鈻傗杺
wandb:       train/entropy_loss 鈻佲枀鈻冣杽鈻嗏枃鈻嗏枂鈻団枃鈻嗏枃鈻団枃鈻団枅鈻団枃鈻団枃鈻団枃鈻団枃鈻団枃鈻団枃鈻堚枃鈻団枃鈻堚枃鈻堚枅鈻堚枅鈻堚枅
wandb:     train/entropy_oracle 鈻堚枂鈻勨枀鈻冣杻鈻傗杺鈻傗杺鈻傗杺鈻佲杹鈻佲杹鈻佲杺鈻佲杺鈻佲杹鈻佲杹鈻佲杺鈻傗杺鈻佲杹鈻佲杹鈻佲杹鈻佲杹鈻佲杹鈻佲杹
wandb:      train/entropy_train 鈻堚枀鈻呪枀鈻堚枂鈻団枃鈻勨杻鈻呪枀鈻勨杽鈻佲杺鈻勨杻鈻冣杻鈻嗏杽鈻傗杻鈻呪杻鈻傗杹鈻勨杺鈻傗杻鈻冣杹鈻冣枀鈻傗杻鈻勨杻
wandb: train/explained_variance 鈻傗杹鈻呪杻鈻冣枀鈻冣枀鈻嗏枃鈻団枂鈻嗏枃鈻呪枃鈻団枅鈻嗏枃鈻団枅鈻堚枃鈻堚枅鈻堚枂鈻団枅鈻堚枅鈻堚枅鈻団枅鈻堚枂鈻団枅
wandb: train/mean_return_oracle 鈻勨杺鈻堚枅鈻傗杺鈻呪枂鈻呪枀鈻嗏枀鈻傗枃鈻嗏枂鈻嗏枂鈻嗏杽鈻佲杺鈻勨枀鈻呪枃鈻勨枀鈻勨杽鈻勨枂鈻堚杻鈻勨杽鈻冣枂鈻冣枀
wandb:  train/mean_return_train 鈻呪枃鈻嗏杽鈻勨杻鈻勨杻鈻勨杻鈻佲杽鈻呪枂鈻呪杻鈻団枀鈻傗杽鈻冣杽鈻佲枀鈻嗏枂鈻傗杺鈻冣杻鈻佲杽鈻冣杻鈻嗏枃鈻堚枀鈻嗏杺
wandb:                      +18 ...
wandb: 
wandb: Run summary:
wandb:         train/actor_loss 2.45241
wandb:           train/adv_mean 0.02181
wandb:            train/adv_std 1.09046
wandb:        train/critic_loss 0.59478
wandb:       train/entropy_loss -1.20336
wandb:     train/entropy_oracle 0.09315
wandb:      train/entropy_train 2.31356
wandb: train/explained_variance 0.82245
wandb: train/mean_return_oracle 1.79019
wandb:  train/mean_return_train 1.56329
wandb:                      +18 ...
wandb: 
wandb: 馃殌 View run v7_lr1e4_ow10 at: https://wandb.ai/iris-sobolmark/craftax-offline-awr/runs/ko52geup
wandb: 猸愶笍 View project at: https://wandb.ai/iris-sobolmark/craftax-offline-awr
wandb: Synced 5 W&B file(s), 0 media file(s), 0 artifact file(s) and 0 other file(s)
wandb: Find logs at: /tmp/wandb_6990074/wandb/run-20260406_183745-ko52geup/logs
