wandb: [wandb.login()] Loaded credentials for https://api.wandb.ai from /home/geney/.netrc.
wandb: Currently logged in as: gene-jin-yang (iris-sobolmark) to https://api.wandb.ai. Use `wandb login --relogin` to force relogin
wandb: Tracking run with wandb version 0.24.2
wandb: Run data is saved locally in /tmp/wandb_6985591/wandb/run-20260406_100806-mria3ls0
wandb: Run `wandb offline` to turn off syncing.
wandb: Syncing run v5_ow20
wandb: 猸愶笍 View project at https://wandb.ai/iris-sobolmark/craftax-offline-awr
wandb: 馃殌 View run at https://wandb.ai/iris-sobolmark/craftax-offline-awr/runs/mria3ls0
wandb: updating run metadata
wandb: uploading history steps 999-999, summary, console lines 196-201
wandb: 
wandb: Run history:
wandb:         train/actor_loss 鈻堚枀鈻嗏杺鈻勨杽鈻冣杻鈻冣杻鈻勨杽鈻勨杽鈻傗杽鈻冣杺鈻冣杽鈻傗杻鈻冣杻鈻冣杺鈻冣杺鈻冣杺鈻冣杻鈻傗杻鈻冣杹鈻勨杹鈻冣杻
wandb:           train/adv_mean 鈻堚杻鈻団枂鈻呪枀鈻団杽鈻佲杻鈻呪杺鈻勨枂鈻佲枀鈻呪杽鈻勨杽鈻嗏枀鈻勨杻鈻嗏枀鈻嗏杻鈻呪杹鈻堚枅鈻嗏杽鈻冣杽鈻嗏杻鈻呪杽
wandb:            train/adv_std 鈻嗏枂鈻呪枂鈻団杽鈻勨杺鈻呪杽鈻傗枂鈻勨杻鈻冣杺鈻嗏杽鈻勨杹鈻傗杹鈻勨杺鈻呪杺鈻佲杺鈻嗏杺鈻勨杺鈻冣杹鈻佲杺鈻嗏杻鈻冣枅
wandb:        train/critic_loss 鈻団杽鈻冣杻鈻団杻鈻堚杺鈻傗杺鈻呪枀鈻傗枀鈻傗杽鈻傗杺鈻傗杽鈻冣杺鈻傗杹鈻勨杹鈻冣杹鈻佲杽鈻傗杺鈻傗杺鈻傗杺鈻傗枂鈻呪枃
wandb:       train/entropy_loss 鈻佲杻鈻勨杽鈻嗏枂鈻嗏枃鈻嗏枂鈻団枃鈻団枅鈻団枃鈻団枅鈻団枃鈻団枃鈻団枅鈻団枅鈻団枃鈻団枃鈻堚枅鈻堚枅鈻団枃鈻団枅鈻堚枅
wandb:     train/entropy_oracle 鈻堚枀鈻嗏杽鈻勨杽鈻傗杺鈻冣杻鈻冣杹鈻傗杺鈻傗杺鈻傗杺鈻傗杹鈻佲杺鈻佲杹鈻冣杹鈻佲杹鈻佲杺鈻佲杹鈻佲杹鈻佲杹鈻佲杹鈻佲杹
wandb:      train/entropy_train 鈻堚枀鈻勨杽鈻冣杻鈻冣杻鈻傗杻鈻冣杽鈻冣杻鈻冣杺鈻傗杽鈻傗杻鈻冣杻鈻傗杺鈻傗杻鈻冣杺鈻傗杺鈻傗杺鈻勨杹鈻傗杺鈻冣杹鈻傗杺
wandb: train/explained_variance 鈻佲杺鈻団枂鈻団枃鈻呪枀鈻団枂鈻嗏枃鈻堚枂鈻嗏枃鈻堚枃鈻堚枂鈻団枅鈻堚枅鈻呪枂鈻堚枀鈻堚枅鈻団枃鈻堚枂鈻団枃鈻団枃鈻団枃
wandb: train/mean_return_oracle 鈻冣杻鈻勨枀鈻勨枀鈻嗏杹鈻呪杽鈻冣杽鈻勨杽鈻堚杻鈻冣杽鈻傗枀鈻勨杺鈻傗枀鈻堚杻鈻勨杽鈻冣枂鈻勨杽鈻冣杻鈻勨枀鈻勨枀鈻冣枀
wandb:  train/mean_return_train 鈻団杽鈻呪枅鈻呪枀鈻冣杽鈻呪杽鈻佲杽鈻勨杻鈻堚杽鈻勨杽鈻傗杽鈻嗏枀鈻勨杽鈻勨杽鈻勨杻鈻冣杺鈻冣杽鈻呪杽鈻冣枀鈻嗏杹鈻勨杽
wandb:                      +15 ...
wandb: 
wandb: Run summary:
wandb:         train/actor_loss 2.53057
wandb:           train/adv_mean 0.07901
wandb:            train/adv_std 0.98079
wandb:        train/critic_loss 0.48409
wandb:       train/entropy_loss -1.23983
wandb:     train/entropy_oracle 0.08482
wandb:      train/entropy_train 2.39484
wandb: train/explained_variance 0.81368
wandb: train/mean_return_oracle 1.94835
wandb:  train/mean_return_train 1.32952
wandb:                      +15 ...
wandb: 
wandb: 馃殌 View run v5_ow20 at: https://wandb.ai/iris-sobolmark/craftax-offline-awr/runs/mria3ls0
wandb: 猸愶笍 View project at: https://wandb.ai/iris-sobolmark/craftax-offline-awr
wandb: Synced 5 W&B file(s), 0 media file(s), 0 artifact file(s) and 0 other file(s)
wandb: Find logs at: /tmp/wandb_6985591/wandb/run-20260406_100806-mria3ls0/logs
