wandb: [wandb.login()] Loaded credentials for https://api.wandb.ai from /home/geney/.netrc.
wandb: Currently logged in as: gene-jin-yang (iris-sobolmark) to https://api.wandb.ai. Use `wandb login --relogin` to force relogin
wandb: Tracking run with wandb version 0.24.2
wandb: Run data is saved locally in /tmp/wandb_6992176/wandb/run-20260406_212800-n2xizorf
wandb: Run `wandb offline` to turn off syncing.
wandb: Syncing run v8_lr1e4_ow10
wandb: 猸愶笍 View project at https://wandb.ai/iris-sobolmark/craftax-offline-awr
wandb: 馃殌 View run at https://wandb.ai/iris-sobolmark/craftax-offline-awr/runs/n2xizorf
wandb: updating run metadata
wandb: uploading history steps 998-999, summary, console lines 174-181
wandb: 
wandb: Run history:
wandb:         train/actor_loss 鈻呪杽鈻堚枀鈻勨枀鈻勨杺鈻嗏杽鈻冣杽鈻佲杽鈻勨杻鈻傗杺鈻勨杻鈻傗杽鈻冣杺鈻佲杽鈻冣杽鈻冣杻鈻傗杻鈻冣杻鈻勨杺鈻勨杺鈻勨杺
wandb:           train/adv_mean 鈻傗枃鈻佲杻鈻佲枃鈻団杻鈻冣枅鈻呪枀鈻呪枀鈻呪枀鈻勨杹鈻団枀鈻勨枀鈻嗏枀鈻勨杻鈻呪枂鈻嗏杽鈻冣枀鈻呪枀鈻嗏枂鈻呪杽鈻呪枀
wandb:            train/adv_std 鈻堚枅鈻呪杽鈻嗏枂鈻嗏枂鈻嗏枀鈻勨枃鈻勨杻鈻冣枂鈻勨杻鈻傗枂鈻傗杽鈻冣杽鈻勨杺鈻傗杺鈻呪枀鈻傗杺鈻傗杻鈻冣杻鈻傗杽鈻傗杹
wandb:        train/critic_loss 鈻堚枀鈻呪枂鈻勨杽鈻呪杽鈻冣杽鈻団枃鈻呪杽鈻冣枀鈻勨杻鈻傗杺鈻嗏杽鈻勨杺鈻団杺鈻傗杺鈻勨杺鈻傗杺鈻呪杺鈻冣杺鈻傗杻鈻傗杹
wandb:       train/entropy_loss 鈻傗杻鈻勨杽鈻佲杻鈻傗枂鈻勨枀鈻勨杽鈻勨枀鈻勨枀鈻嗏枀鈻勨杽鈻嗏枀鈻呪枃鈻勨枀鈻堚枀鈻嗏枀鈻団枀鈻団枂鈻嗏枂鈻嗏枃鈻勨枂
wandb:     train/entropy_oracle 鈻堚枂鈻呪枃鈻嗏杻鈻呪杻鈻冣杽鈻傗杻鈻傗杺鈻冣杺鈻傗杺鈻佲杺鈻傗杹鈻傗杺鈻冣杻鈻佲杺鈻傗杹鈻傗杹鈻傗杹鈻傗杺鈻傗杺鈻傗杹
wandb:      train/entropy_train 鈻堚枂鈻呪枂鈻嗏杽鈻呪杽鈻傗杽鈻呪杽鈻冣枀鈻勨杽鈻勨枀鈻呪杽鈻冣杻鈻呪杽鈻冣枀鈻冣杽鈻勨杽鈻冣杽鈻冣杽鈻冣杽鈻勨杺鈻傗杹
wandb: train/explained_variance 鈻佲杺鈻勨杻鈻呪杻鈻勨枀鈻呪杽鈻嗏枃鈻団枂鈻嗏枅鈻呪枀鈻団枃鈻団枃鈻団枀鈻嗏枀鈻団枃鈻団枃鈻堚枃鈻団枂鈻団枀鈻嗏枂鈻団枅
wandb: train/mean_return_oracle 鈻嗏杹鈻冣枂鈻呪杺鈻呪枃鈻団杺鈻勨杻鈻呪杽鈻呪枀鈻勨枀鈻嗏杺鈻勨枀鈻勨枃鈻勨杺鈻呪杽鈻呪枀鈻嗏枃鈻勨杽鈻嗏枀鈻勨枂鈻勨枅
wandb:  train/mean_return_train 鈻勨杽鈻団枂鈻呪枀鈻嗏枅鈻呪杽鈻冣杺鈻団枀鈻勨枃鈻呪枀鈻団枀鈻傗枀鈻佲杽鈻嗏枃鈻呪枂鈻呪杺鈻佲杽鈻嗏杻鈻勨杽鈻呪枅鈻勨杻
wandb:                      +18 ...
wandb: 
wandb: Run summary:
wandb:         train/actor_loss 2.21992
wandb:           train/adv_mean 0.11874
wandb:            train/adv_std 1.13391
wandb:        train/critic_loss 0.64992
wandb:       train/entropy_loss -2.07925
wandb:     train/entropy_oracle 0.04842
wandb:      train/entropy_train 2.07925
wandb: train/explained_variance 0.77698
wandb: train/mean_return_oracle 2.08949
wandb:  train/mean_return_train 1.56853
wandb:                      +18 ...
wandb: 
wandb: 馃殌 View run v8_lr1e4_ow10 at: https://wandb.ai/iris-sobolmark/craftax-offline-awr/runs/n2xizorf
wandb: 猸愶笍 View project at: https://wandb.ai/iris-sobolmark/craftax-offline-awr
wandb: Synced 5 W&B file(s), 0 media file(s), 0 artifact file(s) and 0 other file(s)
wandb: Find logs at: /tmp/wandb_6992176/wandb/run-20260406_212800-n2xizorf/logs
