wandb: [wandb.login()] Loaded credentials for https://api.wandb.ai from /home/geney/.netrc.
wandb: W&B API key is configured. Use `wandb login --relogin` to force relogin
wandb: setting up run psydbk72
wandb: Tracking run with wandb version 0.24.2
wandb: Run data is saved locally in /tmp/wandb_6990079/wandb/run-20260406_183750-psydbk72
wandb: Run `wandb offline` to turn off syncing.
wandb: Syncing run v7_lr1e4_ow05
wandb: 猸愶笍 View project at https://wandb.ai/iris-sobolmark/craftax-offline-awr
wandb: 馃殌 View run at https://wandb.ai/iris-sobolmark/craftax-offline-awr/runs/psydbk72
wandb: updating run metadata
wandb: uploading history steps 998-999, summary, console lines 194-201
wandb: 
wandb: Run history:
wandb:         train/actor_loss 鈻嗏枃鈻呪枃鈻堚枃鈻団枅鈻傗枅鈻嗏枃鈻嗏杽鈻呪杽鈻勨杽鈻呪杺鈻勨杽鈻団枃鈻冣杻鈻嗏枀鈻勨杺鈻嗏杻鈻佲枂鈻嗏杺鈻呪杺鈻呪枀
wandb:           train/adv_mean 鈻佲枅鈻傗杺鈻佲杻鈻呪杻鈻傗枀鈻勨杽鈻呪杻鈻冣杻鈻冣杻鈻呪杽鈻冣杺鈻冣杽鈻冣杽鈻勨杽鈻勨枀鈻呪杽鈻呪杽鈻冣杻鈻勨杽鈻呪杽
wandb:            train/adv_std 鈻堚枃鈻嗏枀鈻勨枀鈻傗杻鈻勨杺鈻傗杺鈻勨杽鈻傗杺鈻傗杽鈻呪杺鈻佲杺鈻勨杺鈻傗杺鈻傗杺鈻佲杹鈻傗杺鈻呪杻鈻傗枀鈻傗杺鈻傗杹
wandb:        train/critic_loss 鈻堚枂鈻呪杺鈻勨杺鈻傗杺鈻傗杺鈻佲杺鈻佲杺鈻冣杹鈻佲杹鈻呪杺鈻佲杺鈻佲杹鈻佲杽鈻冣杹鈻佲杺鈻佲杹鈻佲杺鈻佲杺鈻佲杹鈻佲杹
wandb:       train/entropy_loss 鈻佲杹鈻傗杺鈻勨枀鈻冣杻鈻勨杽鈻呪枀鈻呪枀鈻勨枂鈻呪枀鈻嗏枂鈻嗏枂鈻嗏枃鈻嗏枂鈻団枃鈻嗏枃鈻呪枃鈻団枃鈻団枃鈻団枃鈻堚枂
wandb:     train/entropy_oracle 鈻堚枀鈻勨杽鈻呪杻鈻勨杺鈻冣杻鈻傗杺鈻冣杺鈻傗杺鈻傗杹鈻佲杺鈻傗杺鈻傗杹鈻傗杺鈻傗杺鈻傗杺鈻傗杹鈻佲杹鈻佲杹鈻傗杹鈻佲杹
wandb:      train/entropy_train 鈻堚枀鈻呪杽鈻勨枀鈻勨枂鈻呪杽鈻勨杽鈻勨枀鈻冣杽鈻冣杽鈻勨杽鈻勨杽鈻勨杽鈻傗枀鈻勨杽鈻冣杽鈻冣杻鈻冣杽鈻勨杽鈻呪杹鈻勨杺
wandb: train/explained_variance 鈻佲杽鈻嗏杽鈻嗏枃鈻嗏枃鈻団枃鈻堚枅鈻堚枅鈻団枅鈻堚枃鈻堚枅鈻堚枅鈻呪枃鈻堚杽鈻団枅鈻堚枅鈻堚枀鈻団枅鈻堚枅鈻嗏枀鈻嗏枅
wandb: train/mean_return_oracle 鈻冣杻鈻呪杽鈻傗枀鈻勨杻鈻傗枀鈻嗏杽鈻勨杺鈻勨杻鈻勨杻鈻傗杽鈻傗枅鈻勨枂鈻嗏枀鈻呪杻鈻冣枂鈻呪杽鈻冣杽鈻勨杹鈻呪枃鈻勨杽
wandb:  train/mean_return_train 鈻呪枀鈻呪杽鈻嗏杻鈻堚枀鈻勨杽鈻嗏枀鈻傗杻鈻冣枂鈻団杽鈻呪枃鈻呪杽鈻傗杻鈻佲杽鈻呪枀鈻勨杽鈻勨杽鈻傗杺鈻嗏杽鈻冣杻鈻勨杽
wandb:                      +18 ...
wandb: 
wandb: Run summary:
wandb:         train/actor_loss 2.222
wandb:           train/adv_mean 0.08845
wandb:            train/adv_std 0.95906
wandb:        train/critic_loss 0.46381
wandb:       train/entropy_loss -1.22523
wandb:     train/entropy_oracle 0.11266
wandb:      train/entropy_train 2.3378
wandb: train/explained_variance 0.78294
wandb: train/mean_return_oracle 1.79019
wandb:  train/mean_return_train 1.29648
wandb:                      +18 ...
wandb: 
wandb: 馃殌 View run v7_lr1e4_ow05 at: https://wandb.ai/iris-sobolmark/craftax-offline-awr/runs/psydbk72
wandb: 猸愶笍 View project at: https://wandb.ai/iris-sobolmark/craftax-offline-awr
wandb: Synced 5 W&B file(s), 0 media file(s), 0 artifact file(s) and 0 other file(s)
wandb: Find logs at: /tmp/wandb_6990079/wandb/run-20260406_183750-psydbk72/logs
