wandb: [wandb.login()] Loaded credentials for https://api.wandb.ai from /home/geney/.netrc.
wandb: Currently logged in as: gene-jin-yang (iris-sobolmark) to https://api.wandb.ai. Use `wandb login --relogin` to force relogin
wandb: Tracking run with wandb version 0.24.2
wandb: Run data is saved locally in /tmp/wandb_6986301/wandb/run-20260406_120821-van9vq2a
wandb: Run `wandb offline` to turn off syncing.
wandb: Syncing run v6_lr1e4_w1024
wandb: 猸愶笍 View project at https://wandb.ai/iris-sobolmark/craftax-offline-awr
wandb: 馃殌 View run at https://wandb.ai/iris-sobolmark/craftax-offline-awr/runs/van9vq2a
wandb: updating run metadata
wandb: uploading history steps 998-999, summary, console lines 194-201
wandb: 
wandb: Run history:
wandb:         train/actor_loss 鈻堚枀鈻呪杽鈻呪枀鈻冣杽鈻冣杽鈻勨杹鈻冣杻鈻勨杺鈻冣杹鈻勨杻鈻冣杻鈻冣杺鈻傗杻鈻冣杻鈻勨枀鈻冣杹鈻傗杽鈻佲杹鈻傗杹鈻傗杹
wandb:           train/adv_mean 鈻傗枀鈻嗏杹鈻堚枀鈻勨枂鈻勨枂鈻呪枃鈻佲枃鈻堚枃鈻呪枂鈻呪枂鈻呪杽鈻団枃鈻勨枃鈻嗏枀鈻嗏枂鈻嗏枀鈻呪杽鈻呪枂鈻嗏枂鈻嗏枂
wandb:            train/adv_std 鈻堚杽鈻勨杽鈻団杺鈻傗杽鈻傗杺鈻冣杺鈻傗杹鈻勨杺鈻佲杻鈻冣杺鈻勨杺鈻佲杻鈻傗杺鈻佲杻鈻佲杺鈻傗杺鈻佲杹鈻呪杽鈻傗枀鈻傗杹
wandb:        train/critic_loss 鈻堚枂鈻嗏枂鈻勨枂鈻勨杻鈻冣杽鈻傗杹鈻冣杺鈻冣杹鈻冣杺鈻傗杽鈻傗枀鈻佲杹鈻佲枀鈻傗杹鈻傗杹鈻佲杹鈻佲杺鈻佲杺鈻傗杺鈻佲杹
wandb:       train/entropy_loss 鈻佲杻鈻勨杽鈻呪枂鈻呪枂鈻嗏枀鈻嗏枃鈻団枂鈻嗏枂鈻団枂鈻団枂鈻嗏枃鈻団枃鈻団枃鈻団枃鈻団枃鈻団枃鈻団枃鈻堚枃鈻堚枅鈻堚枃
wandb:     train/entropy_oracle 鈻団枃鈻堚枀鈻呪杻鈻勨杻鈻冣杺鈻傗杺鈻冣杺鈻傗杺鈻傗杹鈻傗杺鈻傗杺鈻傗杹鈻傗杺鈻傗杺鈻傗杺鈻傗杺鈻傗杹鈻傗杺鈻傗杹鈻佲杹
wandb:      train/entropy_train 鈻団枀鈻嗏枅鈻呪杽鈻勨枂鈻勨枂鈻傗枀鈻勨杻鈻佲杺鈻傗杻鈻傗杻鈻冣杺鈻傗杻鈻傗杺鈻勨杺鈻傗杺鈻勨杺鈻佲杺鈻傗杺鈻冣杺鈻傗杺
wandb: train/explained_variance 鈻佲枅鈻団枅鈻堚枂鈻団枅鈻堚枅鈻堚枅鈻嗏枃鈻堚枅鈻堚枅鈻堚枅鈻団枃鈻堚枅鈻堚枃鈻団枅鈻堚枅鈻団枃鈻堚枃鈻団枅鈻堚枅鈻堚枅
wandb: train/mean_return_oracle 鈻呪杺鈻傗杻鈻呪枀鈻冣杻鈻呪枂鈻佲杻鈻勨杺鈻呪杺鈻傗杹鈻嗏杻鈻勨杻鈻傗杺鈻勨枀鈻勨杽鈻勨枅鈻堚枂鈻傗杽鈻冣杺鈻傗枀鈻勨杹
wandb:  train/mean_return_train 鈻団杽鈻堚枀鈻勨枀鈻勨杽鈻呪枀鈻呪枀鈻傗杹鈻冣枂鈻呪杽鈻勨枂鈻呪枅鈻呪杻鈻勨杻鈻嗏枀鈻冣杻鈻呪枀鈻勨杽鈻冣杽鈻冣杽鈻団枀
wandb:                      +15 ...
wandb: 
wandb: Run summary:
wandb:         train/actor_loss 2.43037
wandb:           train/adv_mean -0.07286
wandb:            train/adv_std 0.9643
wandb:        train/critic_loss 0.46759
wandb:       train/entropy_loss -1.18266
wandb:     train/entropy_oracle 0.02871
wandb:      train/entropy_train 2.33661
wandb: train/explained_variance 0.83611
wandb: train/mean_return_oracle 1.51805
wandb:  train/mean_return_train 1.44602
wandb:                      +15 ...
wandb: 
wandb: 馃殌 View run v6_lr1e4_w1024 at: https://wandb.ai/iris-sobolmark/craftax-offline-awr/runs/van9vq2a
wandb: 猸愶笍 View project at: https://wandb.ai/iris-sobolmark/craftax-offline-awr
wandb: Synced 5 W&B file(s), 0 media file(s), 0 artifact file(s) and 0 other file(s)
wandb: Find logs at: /tmp/wandb_6986301/wandb/run-20260406_120821-van9vq2a/logs
