wandb: [wandb.login()] Loaded credentials for https://api.wandb.ai from /home/geney/.netrc.
wandb: Currently logged in as: gene-jin-yang (iris-sobolmark) to https://api.wandb.ai. Use `wandb login --relogin` to force relogin
wandb: Tracking run with wandb version 0.24.2
wandb: Run data is saved locally in /tmp/wandb_6961510/wandb/run-20260405_133230-1h2llghs
wandb: Run `wandb offline` to turn off syncing.
wandb: Syncing run v5_lr1e4_ow10
wandb: 猸愶笍 View project at https://wandb.ai/iris-sobolmark/craftax-offline-awr
wandb: 馃殌 View run at https://wandb.ai/iris-sobolmark/craftax-offline-awr/runs/1h2llghs
wandb: updating run metadata
wandb: uploading history steps 998-999, summary, console lines 194-201
wandb: 
wandb: Run history:
wandb:         train/actor_loss 鈻団枃鈻堚枀鈻団枀鈻勨杽鈻勨杽鈻冣杽鈻呪枀鈻勨杻鈻冣杹鈻冣杺鈻佲杹鈻冣杻鈻呪杻鈻冣杺鈻勨杻鈻冣杺鈻傗杻鈻佲杺鈻嗏杽鈻傗杽
wandb:           train/adv_mean 鈻佲枅鈻冣枃鈻団杻鈻堚杽鈻団杽鈻冣枀鈻勨枀鈻傗杽鈻呪枂鈻勨枀鈻呪枂鈻嗏枀鈻団杻鈻呪枂鈻呪杽鈻嗏枂鈻呪枂鈻呪枃鈻呪杽鈻勨枂
wandb:            train/adv_std 鈻堚枂鈻呪枀鈻勨杻鈻冣杽鈻冣杽鈻冣杻鈻冣杺鈻傗杻鈻冣杺鈻傗杺鈻傗杺鈻傗杺鈻佲杺鈻傗杺鈻傗杺鈻佲杽鈻傗杹鈻冣杹鈻傗杺鈻傗杹
wandb:        train/critic_loss 鈻堚杽鈻冣杻鈻冣杽鈻冣杽鈻冣杽鈻冣杺鈻傗杺鈻傗杻鈻傗杺鈻傗杺鈻佲杹鈻傗杹鈻佲杹鈻勨杺鈻傗杽鈻冣杺鈻佲杹鈻勨杺鈻冣杹鈻佲杹
wandb:       train/entropy_loss 鈻佲杽鈻冣枀鈻嗏枂鈻呪枂鈻嗏枃鈻団枃鈻団枅鈻嗏枅鈻団枃鈻堚枃鈻団枃鈻堚枅鈻堚枃鈻団枃鈻堚枅鈻団枃鈻堚枅鈻団枃鈻団枅鈻団枃
wandb:     train/entropy_oracle 鈻堚枀鈻呪杽鈻冣杻鈻傗杺鈻傗杺鈻傗杺鈻傗杺鈻傗杺鈻佲杹鈻佲杹鈻佲杹鈻佲杹鈻佲杹鈻佲杹鈻佲杹鈻佲杹鈻佲杹鈻佲杹鈻佲杹鈻佲杹
wandb:      train/entropy_train 鈻堚枀鈻団枃鈻呪枃鈻嗏杽鈻呪枀鈻勨枂鈻呪杽鈻勨枀鈻呪杽鈻勨杺鈻冣杻鈻勨枀鈻冣杻鈻呪枀鈻冣杽鈻冣枀鈻勨杽鈻勨杽鈻勨杻鈻冣杹
wandb: train/explained_variance 鈻佲杽鈻冣枃鈻団枂鈻団枂鈻団枂鈻嗏枂鈻団枃鈻堚杻鈻嗏枃鈻堚杽鈻呪枃鈻堚枃鈻堚枃鈻団杺鈻嗏枂鈻堚枅鈻嗏杺鈻団枃鈻堚枃鈻堚枅
wandb: train/mean_return_oracle 鈻冣枅鈻勨枃鈻勨枀鈻傗枂鈻冣杽鈻嗏杽鈻呪杽鈻勨杻鈻勨枂鈻呪杹鈻勨枂鈻呪杻鈻冣杻鈻呪杽鈻冣杽鈻冣枀鈻冣杽鈻傗枀鈻勨杽鈻傗杻
wandb:  train/mean_return_train 鈻勨杻鈻団枀鈻冣枅鈻勨枀鈻傗枃鈻嗏杻鈻勨杺鈻冣杺鈻勨枃鈻嗏杺鈻傗杽鈻勨杻鈻嗏枂鈻勨杽鈻呪枀鈻冣枂鈻佲杺鈻佲杽鈻嗏杺鈻勨枃
wandb:                      +15 ...
wandb: 
wandb: Run summary:
wandb:         train/actor_loss 2.53541
wandb:           train/adv_mean 0.01745
wandb:            train/adv_std 1.09438
wandb:        train/critic_loss 0.59899
wandb:       train/entropy_loss -1.21953
wandb:     train/entropy_oracle 0.0979
wandb:      train/entropy_train 2.34116
wandb: train/explained_variance 0.77191
wandb: train/mean_return_oracle 1.94835
wandb:  train/mean_return_train 1.43405
wandb:                      +15 ...
wandb: 
wandb: 馃殌 View run v5_lr1e4_ow10 at: https://wandb.ai/iris-sobolmark/craftax-offline-awr/runs/1h2llghs
wandb: 猸愶笍 View project at: https://wandb.ai/iris-sobolmark/craftax-offline-awr
wandb: Synced 5 W&B file(s), 0 media file(s), 0 artifact file(s) and 0 other file(s)
wandb: Find logs at: /tmp/wandb_6961510/wandb/run-20260405_133230-1h2llghs/logs
