wandb: [wandb.login()] Loaded credentials for https://api.wandb.ai from /home/geney/.netrc.
wandb: Currently logged in as: gene-jin-yang (iris-sobolmark) to https://api.wandb.ai. Use `wandb login --relogin` to force relogin
wandb: Tracking run with wandb version 0.24.2
wandb: Run data is saved locally in /tmp/wandb_6985612/wandb/run-20260406_101624-509fmxuy
wandb: Run `wandb offline` to turn off syncing.
wandb: Syncing run v5_lr1e4_w1024
wandb: 猸愶笍 View project at https://wandb.ai/iris-sobolmark/craftax-offline-awr
wandb: 馃殌 View run at https://wandb.ai/iris-sobolmark/craftax-offline-awr/runs/509fmxuy
wandb: updating run metadata
wandb: uploading history steps 999-999, summary, console lines 196-201
wandb: 
wandb: Run history:
wandb:         train/actor_loss 鈻堚枀鈻嗏枂鈻団枀鈻勨杽鈻嗏杺鈻傗杽鈻勨枀鈻傗杽鈻冣杽鈻冣杽鈻佲杺鈻呪杽鈻佲杽鈻勨杺鈻勨杻鈻冣杺鈻冣杽鈻冣杻鈻冣杹鈻傗杻
wandb:           train/adv_mean 鈻佲枀鈻冣枅鈻勨杽鈻嗏杽鈻呪杽鈻嗏枀鈻呪枂鈻呪枀鈻呪枀鈻呪杽鈻嗏枀鈻呪枂鈻呪枀鈻呪杽鈻呪枀鈻勨枀鈻呪枂鈻呪枀鈻嗏枀鈻勨枀
wandb:            train/adv_std 鈻堚枃鈻呪枀鈻呪杻鈻勨杻鈻呪杺鈻冣杺鈻勨杻鈻佲杺鈻傗杻鈻傗杺鈻傗杺鈻傗杽鈻冣杻鈻佲杺鈻勨杻鈻呪杺鈻佲杹鈻傗杺鈻佲枂鈻佲杹
wandb:        train/critic_loss 鈻嗏杻鈻冣杺鈻冣杻鈻傗杺鈻傗枅鈻傗杽鈻嗏杹鈻佲杹鈻傗杹鈻佲杹鈻傗杺鈻佲杹鈻傗杺鈻佲杻鈻冣杹鈻佲杹鈻佲杹鈻冣杹鈻佲杹鈻傗杹
wandb:       train/entropy_loss 鈻佲杺鈻傗枀鈻呪枂鈻嗏枂鈻呪枂鈻団枂鈻団枃鈻堚枃鈻団枃鈻団枃鈻団枃鈻堚枅鈻団枃鈻団枃鈻団枃鈻団枃鈻堚枃鈻団枃鈻団枃鈻堚枂
wandb:     train/entropy_oracle 鈻堚枂鈻堚枅鈻団枀鈻団杽鈻勨杻鈻勨杺鈻勨杺鈻冣杺鈻冣杻鈻冣杺鈻傗杺鈻傗杹鈻傗杹鈻冣杺鈻傗杹鈻傗杹鈻佲杹鈻傗杹鈻傗杺鈻傗杺
wandb:      train/entropy_train 鈻堚枂鈻嗏枃鈻嗏杽鈻呪枂鈻冣杽鈻勨杽鈻勨杽鈻勨杻鈻勨杻鈻勨杽鈻呪杹鈻冣杽鈻呪杽鈻勨杻鈻冣杻鈻傗枀鈻傗杻鈻冣杽鈻勨杺鈻傗杹
wandb: train/explained_variance 鈻佲杹鈻冣杽鈻呪枂鈻団枃鈻団枅鈻団枅鈻呪杽鈻嗏枃鈻団枅鈻堚枅鈻嗏枀鈻団枃鈻堚枃鈻堚枃鈻嗏枃鈻堚枅鈻堚枂鈻堚枃鈻堚枂鈻堚枃
wandb: train/mean_return_oracle 鈻呪枀鈻勨杻鈻勨杺鈻勨枃鈻堚杹鈻傗杽鈻佲杻鈻傗枅鈻呪杽鈻呪杻鈻冣杺鈻傗枃鈻団杻鈻冣杽鈻佲杻鈻冣杽鈻嗏杺鈻冣杹鈻傗杻鈻傗杹
wandb:  train/mean_return_train 鈻堚杻鈻傗杽鈻嗏枂鈻嗏杽鈻呪杹鈻傗杻鈻勨枀鈻団杽鈻勨杽鈻嗏枀鈻勨杻鈻勨枃鈻勨杽鈻傗杻鈻冣枀鈻冣杺鈻勨杽鈻嗏枀鈻勨杻鈻佲枀
wandb:                      +15 ...
wandb: 
wandb: Run summary:
wandb:         train/actor_loss 2.71854
wandb:           train/adv_mean -0.14515
wandb:            train/adv_std 1.00628
wandb:        train/critic_loss 0.51683
wandb:       train/entropy_loss -1.31096
wandb:     train/entropy_oracle 0.11909
wandb:      train/entropy_train 2.50282
wandb: train/explained_variance 0.79575
wandb: train/mean_return_oracle 1.94835
wandb:  train/mean_return_train 1.40754
wandb:                      +15 ...
wandb: 
wandb: 馃殌 View run v5_lr1e4_w1024 at: https://wandb.ai/iris-sobolmark/craftax-offline-awr/runs/509fmxuy
wandb: 猸愶笍 View project at: https://wandb.ai/iris-sobolmark/craftax-offline-awr
wandb: Synced 5 W&B file(s), 0 media file(s), 0 artifact file(s) and 0 other file(s)
wandb: Find logs at: /tmp/wandb_6985612/wandb/run-20260406_101624-509fmxuy/logs
