wandb: [wandb.login()] Loaded credentials for https://api.wandb.ai from /home/geney/.netrc.
wandb: Currently logged in as: gene-jin-yang (iris-sobolmark) to https://api.wandb.ai. Use `wandb login --relogin` to force relogin
wandb: Tracking run with wandb version 0.24.2
wandb: Run data is saved locally in /tmp/wandb_6990071/wandb/run-20260406_184027-nobntrrv
wandb: Run `wandb offline` to turn off syncing.
wandb: Syncing run v7_lr3e4_ow10
wandb: 猸愶笍 View project at https://wandb.ai/iris-sobolmark/craftax-offline-awr
wandb: 馃殌 View run at https://wandb.ai/iris-sobolmark/craftax-offline-awr/runs/nobntrrv
wandb: updating run metadata
wandb: uploading history steps 998-999, summary, console lines 194-201
wandb: 
wandb: Run history:
wandb:         train/actor_loss 鈻嗏枅鈻呪枃鈻呪枃鈻団枃鈻呪枀鈻勨枂鈻呪枀鈻冣杽鈻勨杻鈻冣杽鈻佲杻鈻冣杻鈻冣杽鈻冣杽鈻嗏杽鈻冣杽鈻冣杻鈻傗杻鈻冣杹鈻冣杽
wandb:           train/adv_mean 鈻勨枀鈻堚枂鈻冣杹鈻傗杻鈻呪杻鈻傗杽鈻傗杺鈻佲枀鈻冣杽鈻傗杻鈻勨杻鈻勨杻鈻冣杻鈻冣杻鈻傗杽鈻冣杽鈻勨杻鈻冣杻鈻勨杻鈻傗杻
wandb:            train/adv_std 鈻堚枅鈻団枃鈻呪枂鈻嗏枂鈻勨枅鈻嗏杽鈻冣杺鈻堚枂鈻冣杻鈻冣杺鈻冣杺鈻傗杽鈻勨杺鈻傗杹鈻冣杹鈻佲杺鈻傗杻鈻傗枂鈻冣杺鈻佲杽
wandb:        train/critic_loss 鈻堚杽鈻呪枃鈻呪枀鈻呪杽鈻呪杻鈻呪杻鈻傗杺鈻傗杺鈻嗏杻鈻傗杺鈻冣杺鈻傗杹鈻佲杺鈻佲杺鈻佲杹鈻嗏杺鈻佲杹鈻冣杺鈻佲杹鈻傗杺
wandb:       train/entropy_loss 鈻佲杹鈻傗枀鈻傗杽鈻勨杻鈻勨杻鈻呪杽鈻呪枂鈻嗏枀鈻嗏枀鈻呪枃鈻呪枂鈻勨枂鈻団枃鈻団枂鈻団枂鈻団枂鈻団枂鈻団枂鈻団枂鈻団枅
wandb:     train/entropy_oracle 鈻堚枃鈻嗏杽鈻嗏枀鈻冣杻鈻冣杻鈻呪杺鈻傗杺鈻佲杺鈻佲杺鈻冣杺鈻傗杺鈻傗杹鈻傗杹鈻佲杹鈻佲杺鈻傗杺鈻傗杹鈻佲杹鈻傗杺鈻佲杹
wandb:      train/entropy_train 鈻団枃鈻堚枃鈻勨杽鈻堚杽鈻呪枀鈻嗏杽鈻嗏杽鈻勨杻鈻冣杻鈻冣枀鈻呪枂鈻傗杻鈻冣枀鈻冣杽鈻呪杽鈻冣枀鈻冣杺鈻佲杻鈻佲杺鈻傗杺
wandb: train/explained_variance 鈻佲枂鈻嗏枀鈻嗏枃鈻団枃鈻団枃鈻団枃鈻嗏枅鈻団枅鈻嗏枃鈻堚枃鈻団枃鈻団枃鈻堚枂鈻団枅鈻堚枅鈻堚枅鈻嗏枃鈻堚枃鈻団枅鈻堚枅
wandb: train/mean_return_oracle 鈻勨杺鈻冣杺鈻呪杻鈻傗杺鈻勨杻鈻冣杺鈻勨杺鈻佲杽鈻呪杻鈻傗杺鈻呪杻鈻呪杺鈻堚杹鈻呪杺鈻冣杺鈻佲杻鈻勨枀鈻冣杽鈻冣杻鈻呪杹
wandb:  train/mean_return_train 鈻勨枀鈻堚枃鈻団杻鈻嗏枀鈻嗏枂鈻勨枀鈻嗏枂鈻嗏枂鈻堚枂鈻嗏枂鈻呪枂鈻呪枂鈻呪枂鈻勨杻鈻呪杽鈻佲杽鈻勨杻鈻勨枂鈻勨枃鈻嗏枃
wandb:                      +18 ...
wandb: 
wandb: Run summary:
wandb:         train/actor_loss 2.34768
wandb:           train/adv_mean -0.07295
wandb:            train/adv_std 0.95886
wandb:        train/critic_loss 0.46237
wandb:       train/entropy_loss -1.19683
wandb:     train/entropy_oracle 0.07595
wandb:      train/entropy_train 2.31771
wandb: train/explained_variance 0.82364
wandb: train/mean_return_oracle 1.79019
wandb:  train/mean_return_train 1.35822
wandb:                      +18 ...
wandb: 
wandb: 馃殌 View run v7_lr3e4_ow10 at: https://wandb.ai/iris-sobolmark/craftax-offline-awr/runs/nobntrrv
wandb: 猸愶笍 View project at: https://wandb.ai/iris-sobolmark/craftax-offline-awr
wandb: Synced 5 W&B file(s), 0 media file(s), 0 artifact file(s) and 0 other file(s)
wandb: Find logs at: /tmp/wandb_6990071/wandb/run-20260406_184027-nobntrrv/logs
