wandb: [wandb.login()] Loaded credentials for https://api.wandb.ai from /home/geney/.netrc.
wandb: Currently logged in as: gene-jin-yang (iris-sobolmark) to https://api.wandb.ai. Use `wandb login --relogin` to force relogin
wandb: setting up run 4ew87x25
wandb: Tracking run with wandb version 0.24.2
wandb: Run data is saved locally in /tmp/wandb_6990080/wandb/run-20260406_183758-4ew87x25
wandb: Run `wandb offline` to turn off syncing.
wandb: Syncing run v7_lr1e4_beta5
wandb: 猸愶笍 View project at https://wandb.ai/iris-sobolmark/craftax-offline-awr
wandb: 馃殌 View run at https://wandb.ai/iris-sobolmark/craftax-offline-awr/runs/4ew87x25
wandb: updating run metadata
wandb: uploading history steps 998-999, summary, console lines 194-201
wandb: 
wandb: Run history:
wandb:         train/actor_loss 鈻嗏枂鈻嗏枀鈻団枅鈻団枂鈻呪枂鈻団杻鈻嗏枀鈻冣杽鈻勨杽鈻冣杽鈻呪枂鈻勨杽鈻勨枀鈻呪杽鈻呪枀鈻呪杻鈻呪杺鈻呪枂鈻佲杽鈻呪杹
wandb:           train/adv_mean 鈻冣枅鈻傗杺鈻冣枂鈻佲杹鈻冣杹鈻勨杹鈻冣杻鈻傗杻鈻佲杻鈻傗杻鈻佲杺鈻冣杺鈻佲杻鈻傗杺鈻傗杻鈻勨杹鈻傗杹鈻冣杺鈻冣杹鈻勨杹
wandb:            train/adv_std 鈻堚枂鈻嗏枅鈻団杽鈻冣杻鈻冣杺鈻団杽鈻勨杻鈻冣枂鈻呪杻鈻冣杺鈻冣杽鈻勨杺鈻勨枅鈻勨杻鈻傗杺鈻勨杻鈻冣杻鈻勨杻鈻勨杹鈻傗杺
wandb:        train/critic_loss 鈻堚杽鈻呪枂鈻傗杺鈻傗杺鈻傗杹鈻傗枂鈻呪杹鈻嗏枃鈻佲杽鈻傗杺鈻傗杻鈻傗杹鈻佲杻鈻傗杹鈻傗杹鈻冣杺鈻佲杹鈻佲杹鈻勨杻鈻傗杹
wandb:       train/entropy_loss 鈻傗杺鈻佲杽鈻冣杺鈻傗杺鈻勨杽鈻呪杽鈻勨枀鈻嗏枂鈻呪枃鈻嗏枂鈻嗏枂鈻団枅鈻嗏枃鈻団枃鈻嗏枅鈻団枃鈻団枅鈻堚枃鈻団枅鈻堚枃
wandb:     train/entropy_oracle 鈻堚枂鈻呪枀鈻呪杽鈻勨杻鈻冣杺鈻傗杺鈻傗杺鈻傗杺鈻傗杹鈻傗杹鈻佲杺鈻傗杺鈻傗杺鈻傗杹鈻傗杹鈻佲杺鈻傗杹鈻佲杹鈻傗杺鈻傗杹
wandb:      train/entropy_train 鈻堚枂鈻呪枀鈻嗏枀鈻冣杻鈻冣杻鈻勨杻鈻呪杽鈻呪杽鈻冣杽鈻傗杺鈻冣杻鈻傗杹鈻冣杺鈻勨杻鈻冣杻鈻傗杺鈻冣杻鈻冣杺鈻傗杻鈻傗杺
wandb: train/explained_variance 鈻冣枂鈻勨枂鈻冣枅鈻佲枃鈻嗏枂鈻団枅鈻嗏枃鈻堚枅鈻冣枃鈻団枀鈻呪杽鈻団枂鈻団枅鈻堚枅鈻冣枃鈻呪枅鈻堚枃鈻堚杻鈻勨枃鈻団枅
wandb: train/mean_return_oracle 鈻嗏枂鈻佲枅鈻勨杻鈻傗杽鈻傗枀鈻堚杻鈻冣杺鈻呪杺鈻団杽鈻勨杽鈻傗杻鈻嗏杻鈻勨枀鈻呪枂鈻勨枀鈻嗏杽鈻呪杻鈻冣杽鈻勨枂鈻団杺
wandb:  train/mean_return_train 鈻団枃鈻嗏枀鈻堚杹鈻冣杽鈻佲杽鈻勨枂鈻勨杽鈻呪杽鈻冣杺鈻堚杹鈻勨枀鈻呪枂鈻傗杺鈻冣枀鈻嗏枃鈻冣枂鈻呪枃鈻冣杹鈻冣杽鈻冣杹
wandb:                      +18 ...
wandb: 
wandb: Run summary:
wandb:         train/actor_loss 2.42109
wandb:           train/adv_mean -0.11719
wandb:            train/adv_std 1.1505
wandb:        train/critic_loss 0.66869
wandb:       train/entropy_loss -1.23037
wandb:     train/entropy_oracle 0.11231
wandb:      train/entropy_train 2.34844
wandb: train/explained_variance 0.78995
wandb: train/mean_return_oracle 1.79019
wandb:  train/mean_return_train 1.57547
wandb:                      +18 ...
wandb: 
wandb: 馃殌 View run v7_lr1e4_beta5 at: https://wandb.ai/iris-sobolmark/craftax-offline-awr/runs/4ew87x25
wandb: 猸愶笍 View project at: https://wandb.ai/iris-sobolmark/craftax-offline-awr
wandb: Synced 5 W&B file(s), 0 media file(s), 0 artifact file(s) and 0 other file(s)
wandb: Find logs at: /tmp/wandb_6990080/wandb/run-20260406_183758-4ew87x25/logs
