wandb: [wandb.login()] Loaded credentials for https://api.wandb.ai from /home/geney/.netrc.
wandb: Currently logged in as: gene-jin-yang (iris-sobolmark) to https://api.wandb.ai. Use `wandb login --relogin` to force relogin
wandb: Tracking run with wandb version 0.24.2
wandb: Run data is saved locally in /tmp/wandb_6962022/wandb/run-20260405_143910-5ddv1x0m
wandb: Run `wandb offline` to turn off syncing.
wandb: Syncing run v5_beta1_ow10
wandb: 猸愶笍 View project at https://wandb.ai/iris-sobolmark/craftax-offline-awr
wandb: 馃殌 View run at https://wandb.ai/iris-sobolmark/craftax-offline-awr/runs/5ddv1x0m
wandb: updating run metadata
wandb: uploading history steps 998-999, summary, console lines 194-201
wandb: 
wandb: Run history:
wandb:         train/actor_loss 鈻堚枀鈻冣枀鈻冣杻鈻勨杻鈻冣杺鈻傗杻鈻冣杺鈻傗杺鈻傗杻鈻佲杻鈻傗杺鈻傗杺鈻佲杽鈻傗杹鈻傗杹鈻傗杺鈻冣杺鈻傗杺鈻佲杹鈻傗杹
wandb:           train/adv_mean 鈻堚杹鈻呪枀鈻団枂鈻呪枂鈻嗏枂鈻呪枀鈻勨枂鈻呪枀鈻嗏枀鈻嗏枀鈻呪枂鈻呪枂鈻嗏枂鈻嗏枀鈻嗏枀鈻呪枂鈻呪枂鈻嗏枂鈻呪枀鈻呪枀
wandb:            train/adv_std 鈻堚枂鈻呪杻鈻呪杻鈻冣杺鈻冣杽鈻勨杻鈻傗杽鈻冣杺鈻傗枂鈻傗杺鈻傗杹鈻勨杺鈻傗杺鈻佲杻鈻傗杺鈻傗杹鈻冣杻鈻傗枀鈻傗杹鈻勨杹
wandb:        train/critic_loss 鈻堚枂鈻団杽鈻冣杺鈻冣杺鈻冣杺鈻佲杺鈻傗杺鈻佲杹鈻佲杹鈻佲杺鈻佲杺鈻佲杹鈻傗杹鈻佲杹鈻傗杹鈻傗杹鈻佲杹鈻佲杹鈻佲杺鈻佲杹
wandb:       train/entropy_loss 鈻佲杽鈻勨枀鈻呪枂鈻嗏枀鈻呪枂鈻嗏枀鈻呪枃鈻団枃鈻嗏枃鈻嗏枂鈻嗏枃鈻団枂鈻団枃鈻嗏枃鈻堚枂鈻嗏枃鈻嗏枃鈻団枃鈻団枃鈻団枂
wandb:     train/entropy_oracle 鈻堚枀鈻勨枀鈻冣杻鈻勨杽鈻冣杺鈻佲杻鈻傗杹鈻傗杺鈻傗杹鈻傗杹鈻傗杹鈻佲杹鈻佲杹鈻佲杺鈻佲杺鈻佲杹鈻佲杹鈻傗杹鈻佲杹鈻佲杹
wandb:      train/entropy_train 鈻嗏杽鈻団枃鈻嗏枂鈻嗏枅鈻勨杽鈻傗枂鈻冣枀鈻呪枀鈻勨杽鈻佲杽鈻冣枀鈻冣杻鈻傗杽鈻勨枀鈻呪枀鈻勨杽鈻呪杻鈻佲杻鈻呪杻鈻傗杻
wandb: train/explained_variance 鈻佲杻鈻呪枀鈻嗏枀鈻嗏枃鈻団枃鈻団枃鈻呪枃鈻団枂鈻団枃鈻団枃鈻団枅鈻団枅鈻団枅鈻堚枃鈻団枅鈻団枀鈻団枅鈻堚枃鈻堚枅鈻呪杻
wandb: train/mean_return_oracle 鈻呪枀鈻嗏杹鈻傗杺鈻勨杹鈻勨枃鈻冣杺鈻傗枂鈻呪枀鈻冣枀鈻冣杽鈻勨杽鈻冣枀鈻冣枀鈻佲杻鈻嗏杽鈻堚枂鈻冣杹鈻堚枀鈻冣枃鈻呪枂
wandb:  train/mean_return_train 鈻団枀鈻嗏枀鈻呪枂鈻勨枂鈻勨杽鈻嗏枂鈻勨杽鈻呪杻鈻呪枃鈻呪枂鈻佲枅鈻冣枂鈻冣杺鈻冣杽鈻勨枀鈻佲枂鈻勨杺鈻嗏枃鈻嗏枂鈻呪枂
wandb:                      +15 ...
wandb: 
wandb: Run summary:
wandb:         train/actor_loss 4.3872
wandb:           train/adv_mean -0.04973
wandb:            train/adv_std 1.11724
wandb:        train/critic_loss 0.62535
wandb:       train/entropy_loss -1.22404
wandb:     train/entropy_oracle 0.16889
wandb:      train/entropy_train 2.2792
wandb: train/explained_variance 0.76522
wandb: train/mean_return_oracle 1.94835
wandb:  train/mean_return_train 1.48216
wandb:                      +15 ...
wandb: 
wandb: 馃殌 View run v5_beta1_ow10 at: https://wandb.ai/iris-sobolmark/craftax-offline-awr/runs/5ddv1x0m
wandb: 猸愶笍 View project at: https://wandb.ai/iris-sobolmark/craftax-offline-awr
wandb: Synced 5 W&B file(s), 0 media file(s), 0 artifact file(s) and 0 other file(s)
wandb: Find logs at: /tmp/wandb_6962022/wandb/run-20260405_143910-5ddv1x0m/logs
