wandb: [wandb.login()] Loaded credentials for https://api.wandb.ai from /home/geney/.netrc.
wandb: Currently logged in as: gene-jin-yang (iris-sobolmark) to https://api.wandb.ai. Use `wandb login --relogin` to force relogin
wandb: Tracking run with wandb version 0.24.2
wandb: Run data is saved locally in /tmp/wandb_6985610/wandb/run-20260406_101549-7j2r3hit
wandb: Run `wandb offline` to turn off syncing.
wandb: Syncing run v5_lr1e4_beta5_noln
wandb: 猸愶笍 View project at https://wandb.ai/iris-sobolmark/craftax-offline-awr
wandb: 馃殌 View run at https://wandb.ai/iris-sobolmark/craftax-offline-awr/runs/7j2r3hit
wandb: updating run metadata
wandb: uploading history steps 999-999, summary, console lines 196-201
wandb: 
wandb: Run history:
wandb:         train/actor_loss 鈻団枃鈻団枅鈻団杽鈻団枂鈻嗏杽鈻勨杽鈻呪杽鈻冣枀鈻嗏枂鈻呪杽鈻佲杽鈻傗杽鈻勨杺鈻冣杺鈻傗杻鈻傗枀鈻傗杽鈻冣杽鈻佲杻鈻呪枀
wandb:           train/adv_mean 鈻嗏杻鈻傗枀鈻堚枃鈻冣杽鈻勨枃鈻呪杽鈻勨杻鈻呪枃鈻勨枀鈻呪杺鈻勨杽鈻勨枂鈻呪杻鈻勨杺鈻佲枀鈻勨枂鈻堚杻鈻冣枀鈻勨枂鈻呪枀
wandb:            train/adv_std 鈻堚枀鈻呪枂鈻呪杽鈻勨杻鈻傗杻鈻呪杻鈻冣杻鈻冣杻鈻勨杻鈻勨杽鈻勨杺鈻傗杺鈻冣杺鈻傗杺鈻勨杻鈻冣杺鈻呪杻鈻傗杻鈻傗杺鈻勨杹
wandb:        train/critic_loss 鈻堚杺鈻冣杹鈻傗杺鈻傗杺鈻佲杺鈻佲杺鈻佲杹鈻佲杺鈻傗杹鈻傗杺鈻佲杹鈻傗杺鈻佲杻鈻傗杺鈻佲杺鈻傗杽鈻傗杺鈻佲杺鈻佲杹鈻傗杹
wandb:       train/entropy_loss 鈻佲枀鈻冣杽鈻呪杽鈻呪枀鈻呪枀鈻嗏枂鈻嗏枂鈻団枂鈻嗏枂鈻団枃鈻団枃鈻団枃鈻堚枃鈻団枃鈻団枅鈻堚枅鈻堚枅鈻団枃鈻堚枅鈻堚枅
wandb:     train/entropy_oracle 鈻堚枂鈻嗏枂鈻呪枀鈻冣杻鈻嗏杽鈻勨杽鈻呪杽鈻冣杺鈻冣杽鈻傗杻鈻傗杻鈻冣杻鈻傗杺鈻傗杺鈻傗杹鈻傗杺鈻傗杻鈻傗杺鈻佲杹鈻傗杺
wandb:      train/entropy_train 鈻堚枅鈻嗏枂鈻勨枂鈻呪枂鈻勨杽鈻呪杽鈻冣杽鈻勨杽鈻勨杺鈻傗杺鈻勨杺鈻勨杻鈻勨杺鈻冣杺鈻冣杺鈻冣杽鈻冣杻鈻傗杻鈻傗杹鈻佲杻
wandb: train/explained_variance 鈻佲杻鈻勨枂鈻勨枂鈻団枃鈻嗏枃鈻堚枅鈻堚枂鈻堚枃鈻堚枂鈻団枅鈻堚枅鈻堚枃鈻堚枃鈻堚枅鈻呪枃鈻堚枅鈻団枃鈻堚枃鈻団枅鈻団枅
wandb: train/mean_return_oracle 鈻呪杺鈻呪杹鈻勨枀鈻嗏枀鈻傗枃鈻冣枂鈻勨枃鈻冣杻鈻傗枂鈻堚枂鈻呪杽鈻勨枂鈻冣杽鈻冣枀鈻嗏枂鈻冣枂鈻傗杻鈻嗏杹鈻傗杻鈻勨杽
wandb:  train/mean_return_train 鈻呪枀鈻嗏枂鈻呪枀鈻呪枃鈻嗏杹鈻傗枂鈻勨枂鈻呪枂鈻嗏枀鈻堚枀鈻団枅鈻団杺鈻勨枀鈻勨杻鈻勨杽鈻勨杻鈻冣杺鈻勨杺鈻勨枂鈻佲杻
wandb:                      +15 ...
wandb: 
wandb: Run summary:
wandb:         train/actor_loss 2.58241
wandb:           train/adv_mean -0.07999
wandb:            train/adv_std 0.96232
wandb:        train/critic_loss 0.46623
wandb:       train/entropy_loss -1.25476
wandb:     train/entropy_oracle 0.16494
wandb:      train/entropy_train 2.34458
wandb: train/explained_variance 0.78528
wandb: train/mean_return_oracle 1.94835
wandb:  train/mean_return_train 1.17291
wandb:                      +15 ...
wandb: 
wandb: 馃殌 View run v5_lr1e4_beta5_noln at: https://wandb.ai/iris-sobolmark/craftax-offline-awr/runs/7j2r3hit
wandb: 猸愶笍 View project at: https://wandb.ai/iris-sobolmark/craftax-offline-awr
wandb: Synced 5 W&B file(s), 0 media file(s), 0 artifact file(s) and 0 other file(s)
wandb: Find logs at: /tmp/wandb_6985610/wandb/run-20260406_101549-7j2r3hit/logs
