wandb: [wandb.login()] Loaded credentials for https://api.wandb.ai from /home/geney/.netrc.
wandb: Currently logged in as: gene-jin-yang (iris-sobolmark) to https://api.wandb.ai. Use `wandb login --relogin` to force relogin
wandb: setting up run my4g4ljk
wandb: Tracking run with wandb version 0.24.2
wandb: Run data is saved locally in /tmp/wandb_6985586/wandb/run-20260406_100720-my4g4ljk
wandb: Run `wandb offline` to turn off syncing.
wandb: Syncing run v5_noln_ow10
wandb: 猸愶笍 View project at https://wandb.ai/iris-sobolmark/craftax-offline-awr
wandb: 馃殌 View run at https://wandb.ai/iris-sobolmark/craftax-offline-awr/runs/my4g4ljk
wandb: updating run metadata
wandb: uploading history steps 998-999, summary, console lines 194-201
wandb: 
wandb: Run history:
wandb:         train/actor_loss 鈻堚枂鈻勨杽鈻冣杽鈻勨枀鈻冣杺鈻冣杽鈻冣杽鈻傗杽鈻冣杹鈻勨杻鈻傗杹鈻冣杻鈻傗杻鈻冣杺鈻冣杺鈻傗杺鈻呪杻鈻冣杽鈻佲杹鈻傗杻
wandb:           train/adv_mean 鈻傗枂鈻堚杹鈻呪杻鈻傗杻鈻佲杽鈻冣枂鈻冣杺鈻冣杺鈻冣枃鈻呪枀鈻冣杹鈻呪杽鈻冣枂鈻傗杽鈻勨杽鈻傗枃鈻呪枅鈻呪枀鈻勨枀鈻冣枀
wandb:            train/adv_std 鈻堚枃鈻団枃鈻団枀鈻呪杽鈻呪枀鈻冣枀鈻冣杽鈻団杻鈻傗杺鈻傗枂鈻傗杽鈻冣杺鈻勨杹鈻傗枀鈻勨杺鈻佲杽鈻傗杹鈻呪杺鈻佲杻鈻傗杺
wandb:        train/critic_loss 鈻堚枃鈻嗏枂鈻勨杽鈻冣杽鈻勨杻鈻冣杻鈻傗枀鈻傗杺鈻佲枀鈻勨杻鈻傗杻鈻傗杽鈻冣杺鈻傗杻鈻冣杹鈻勨杺鈻傗杽鈻冣杻鈻佲杺鈻佲杺
wandb:       train/entropy_loss 鈻佲杹鈻傗杽鈻呪杽鈻冣杻鈻冣杽鈻嗏枀鈻呪枃鈻嗏枃鈻嗏枃鈻嗏枂鈻堚枂鈻嗏枃鈻団枂鈻嗏枃鈻団枃鈻団枃鈻嗏枂鈻団枂鈻嗏枂鈻団枃
wandb:     train/entropy_oracle 鈻堚枂鈻勨杽鈻冣杻鈻傗杺鈻傗杺鈻傗杺鈻傗杺鈻傗杹鈻傗杹鈻傗杹鈻佲杺鈻傗杹鈻佲杺鈻傗杹鈻佲杹鈻佲杹鈻佲杹鈻佲杹鈻佲杹鈻佲杹
wandb:      train/entropy_train 鈻団枅鈻呪枀鈻冣枀鈻勨杻鈻冣杻鈻呪枀鈻冣杽鈻傗杺鈻冣杺鈻佲杻鈻傗杽鈻冣杻鈻冣杺鈻勨杺鈻冣杻鈻呪杽鈻傗杺鈻冣杻鈻冣杻鈻傗杽
wandb: train/explained_variance 鈻佲杺鈻勨杹鈻傗杺鈻勨枀鈻嗏枀鈻団枃鈻勨杽鈻勨枃鈻嗏枂鈻嗏枃鈻冣杻鈻傗枃鈻団枅鈻嗏枅鈻団杽鈻勨枅鈻嗏枃鈻団枃鈻団枃鈻堚枅
wandb: train/mean_return_oracle 鈻呪枅鈻呪杽鈻冣枂鈻嗏枃鈻勨杻鈻佲杻鈻傗枅鈻団枀鈻冣枅鈻嗏枀鈻呪枂鈻呪杹鈻嗏杽鈻勨枀鈻冣枀鈻勨枂鈻冣枀鈻呪枂鈻呪枀鈻勨枃
wandb:  train/mean_return_train 鈻嗏枀鈻嗏杻鈻堚枂鈻堚枂鈻冣杻鈻嗏杽鈻嗏杺鈻団杽鈻呪枃鈻団枃鈻呪枃鈻傗枂鈻団杻鈻団枃鈻勨杺鈻佲杺鈻冣枃鈻嗏杻鈻嗏枃鈻佲枂
wandb:                      +15 ...
wandb: 
wandb: Run summary:
wandb:         train/actor_loss 2.64229
wandb:           train/adv_mean -0.17569
wandb:            train/adv_std 1.04717
wandb:        train/critic_loss 0.56372
wandb:       train/entropy_loss -1.20042
wandb:     train/entropy_oracle 0.04455
wandb:      train/entropy_train 2.35628
wandb: train/explained_variance 0.73274
wandb: train/mean_return_oracle 1.94835
wandb:  train/mean_return_train 1.16409
wandb:                      +15 ...
wandb: 
wandb: 馃殌 View run v5_noln_ow10 at: https://wandb.ai/iris-sobolmark/craftax-offline-awr/runs/my4g4ljk
wandb: 猸愶笍 View project at: https://wandb.ai/iris-sobolmark/craftax-offline-awr
wandb: Synced 5 W&B file(s), 0 media file(s), 0 artifact file(s) and 0 other file(s)
wandb: Find logs at: /tmp/wandb_6985586/wandb/run-20260406_100720-my4g4ljk/logs
