wandb: [wandb.login()] Loaded credentials for https://api.wandb.ai from /home/geney/.netrc.
wandb: Currently logged in as: gene-jin-yang (iris-sobolmark) to https://api.wandb.ai. Use `wandb login --relogin` to force relogin
wandb: Tracking run with wandb version 0.24.2
wandb: Run data is saved locally in /tmp/wandb_6985579/wandb/run-20260406_103745-0j7czp1s
wandb: Run `wandb offline` to turn off syncing.
wandb: Syncing run v5_lr1e3_beta5_d01
wandb: 猸愶笍 View project at https://wandb.ai/iris-sobolmark/craftax-offline-awr
wandb: 馃殌 View run at https://wandb.ai/iris-sobolmark/craftax-offline-awr/runs/0j7czp1s
wandb: updating run metadata
wandb: uploading history steps 999-999, summary, console lines 196-201
wandb: 
wandb: Run history:
wandb:         train/actor_loss 鈻団枅鈻嗏枃鈻呪枀鈻団枂鈻勨枂鈻嗏杻鈻勨枃鈻冣枀鈻呪杽鈻呪杽鈻勨枀鈻嗏枂鈻呪枃鈻傗枂鈻勨杻鈻傗枀鈻勨枃鈻呪杺鈻佲杺鈻呪杺
wandb:           train/adv_mean 鈻冣枅鈻傗杻鈻佲枅鈻冣杽鈻呪枀鈻勨枀鈻勨枂鈻呪杽鈻冣枀鈻呪枀鈻呪枀鈻嗏枀鈻勨杽鈻勨杽鈻冣枂鈻呪枀鈻勨杽鈻冣枀鈻勨杻鈻呪枃
wandb:            train/adv_std 鈻堚枃鈻呪枃鈻呪杽鈻団杽鈻呪杽鈻勨杽鈻冣杻鈻冣杻鈻冣杽鈻冣杻鈻冣杽鈻冣杺鈻佲杻鈻傗杺鈻傗杻鈻勨杹鈻傗杺鈻佲杻鈻勨枀鈻傗杻
wandb:        train/critic_loss 鈻堚枂鈻冣杻鈻冣杻鈻勨杺鈻冣杺鈻傗杺鈻傗杺鈻傗杺鈻傗杺鈻傗杻鈻佲杺鈻傗杺鈻冣杺鈻傗杹鈻冣杺鈻傗杺鈻傗杹鈻佲杺鈻傗杺鈻傗杹
wandb:       train/entropy_loss 鈻佲杺鈻冣枀鈻勨枀鈻呪枃鈻呪枂鈻嗏枃鈻嗏枀鈻嗏枅鈻団枅鈻嗏枃鈻団枃鈻団枅鈻嗏枅鈻団枃鈻団枃鈻堚枃鈻堚枂鈻堚枃鈻堚枃鈻団枃
wandb:     train/entropy_oracle 鈻堚杽鈻冣杻鈻勨杻鈻冣杻鈻傗杺鈻傗杺鈻冣杻鈻傗杺鈻傗杺鈻傗杹鈻佲杹鈻傗杺鈻傗杹鈻佲杺鈻傗杺鈻佲杹鈻傗杹鈻傗杹鈻佲杹鈻佲杺
wandb:      train/entropy_train 鈻堚枂鈻呪枂鈻団枀鈻嗏杻鈻呪杽鈻傗杻鈻傗枀鈻傗枀鈻勨杺鈻呪枂鈻佲杺鈻勨杻鈻冣杻鈻勨杻鈻冣杺鈻傗杽鈻呪杽鈻冣杻鈻勨杽鈻勨枀
wandb: train/explained_variance 鈻佲杻鈻勨枀鈻嗏枃鈻嗏枂鈻団枂鈻団枃鈻団枃鈻団枃鈻嗏枂鈻団枃鈻団枃鈻嗏枃鈻団枃鈻団枃鈻堚枃鈻団枃鈻団枃鈻団枀鈻堚枃鈻堚枃
wandb: train/mean_return_oracle 鈻冣枀鈻呪杽鈻傗枀鈻佲杺鈻勨枀鈻呪杺鈻傗杽鈻傗杹鈻傗杽鈻呪杽鈻呪枅鈻勨杻鈻呪杻鈻冣杽鈻冣枀鈻勨杽鈻冣杻鈻呪杽鈻勨杽鈻冣杺
wandb:  train/mean_return_train 鈻堚枀鈻嗏杽鈻呪杺鈻冣杹鈻呪枂鈻勨枀鈻呪杽鈻佲枀鈻勨枃鈻団枂鈻団杽鈻団杽鈻傗杽鈻団杻鈻勨枀鈻傗杻鈻佲杽鈻嗏枀鈻勨杽鈻勨杽
wandb:                      +15 ...
wandb: 
wandb: Run summary:
wandb:         train/actor_loss 2.67953
wandb:           train/adv_mean 0.03041
wandb:            train/adv_std 1.02023
wandb:        train/critic_loss 0.5209
wandb:       train/entropy_loss -1.27385
wandb:     train/entropy_oracle 0.14106
wandb:      train/entropy_train 2.40665
wandb: train/explained_variance 0.79921
wandb: train/mean_return_oracle 1.94835
wandb:  train/mean_return_train 1.46521
wandb:                      +15 ...
wandb: 
wandb: 馃殌 View run v5_lr1e3_beta5_d01 at: https://wandb.ai/iris-sobolmark/craftax-offline-awr/runs/0j7czp1s
wandb: 猸愶笍 View project at: https://wandb.ai/iris-sobolmark/craftax-offline-awr
wandb: Synced 5 W&B file(s), 0 media file(s), 0 artifact file(s) and 0 other file(s)
wandb: Find logs at: /tmp/wandb_6985579/wandb/run-20260406_103745-0j7czp1s/logs
