wandb: [wandb.login()] Loaded credentials for https://api.wandb.ai from /home/geney/.netrc.
wandb: Currently logged in as: gene-jin-yang (iris-sobolmark) to https://api.wandb.ai. Use `wandb login --relogin` to force relogin
wandb: Tracking run with wandb version 0.24.2
wandb: Run data is saved locally in /tmp/wandb_6961524/wandb/run-20260405_133638-xe98bqyx
wandb: Run `wandb offline` to turn off syncing.
wandb: Syncing run v5_lr3e4_ow10
wandb: 猸愶笍 View project at https://wandb.ai/iris-sobolmark/craftax-offline-awr
wandb: 馃殌 View run at https://wandb.ai/iris-sobolmark/craftax-offline-awr/runs/xe98bqyx
wandb: updating run metadata
wandb: uploading history steps 998-999, summary, console lines 194-201
wandb: 
wandb: Run history:
wandb:         train/actor_loss 鈻団枅鈻団枂鈻勨枀鈻嗏枀鈻勨枃鈻呪杽鈻呪枀鈻呪枀鈻冣杻鈻冣枀鈻勨杺鈻冣枀鈻勨杽鈻佲杻鈻勨杽鈻勨杻鈻傗杺鈻佲杺鈻傗杽鈻冣杺
wandb:           train/adv_mean 鈻堚杻鈻冣枅鈻佲枀鈻冣枀鈻冣杻鈻冣杻鈻冣杻鈻勨杽鈻呪杻鈻勨杻鈻冣枀鈻冣杽鈻冣枀鈻冣杽鈻冣枀鈻嗏杻鈻勨枀鈻勨枀鈻冣杺鈻冣杻
wandb:            train/adv_std 鈻団枅鈻呪枂鈻勨杽鈻嗏枀鈻冣杻鈻傗杽鈻傗杺鈻傗枂鈻勨杽鈻傗杻鈻佲杺鈻団枀鈻傗杺鈻傗杺鈻冣杺鈻傗杹鈻傗杻鈻佲杹鈻冣杻鈻傗杹
wandb:        train/critic_loss 鈻堚杽鈻呪杽鈻勨杻鈻傗杽鈻勨杻鈻傗杺鈻傗杺鈻佲杹鈻勨杺鈻傗枀鈻冣杺鈻佲杺鈻佲杻鈻傗杺鈻傗杹鈻佲杹鈻佲杹鈻佲杺鈻佲杻鈻傗杹
wandb:       train/entropy_loss 鈻佲杺鈻勨杻鈻冣杽鈻勨枀鈻呪枂鈻嗏枂鈻団枂鈻団枃鈻団枅鈻団枅鈻堚枃鈻団枂鈻団枃鈻団枃鈻団枃鈻団枅鈻団枃鈻団枃鈻団枃鈻堚枅
wandb:     train/entropy_oracle 鈻堚枀鈻勨杽鈻冣杺鈻冣杺鈻傗杺鈻傗杺鈻傗杹鈻佲杹鈻佲杺鈻佲杺鈻傗杺鈻傗杺鈻傗杹鈻佲杹鈻傗杹鈻佲杹鈻佲杺鈻佲杹鈻傗杹鈻佲杹
wandb:      train/entropy_train 鈻団枀鈻嗏枃鈻傗枅鈻団枂鈻嗏枅鈻呪枂鈻呪杻鈻呪杹鈻呪杻鈻勨杹鈻冣杽鈻呪杹鈻冣枂鈻勨杻鈻嗏杽鈻勨杺鈻佲杻鈻傗杹鈻呪杽鈻呪杽
wandb: train/explained_variance 鈻佲杹鈻勨枂鈻団枂鈻呪枃鈻呪枃鈻団枃鈻堚枃鈻堚枅鈻嗏枃鈻団枅鈻堚枅鈻堚枅鈻呪枃鈻団枅鈻堚枂鈻勨枅鈻嗏枂鈻団枅鈻団枅鈻堚枅
wandb: train/mean_return_oracle 鈻嗏杻鈻嗏枀鈻佲枂鈻嗏枀鈻呪枀鈻呪杺鈻勨枀鈻傗杽鈻勨枀鈻嗏杺鈻嗏杻鈻堚杽鈻勨枂鈻勨杹鈻呪杽鈻呪杺鈻勨枃鈻勨枃鈻勨杻鈻勨杺
wandb:  train/mean_return_train 鈻呪枂鈻嗏杻鈻冣枂鈻冣杽鈻嗏杺鈻勨枀鈻呪枀鈻堚枀鈻勨枂鈻嗏杻鈻嗏杽鈻傗杻鈻勨杽鈻傗杹鈻呪杺鈻傗枀鈻勨杻鈻冣枂鈻冣枀鈻嗏枃
wandb:                      +15 ...
wandb: 
wandb: Run summary:
wandb:         train/actor_loss 2.49705
wandb:           train/adv_mean -0.04119
wandb:            train/adv_std 1.02074
wandb:        train/critic_loss 0.5218
wandb:       train/entropy_loss -1.29744
wandb:     train/entropy_oracle 0.12678
wandb:      train/entropy_train 2.46809
wandb: train/explained_variance 0.77212
wandb: train/mean_return_oracle 1.94835
wandb:  train/mean_return_train 1.19869
wandb:                      +15 ...
wandb: 
wandb: 馃殌 View run v5_lr3e4_ow10 at: https://wandb.ai/iris-sobolmark/craftax-offline-awr/runs/xe98bqyx
wandb: 猸愶笍 View project at: https://wandb.ai/iris-sobolmark/craftax-offline-awr
wandb: Synced 5 W&B file(s), 0 media file(s), 0 artifact file(s) and 0 other file(s)
wandb: Find logs at: /tmp/wandb_6961524/wandb/run-20260405_133638-xe98bqyx/logs
