wandb: [wandb.login()] Loaded credentials for https://api.wandb.ai from /home/geney/.netrc.
wandb: Currently logged in as: gene-jin-yang (iris-sobolmark) to https://api.wandb.ai. Use `wandb login --relogin` to force relogin
wandb: Tracking run with wandb version 0.24.2
wandb: Run data is saved locally in /tmp/wandb_6992184/wandb/run-20260406_212901-81hzwq9u
wandb: Run `wandb offline` to turn off syncing.
wandb: Syncing run v8_lr1e4_ow20
wandb: 猸愶笍 View project at https://wandb.ai/iris-sobolmark/craftax-offline-awr
wandb: 馃殌 View run at https://wandb.ai/iris-sobolmark/craftax-offline-awr/runs/81hzwq9u
wandb: updating run metadata
wandb: uploading history steps 998-999, summary, console lines 174-181
wandb: 
wandb: Run history:
wandb:         train/actor_loss 鈻団枅鈻呪枂鈻勨枂鈻呪杺鈻勨枅鈻勨枂鈻堚杻鈻冣枀鈻呪杽鈻勨杻鈻勨杺鈻呪杻鈻傗枀鈻勨枀鈻呪枂鈻佲杽鈻呪枀鈻呪杹鈻嗏杽鈻嗏杹
wandb:           train/adv_mean 鈻佲枃鈻呪枅鈻団枃鈻堚枃鈻堚枃鈻団枃鈻嗏枃鈻嗏枃鈻団枃鈻団枃鈻堚枃鈻団枅鈻団枃鈻団枃鈻堚枃鈻団枂鈻堚枃鈻団枃鈻団枃鈻団枃
wandb:            train/adv_std 鈻堚枃鈻嗏枂鈻団枀鈻嗏枀鈻勨杽鈻呪枀鈻勨杻鈻冣枀鈻呪杻鈻冣杺鈻冣枀鈻冣杽鈻冣枀鈻冣杻鈻勨杽鈻勨杽鈻冣杻鈻傗杻鈻傗杺鈻傗杹
wandb:        train/critic_loss 鈻堚杽鈻呪杽鈻勨枀鈻勨杽鈻冣杺鈻冣杻鈻団杻鈻呪杺鈻冣杻鈻冣杺鈻傗杺鈻佲杻鈻傗杺鈻嗏杺鈻冣杺鈻佲杽鈻傗杹鈻傗杹鈻傗杹鈻佲杹
wandb:       train/entropy_loss 鈻佲杽鈻傗杻鈻傗杽鈻呪杻鈻冣杻鈻勨枅鈻呪枃鈻呪枃鈻堚枃鈻嗏枃鈻呪枂鈻呪枃鈻嗏杽鈻呪枀鈻呪枂鈻呪枀鈻嗏枂鈻団枅鈻嗏枀鈻団枃
wandb:     train/entropy_oracle 鈻団枂鈻堚枂鈻嗏杽鈻呪杽鈻冣杻鈻傗杻鈻傗杻鈻傗杻鈻傗杺鈻傗杺鈻傗杺鈻傗杺鈻佲杺鈻佲杺鈻傗杺鈻佲杺鈻傗杹鈻傗杺鈻佲杹鈻佲杹
wandb:      train/entropy_train 鈻堚枅鈻嗏枂鈻団枂鈻勨枀鈻呪枀鈻嗏枃鈻勨枀鈻嗏杻鈻佲杽鈻勨杹鈻勨杻鈻勨杻鈻冣枀鈻傗杽鈻勨杺鈻勨杻鈻勨杻鈻冣杺鈻勨杽鈻勨杻
wandb: train/explained_variance 鈻佲杹鈻勨枀鈻勨杽鈻呪枀鈻団枃鈻嗏枀鈻呪枀鈻団枀鈻呪枃鈻嗏枂鈻団枀鈻勨枂鈻嗏枃鈻団杹鈻冣杽鈻嗏枅鈻勨枂鈻嗏杽鈻団枃鈻堚枅
wandb: train/mean_return_oracle 鈻勨杻鈻傗杺鈻傗杺鈻傗杻鈻嗏杽鈻勨杻鈻勨杽鈻堚杺鈻冣杻鈻傗杽鈻冣杺鈻傗杹鈻傗枀鈻冣杺鈻冣杻鈻勨杽鈻傗杹鈻傗枀鈻勨杺鈻冣杻
wandb:  train/mean_return_train 鈻勨枅鈻冣枃鈻呪枀鈻佲枀鈻冣杻鈻勨杽鈻冣枂鈻嗏杻鈻団杽鈻勨枀鈻団杻鈻冣杻鈻勨杹鈻勨杺鈻勨枂鈻傗杻鈻勨枀鈻冣杺鈻嗏枂鈻勨枂
wandb:                      +18 ...
wandb: 
wandb: Run summary:
wandb:         train/actor_loss 2.61685
wandb:           train/adv_mean 0.10097
wandb:            train/adv_std 1.06038
wandb:        train/critic_loss 0.5673
wandb:       train/entropy_loss -2.46779
wandb:     train/entropy_oracle 0.04631
wandb:      train/entropy_train 2.46779
wandb: train/explained_variance 0.80223
wandb: train/mean_return_oracle 2.08949
wandb:  train/mean_return_train 1.53063
wandb:                      +18 ...
wandb: 
wandb: 馃殌 View run v8_lr1e4_ow20 at: https://wandb.ai/iris-sobolmark/craftax-offline-awr/runs/81hzwq9u
wandb: 猸愶笍 View project at: https://wandb.ai/iris-sobolmark/craftax-offline-awr
wandb: Synced 5 W&B file(s), 0 media file(s), 0 artifact file(s) and 0 other file(s)
wandb: Find logs at: /tmp/wandb_6992184/wandb/run-20260406_212901-81hzwq9u/logs
