wandb: [wandb.login()] Loaded credentials for https://api.wandb.ai from /home/geney/.netrc.
wandb: Currently logged in as: gene-jin-yang (iris-sobolmark) to https://api.wandb.ai. Use `wandb login --relogin` to force relogin
wandb: Tracking run with wandb version 0.24.2
wandb: Run data is saved locally in /tmp/wandb_6986297/wandb/run-20260406_120647-67q33as5
wandb: Run `wandb offline` to turn off syncing.
wandb: Syncing run v6_lr1e4_beta5
wandb: 猸愶笍 View project at https://wandb.ai/iris-sobolmark/craftax-offline-awr
wandb: 馃殌 View run at https://wandb.ai/iris-sobolmark/craftax-offline-awr/runs/67q33as5
wandb: updating run metadata
wandb: uploading history steps 998-999, summary, console lines 194-201
wandb: 
wandb: Run history:
wandb:         train/actor_loss 鈻団枂鈻堚枀鈻呪杻鈻勨枃鈻呪杺鈻勨杽鈻呪杽鈻勨杹鈻呪杻鈻傗杺鈻傗杺鈻傗杻鈻冣枀鈻勨枂鈻冣枀鈻傗杽鈻傗杻鈻傗杻鈻勨杻鈻傗杺
wandb:           train/adv_mean 鈻堚枀鈻佲枀鈻勨枂鈻呪枀鈻傗枂鈻嗏枂鈻呪枂鈻勨杹鈻冣杽鈻呪枃鈻嗏枀鈻呪杽鈻呪枃鈻嗏枂鈻嗏杽鈻呪杽鈻嗏枂鈻嗏枀鈻呪杽鈻呪杽
wandb:            train/adv_std 鈻堚枅鈻嗏枀鈻勨杺鈻冣杻鈻傗杽鈻勨杽鈻冣杺鈻冣杹鈻佲杻鈻傗杺鈻佲杺鈻傗杹鈻佲杹鈻佲杹鈻呪杽鈻冣杺鈻傗杹鈻佲杺鈻傗杺鈻傗杻
wandb:        train/critic_loss 鈻堚枀鈻勨杻鈻傗杺鈻傗杺鈻傗杺鈻傗杺鈻傗杹鈻冣杺鈻佲杺鈻佲杻鈻佲杺鈻佲杺鈻佲杹鈻佲杺鈻佲杺鈻佲杺鈻傗杺鈻佲杹鈻佲杹鈻佲杹
wandb:       train/entropy_loss 鈻佲杻鈻呪枂鈻嗏枂鈻団枃鈻団枃鈻団枅鈻団枃鈻堚枃鈻団枃鈻団枅鈻団枃鈻堚枃鈻堚枃鈻堚枃鈻堚枅鈻堚枃鈻堚枅鈻堚枅鈻堚枅鈻堚枅
wandb:     train/entropy_oracle 鈻堚杽鈻勨杽鈻冣杺鈻冣杺鈻傗杺鈻傗杺鈻傗杺鈻傗杺鈻佲杹鈻傗杹鈻佲杹鈻佲杺鈻傗杹鈻佲杹鈻佲杹鈻佲杹鈻佲杹鈻佲杹鈻傗杹鈻佲杹
wandb:      train/entropy_train 鈻呪枅鈻堚枂鈻団枃鈻勨杻鈻勨杽鈻冣杻鈻呪杻鈻勨杽鈻呪杺鈻勨枀鈻勨杽鈻勨杻鈻勨杽鈻勨杻鈻勨杻鈻勨杹鈻冣杽鈻冣杽鈻冣杻鈻傗杺
wandb: train/explained_variance 鈻佲枂鈻団枂鈻団枃鈻団枃鈻団枂鈻堚枃鈻団枃鈻団枃鈻団枃鈻堚枃鈻団枃鈻堚枅鈻堚枅鈻団枅鈻堚枅鈻嗏枅鈻堚枃鈻団枅鈻堚枃鈻堚枅
wandb: train/mean_return_oracle 鈻嗏枀鈻冣杻鈻呪杽鈻堚枀鈻団杻鈻嗏杽鈻呪枅鈻嗏枀鈻団杽鈻勨杻鈻呪枂鈻嗏枂鈻傗杽鈻堚杻鈻嗏枃鈻団枃鈻佲杻鈻嗏枀鈻呪杺鈻団枂
wandb:  train/mean_return_train 鈻堚杽鈻嗏杽鈻勨杺鈻勨杽鈻冣枀鈻嗏枀鈻傗杺鈻佲杽鈻冣枀鈻呪枀鈻呪枀鈻勨杽鈻団枂鈻呪枀鈻傗杻鈻団杺鈻冣杽鈻佲杺鈻冣枀鈻冣枀
wandb:                      +15 ...
wandb: 
wandb: Run summary:
wandb:         train/actor_loss 2.40247
wandb:           train/adv_mean -0.04976
wandb:            train/adv_std 0.86228
wandb:        train/critic_loss 0.373
wandb:       train/entropy_loss -1.13892
wandb:     train/entropy_oracle 0.05898
wandb:      train/entropy_train 2.21885
wandb: train/explained_variance 0.856
wandb: train/mean_return_oracle 1.51805
wandb:  train/mean_return_train 1.44194
wandb:                      +15 ...
wandb: 
wandb: 馃殌 View run v6_lr1e4_beta5 at: https://wandb.ai/iris-sobolmark/craftax-offline-awr/runs/67q33as5
wandb: 猸愶笍 View project at: https://wandb.ai/iris-sobolmark/craftax-offline-awr
wandb: Synced 5 W&B file(s), 0 media file(s), 0 artifact file(s) and 0 other file(s)
wandb: Find logs at: /tmp/wandb_6986297/wandb/run-20260406_120647-67q33as5/logs
