wandb: [wandb.login()] Loaded credentials for https://api.wandb.ai from /home/geney/.netrc.
wandb: Currently logged in as: gene-jin-yang (iris-sobolmark) to https://api.wandb.ai. Use `wandb login --relogin` to force relogin
wandb: setting up run 7zaxsqw4
wandb: Tracking run with wandb version 0.24.2
wandb: Run data is saved locally in /tmp/wandb_6992481/wandb/run-20260406_214210-7zaxsqw4
wandb: Run `wandb offline` to turn off syncing.
wandb: Syncing run v8_lr1e4_w1024
wandb: 猸愶笍 View project at https://wandb.ai/iris-sobolmark/craftax-offline-awr
wandb: 馃殌 View run at https://wandb.ai/iris-sobolmark/craftax-offline-awr/runs/7zaxsqw4
wandb: updating run metadata
wandb: uploading history steps 998-999, summary, console lines 174-181
wandb: 
wandb: Run history:
wandb:         train/actor_loss 鈻堚枃鈻勨杽鈻冣杽鈻冣杽鈻冣杻鈻冣杺鈻冣杻鈻勨杺鈻勨杻鈻冣杻鈻勨杽鈻傗杺鈻傗杽鈻勨杻鈻傗杹鈻傗杻鈻冣杺鈻傗杺鈻佲杹鈻傗杺
wandb:           train/adv_mean 鈻団枂鈻嗏杹鈻団枃鈻勨杽鈻嗏枀鈻堚枀鈻傗枀鈻冣枀鈻嗏枀鈻呪枂鈻呪枀鈻傗枀鈻団枀鈻嗏枀鈻呪杽鈻呪杻鈻勨枀鈻嗏枀鈻勨枀鈻嗏枀
wandb:            train/adv_std 鈻嗏枃鈻呪枂鈻堚杽鈻呪杽鈻勨杽鈻冣杻鈻冣杻鈻団杻鈻勨杻鈻冣杺鈻冣杺鈻傗杻鈻冣杺鈻傗杻鈻傗杻鈻傗杺鈻傗杺鈻勨杺鈻佲杹鈻呪杹
wandb:        train/critic_loss 鈻堚枀鈻呪杽鈻冣杽鈻冣杻鈻冣杽鈻傗杻鈻冣杺鈻冣杺鈻傗杺鈻佲杽鈻傗杺鈻佲杹鈻冣杺鈻佲杹鈻傗杺鈻佲杺鈻傗杹鈻佲杺鈻佲杹鈻佲杹
wandb:       train/entropy_loss 鈻佲杻鈻傗杻鈻呪杺鈻勨杽鈻勨枀鈻勨枂鈻呪枂鈻嗏枃鈻嗏枅鈻嗏杽鈻嗏枀鈻嗏枂鈻堚枀鈻団枅鈻団枂鈻団枂鈻呪枃鈻団枀鈻団枅鈻堚枃
wandb:     train/entropy_oracle 鈻堚枃鈻呪枀鈻勨杽鈻勨杽鈻勨杻鈻傗杺鈻傗杺鈻傗杺鈻傗杺鈻傗杺鈻佲杹鈻傗杹鈻傗杺鈻佲杹鈻傗杹鈻傗杹鈻傗杹鈻佲杹鈻傗杺鈻佲杹
wandb:      train/entropy_train 鈻堚枂鈻勨枀鈻嗏杽鈻勨枀鈻呪杽鈻呪杽鈻勨杽鈻勨杽鈻勨杽鈻傗杽鈻冣杻鈻傗杺鈻冣杽鈻冣杻鈻冣杻鈻勨杺鈻冣杻鈻冣杺鈻傗杻鈻傗杹
wandb: train/explained_variance 鈻佲杻鈻呪枀鈻呪枃鈻冣枃鈻団枃鈻呪枂鈻呪枂鈻勨枂鈻嗏枅鈻堚枂鈻堚枅鈻団枂鈻団枃鈻団枅鈻堚枃鈻団枅鈻呪枂鈻団枅鈻堚枅鈻堚枅
wandb: train/mean_return_oracle 鈻傗枀鈻団枂鈻呪枂鈻堚枀鈻佲枀鈻傗枀鈻勨枃鈻勨枃鈻傗枃鈻勨杽鈻佲杽鈻冣枃鈻傗枃鈻勨枀鈻傗枂鈻呪杽鈻呪杽鈻団枀鈻嗏杻鈻呪杹
wandb:  train/mean_return_train 鈻呪杻鈻堚杽鈻傗杻鈻勨枅鈻冣杺鈻傗枃鈻冣枀鈻呪杻鈻嗏枀鈻勨杽鈻冣杻鈻冣杽鈻呪杽鈻傗杽鈻冣杽鈻冣杺鈻佲杺鈻冣杻鈻冣杹鈻傗杽
wandb:                      +18 ...
wandb: 
wandb: Run summary:
wandb:         train/actor_loss 2.53759
wandb:           train/adv_mean -0.00471
wandb:            train/adv_std 0.95986
wandb:        train/critic_loss 0.46068
wandb:       train/entropy_loss -2.17815
wandb:     train/entropy_oracle 0.05862
wandb:      train/entropy_train 2.17815
wandb: train/explained_variance 0.78944
wandb: train/mean_return_oracle 2.08949
wandb:  train/mean_return_train 1.28675
wandb:                      +18 ...
wandb: 
wandb: 馃殌 View run v8_lr1e4_w1024 at: https://wandb.ai/iris-sobolmark/craftax-offline-awr/runs/7zaxsqw4
wandb: 猸愶笍 View project at: https://wandb.ai/iris-sobolmark/craftax-offline-awr
wandb: Synced 5 W&B file(s), 0 media file(s), 0 artifact file(s) and 0 other file(s)
wandb: Find logs at: /tmp/wandb_6992481/wandb/run-20260406_214210-7zaxsqw4/logs
