wandb: [wandb.login()] Loaded credentials for https://api.wandb.ai from /home/geney/.netrc.
wandb: Currently logged in as: gene-jin-yang (iris-sobolmark) to https://api.wandb.ai. Use `wandb login --relogin` to force relogin
wandb: Tracking run with wandb version 0.24.2
wandb: Run data is saved locally in /tmp/wandb_6990098/wandb/run-20260406_184028-xuc0sryl
wandb: Run `wandb offline` to turn off syncing.
wandb: Syncing run v7_lr1e4_w1024
wandb: 猸愶笍 View project at https://wandb.ai/iris-sobolmark/craftax-offline-awr
wandb: 馃殌 View run at https://wandb.ai/iris-sobolmark/craftax-offline-awr/runs/xuc0sryl
wandb: updating run metadata
wandb: uploading history steps 998-999, summary, console lines 194-201
wandb: 
wandb: Run history:
wandb:         train/actor_loss 鈻堚枃鈻呪杽鈻呪枀鈻呪枀鈻勨枂鈻嗏枃鈻勨杻鈻勨杽鈻勨杽鈻冣杽鈻冣杺鈻冣杻鈻冣杺鈻傗枀鈻佲杽鈻傗枃鈻傗杻鈻冣杻鈻傗杺鈻傗杺
wandb:           train/adv_mean 鈻団枀鈻堚枃鈻団枃鈻呪杺鈻呪枃鈻呪杽鈻嗏杽鈻呪枃鈻団枂鈻呪枃鈻嗏枃鈻嗏枃鈻勨枀鈻佲枂鈻呪枃鈻呪枂鈻呪枂鈻嗏杽鈻嗏枀鈻呪枂
wandb:            train/adv_std 鈻堚枂鈻嗏枀鈻呪杽鈻勨杻鈻勨杻鈻勨杻鈻傗杽鈻傗杽鈻冣杺鈻傗杺鈻傗杺鈻冣杻鈻傗杺鈻冣杻鈻佲杽鈻佲杺鈻傗杺鈻傗杹鈻勨杻鈻傗杹
wandb:        train/critic_loss 鈻堚枅鈻勨枀鈻冣杻鈻冣杺鈻傗杺鈻傗杹鈻佲杻鈻佲杺鈻傗杹鈻佲杹鈻佲杹鈻佲杹鈻佲杹鈻冣杹鈻佲杹鈻佲杹鈻佲杹鈻佲杹鈻佲杺鈻佲杹
wandb:       train/entropy_loss 鈻佲杽鈻勨杽鈻勨枀鈻冣杽鈻勨枂鈻嗏枂鈻嗏枃鈻嗏枃鈻団枅鈻団枅鈻団枅鈻団枃鈻団枅鈻団枅鈻団枂鈻嗏枃鈻堚枃鈻団枅鈻団枃鈻堚枃
wandb:     train/entropy_oracle 鈻団枅鈻堚枀鈻呪枀鈻呪杽鈻冣杻鈻冣杻鈻傗杻鈻冣杻鈻傗杻鈻冣杺鈻傗杻鈻傗杺鈻傗杹鈻冣杹鈻佲杺鈻傗杹鈻傗杺鈻傗杹鈻傗杺鈻佲杹
wandb:      train/entropy_train 鈻嗏枃鈻団杽鈻堚枂鈻嗏枀鈻呪枀鈻呪杽鈻嗏杻鈻呪杽鈻傗杻鈻勨杽鈻呪枀鈻呪枀鈻勨杻鈻呪杻鈻傗枃鈻勨杻鈻呪杹鈻傗杽鈻勨杻鈻佲枀
wandb: train/explained_variance 鈻佲枂鈻呪枃鈻呪枃鈻団枃鈻団枅鈻堚枃鈻堚枅鈻嗏枅鈻堚枅鈻堚枅鈻堚枅鈻堚枅鈻堚枂鈻堚枅鈻嗏枅鈻団枅鈻堚枅鈻堚枅鈻団枅鈻堚枅
wandb: train/mean_return_oracle 鈻勨枂鈻勨枂鈻勨枀鈻傗枂鈻呪枀鈻傗枂鈻勨枂鈻冣杻鈻勨枀鈻佲杻鈻勨枅鈻冣杻鈻勨枅鈻嗏枀鈻冣枂鈻呪枂鈻冣枂鈻嗏杽鈻呪杻鈻嗏枀
wandb:  train/mean_return_train 鈻呪枂鈻嗏杽鈻冣杻鈻勨杺鈻傗枀鈻呪杽鈻傗杽鈻冣杽鈻冣杽鈻傗枀鈻勨枂鈻堚杽鈻冣杺鈻呪杹鈻佲杺鈻勨杺鈻勨杽鈻嗏杻鈻呪杻鈻冣杻
wandb:                      +18 ...
wandb: 
wandb: Run summary:
wandb:         train/actor_loss 2.3851
wandb:           train/adv_mean 0.07228
wandb:            train/adv_std 1.02589
wandb:        train/critic_loss 0.52884
wandb:       train/entropy_loss -1.15984
wandb:     train/entropy_oracle 0.08406
wandb:      train/entropy_train 2.23563
wandb: train/explained_variance 0.84987
wandb: train/mean_return_oracle 1.79019
wandb:  train/mean_return_train 1.74443
wandb:                      +18 ...
wandb: 
wandb: 馃殌 View run v7_lr1e4_w1024 at: https://wandb.ai/iris-sobolmark/craftax-offline-awr/runs/xuc0sryl
wandb: 猸愶笍 View project at: https://wandb.ai/iris-sobolmark/craftax-offline-awr
wandb: Synced 5 W&B file(s), 0 media file(s), 0 artifact file(s) and 0 other file(s)
wandb: Find logs at: /tmp/wandb_6990098/wandb/run-20260406_184028-xuc0sryl/logs
