wandb: [wandb.login()] Loaded credentials for https://api.wandb.ai from /home/geney/.netrc.
wandb: Currently logged in as: gene-jin-yang (iris-sobolmark) to https://api.wandb.ai. Use `wandb login --relogin` to force relogin
wandb: Tracking run with wandb version 0.24.2
wandb: Run data is saved locally in /tmp/wandb_6985608/wandb/run-20260406_101314-svasbkun
wandb: Run `wandb offline` to turn off syncing.
wandb: Syncing run v5_ow05
wandb: ‚≠źÔłŹ View project at https://wandb.ai/iris-sobolmark/craftax-offline-awr
wandb: ūüöÄ View run at https://wandb.ai/iris-sobolmark/craftax-offline-awr/runs/svasbkun
wandb: WARNING Fatal error while uploading data. Some run data will not be synced, but it will still be written to disk. Use `wandb sync` at the end of the run to try uploading.
wandb: updating run metadata
wandb: uploading output.log
wandb: 
wandb: Run history:
wandb:         train/actor_loss ‚ĖÖ‚ĖĄ‚ĖÉ‚Ėą‚ĖÜ‚ĖÖ‚ĖĄ‚ĖĄ‚ĖÖ‚ĖÖ‚ĖĄ‚ĖÉ‚Ėā‚ĖÉ‚ĖĄ‚ĖĄ‚ĖĄ‚ĖĀ‚ĖĄ‚Ėā‚Ėā‚ĖÉ‚ĖĄ‚ĖÉ‚ĖĄ‚ĖÉ‚ĖĄ‚ĖÉ‚Ėā‚ĖĄ‚Ėā‚Ėā‚ĖĄ‚ĖÉ‚Ėā‚ĖÖ‚ĖĄ‚ĖÉ‚ĖÉ‚ĖĄ
wandb:           train/adv_mean ‚Ėā‚Ėą‚ĖĄ‚ĖÖ‚Ėā‚ĖĄ‚ĖĄ‚ĖÜ‚ĖÖ‚ĖÉ‚Ėá‚ĖÉ‚ĖĄ‚ĖÉ‚ĖĄ‚ĖĀ‚ĖĀ‚ĖĄ‚ĖÉ‚ĖÖ‚ĖĄ‚ĖĄ‚ĖĄ‚ĖÖ‚ĖĄ‚ĖÉ‚ĖÉ‚ĖĀ‚ĖÖ‚Ėā‚ĖÜ‚ĖĄ‚Ėā‚ĖÖ‚ĖÉ‚ĖĄ‚ĖÖ‚ĖĄ‚Ėā‚ĖĄ
wandb:            train/adv_std ‚ĖÜ‚Ėá‚ĖÜ‚ĖÖ‚ĖÜ‚ĖÖ‚ĖÖ‚Ėą‚ĖĄ‚ĖÉ‚ĖÉ‚Ėā‚Ėā‚ĖÖ‚ĖÉ‚Ėá‚ĖĄ‚ĖÖ‚ĖĄ‚Ėā‚Ėā‚Ėā‚ĖÜ‚ĖÉ‚Ėā‚ĖÉ‚ĖĀ‚Ėā‚ĖÉ‚Ėā‚Ėā‚Ėā‚Ėā‚Ėā‚Ėā‚ĖĀ‚ĖĀ‚ĖĀ‚Ėā‚Ėā
wandb:        train/critic_loss ‚Ėą‚ĖÖ‚ĖÖ‚ĖÜ‚ĖÉ‚Ėā‚ĖÉ‚Ėā‚ĖÉ‚Ėā‚Ėā‚Ėā‚ĖÜ‚ĖÉ‚ĖĀ‚Ėā‚ĖĀ‚Ėā‚Ėā‚ĖĀ‚Ėā‚ĖÉ‚ĖÖ‚Ėā‚Ėā‚Ėā‚Ėā‚Ėā‚ĖĀ‚Ėā‚ĖĀ‚ĖĀ‚ĖĀ‚ĖĀ‚ĖĀ‚ĖĀ‚ĖĀ‚Ėā‚ĖĀ‚ĖĀ
wandb:       train/entropy_loss ‚ĖĀ‚ĖÜ‚ĖÖ‚ĖĄ‚ĖÖ‚ĖÖ‚ĖÜ‚ĖÖ‚ĖÜ‚ĖÖ‚ĖÜ‚ĖÜ‚Ėá‚ĖÜ‚ĖÜ‚Ėá‚Ėá‚Ėá‚Ėá‚Ėá‚Ėá‚Ėą‚Ėá‚Ėá‚Ėá‚Ėá‚Ėá‚Ėą‚Ėá‚Ėá‚Ėá‚Ėá‚Ėá‚Ėą‚Ėá‚Ėá‚Ėá‚Ėá‚Ėá‚Ėá
wandb:     train/entropy_oracle ‚Ėá‚Ėá‚Ėą‚Ėá‚ĖÜ‚ĖĄ‚ĖÉ‚ĖÉ‚ĖÉ‚ĖĄ‚ĖĄ‚ĖÉ‚Ėā‚ĖÉ‚ĖÉ‚ĖÉ‚Ėā‚Ėā‚Ėā‚Ėā‚ĖÉ‚ĖĀ‚Ėā‚ĖĀ‚Ėā‚Ėā‚Ėā‚ĖĀ‚ĖĀ‚ĖĀ‚Ėā‚Ėā‚ĖĀ‚ĖĀ‚ĖĀ‚Ėā‚ĖĀ‚ĖĀ‚ĖĀ‚ĖĀ
wandb:      train/entropy_train ‚Ėą‚Ėą‚ĖĄ‚ĖĄ‚ĖĄ‚Ėā‚ĖĄ‚ĖĄ‚ĖĄ‚ĖĄ‚ĖÖ‚ĖÉ‚ĖÉ‚ĖĄ‚ĖĄ‚ĖÉ‚Ėā‚ĖÉ‚Ėā‚Ėā‚ĖÉ‚ĖÉ‚ĖĀ‚ĖÉ‚Ėā‚Ėā‚Ėā‚ĖÉ‚Ėā‚ĖĀ‚ĖÉ‚ĖÉ‚Ėā‚ĖÉ‚ĖÉ‚Ėā‚Ėā‚ĖĀ‚ĖĀ‚Ėā
wandb: train/explained_variance ‚Ėā‚ĖÖ‚ĖÖ‚ĖÜ‚ĖÖ‚ĖÜ‚ĖÜ‚ĖÜ‚Ėą‚Ėá‚Ėá‚Ėą‚Ėą‚Ėą‚ĖÖ‚Ėą‚Ėą‚ĖÜ‚ĖÜ‚Ėą‚ĖÖ‚Ėą‚Ėá‚Ėá‚Ėą‚ĖĀ‚Ėá‚Ėą‚Ėá‚Ėą‚Ėá‚Ėą‚Ėą‚Ėą‚Ėą‚Ėá‚Ėą‚ĖÖ‚ĖÜ‚Ėą
wandb: train/mean_return_oracle ‚ĖÖ‚ĖÉ‚Ėā‚Ėą‚ĖÉ‚ĖÜ‚ĖÜ‚ĖĄ‚Ėā‚Ėā‚ĖĄ‚Ėá‚ĖÜ‚ĖÉ‚ĖÜ‚ĖÖ‚ĖĀ‚ĖÖ‚ĖĄ‚Ėá‚ĖÜ‚Ėā‚ĖÖ‚ĖÉ‚Ėá‚Ėā‚ĖÜ‚ĖÜ‚ĖÜ‚ĖÉ‚ĖÉ‚ĖĀ‚ĖĀ‚ĖÖ‚ĖÖ‚ĖÉ‚ĖĄ‚Ėā‚ĖÉ‚Ėā
wandb:  train/mean_return_train ‚ĖÜ‚Ėą‚ĖÖ‚ĖÖ‚ĖÉ‚ĖÜ‚ĖĄ‚Ėā‚ĖÖ‚Ėā‚ĖĄ‚ĖĄ‚Ėā‚ĖĄ‚Ėā‚ĖĄ‚ĖÜ‚ĖÜ‚ĖĄ‚ĖÖ‚ĖÖ‚Ėā‚ĖÉ‚ĖÉ‚ĖÜ‚ĖÖ‚ĖÉ‚ĖĄ‚Ėā‚ĖĀ‚ĖÉ‚ĖÉ‚ĖĀ‚ĖĄ‚ĖÉ‚ĖĄ‚ĖĄ‚ĖĄ‚Ėā‚ĖĄ
wandb:                      +15 ...
wandb: 
wandb: Run summary:
wandb:         train/actor_loss 2.36522
wandb:           train/adv_mean -0.03847
wandb:            train/adv_std 0.98446
wandb:        train/critic_loss 0.48532
wandb:       train/entropy_loss -1.24484
wandb:     train/entropy_oracle 0.1835
wandb:      train/entropy_train 2.30619
wandb: train/explained_variance 0.81519
wandb: train/mean_return_oracle 1.94835
wandb:  train/mean_return_train 1.28877
wandb:                      +15 ...
wandb: 
wandb: ūüöÄ View run v5_ow05 at: https://wandb.ai/iris-sobolmark/craftax-offline-awr/runs/svasbkun
wandb: ‚≠źÔłŹ View project at: https://wandb.ai/iris-sobolmark/craftax-offline-awr
wandb: Synced 5 W&B file(s), 0 media file(s), 0 artifact file(s) and 0 other file(s)
wandb: Find logs at: /tmp/wandb_6985608/wandb/run-20260406_101314-svasbkun/logs
