wandb: [wandb.login()] Loaded credentials for https://api.wandb.ai from /home/geney/.netrc.
wandb: Currently logged in as: gene-jin-yang (iris-sobolmark) to https://api.wandb.ai. Use `wandb login --relogin` to force relogin
wandb: setting up run m42o1cn2
wandb: Tracking run with wandb version 0.24.2
wandb: Run data is saved locally in /tmp/wandb_6986291/wandb/run-20260406_120552-m42o1cn2
wandb: Run `wandb offline` to turn off syncing.
wandb: Syncing run v6_lr1e4_ow10
wandb: 猸愶笍 View project at https://wandb.ai/iris-sobolmark/craftax-offline-awr
wandb: 馃殌 View run at https://wandb.ai/iris-sobolmark/craftax-offline-awr/runs/m42o1cn2
wandb: updating run metadata
wandb: uploading history steps 998-999, summary, console lines 194-201
wandb: 
wandb: Run history:
wandb:         train/actor_loss 鈻堚枀鈻勨杻鈻冣杻鈻冣杽鈻勨杽鈻冣杻鈻冣杻鈻呪杽鈻傗杹鈻勨杺鈻呪杻鈻傗杽鈻傗杻鈻冣杺鈻冣杺鈻冣杺鈻傗杻鈻傗杺鈻佲杻鈻傗杺
wandb:           train/adv_mean 鈻冣杺鈻冣杹鈻佲枀鈻冣杽鈻呪枂鈻嗏杻鈻呪枀鈻勨杽鈻呪枂鈻傗杻鈻呪枀鈻佲枂鈻勨枀鈻堚杻鈻呪枀鈻勨枀鈻勨枀鈻呪杽鈻呪枂鈻嗏杻
wandb:            train/adv_std 鈻堚枂鈻呪杻鈻勨杻鈻呪枀鈻冣杻鈻嗏杽鈻勨杻鈻冣杻鈻冣杺鈻勨杺鈻冣杺鈻傗杻鈻傗杺鈻勨杺鈻傗杺鈻勨杺鈻傗枀鈻佲杺鈻傗杺鈻呪杺
wandb:        train/critic_loss 鈻堚枀鈻勨杽鈻冣枀鈻冣杽鈻傗杺鈻冣杽鈻冣杹鈻呪杺鈻傗杻鈻佲枃鈻傗杹鈻勨杺鈻傗杽鈻勨杻鈻傗杹鈻嗏杺鈻傗杺鈻傗杻鈻冣杺鈻佲杺
wandb:       train/entropy_loss 鈻佲杻鈻勨枀鈻嗏枀鈻呪枂鈻嗏枂鈻嗏枀鈻嗏枂鈻団枃鈻団枃鈻団枃鈻団枅鈻団枃鈻団枃鈻団枅鈻堚枃鈻団枃鈻堚枅鈻堚枃鈻堚枃鈻堚枅
wandb:     train/entropy_oracle 鈻堚杻鈻冣杻鈻傗杻鈻傗杺鈻傗杺鈻傗杺鈻傗杹鈻佲杺鈻佲杺鈻佲杹鈻佲杹鈻佲杹鈻佲杹鈻傗杹鈻佲杹鈻佲杹鈻佲杹鈻佲杹鈻佲杹鈻佲杹
wandb:      train/entropy_train 鈻堚枃鈻嗏枀鈻嗏枀鈻勨枀鈻呪枂鈻傗枀鈻勨杻鈻傗枂鈻勨枀鈻勨杹鈻呪枀鈻呪杺鈻冣枂鈻冣杻鈻冣杹鈻冣杺鈻冣杹鈻佲杺鈻冣杻鈻呪杺
wandb: train/explained_variance 鈻佲枂鈻嗏枂鈻嗏枂鈻団枀鈻団枃鈻団枃鈻嗏枂鈻団枅鈻堚枅鈻堚枂鈻団枃鈻団枅鈻堚枃鈻堚枅鈻団枃鈻堚枅鈻堚枅鈻堚枅鈻嗏枃鈻堚枅
wandb: train/mean_return_oracle 鈻傗杺鈻冣杽鈻勨杹鈻佲杽鈻傗杹鈻傗枅鈻勨杻鈻佲杹鈻呪杹鈻勨杺鈻勨枀鈻冣杻鈻冣杻鈻勨杽鈻勨杺鈻呪杺鈻勨枀鈻冣杺鈻傗枀鈻冣枂
wandb:  train/mean_return_train 鈻嗏枀鈻団枀鈻勨枂鈻呪枀鈻傗杽鈻呪杽鈻勨杽鈻勨枅鈻呪枀鈻団枃鈻呪枂鈻冣杽鈻勨枀鈻勨杽鈻勨杽鈻冣杺鈻勨枀鈻勨杹鈻呪枂鈻冣杻
wandb:                      +15 ...
wandb: 
wandb: Run summary:
wandb:         train/actor_loss 2.50652
wandb:           train/adv_mean -0.12019
wandb:            train/adv_std 0.86867
wandb:        train/critic_loss 0.38452
wandb:       train/entropy_loss -1.16561
wandb:     train/entropy_oracle 0.03864
wandb:      train/entropy_train 2.29258
wandb: train/explained_variance 0.87107
wandb: train/mean_return_oracle 1.51805
wandb:  train/mean_return_train 1.54425
wandb:                      +15 ...
wandb: 
wandb: 馃殌 View run v6_lr1e4_ow10 at: https://wandb.ai/iris-sobolmark/craftax-offline-awr/runs/m42o1cn2
wandb: 猸愶笍 View project at: https://wandb.ai/iris-sobolmark/craftax-offline-awr
wandb: Synced 5 W&B file(s), 0 media file(s), 0 artifact file(s) and 0 other file(s)
wandb: Find logs at: /tmp/wandb_6986291/wandb/run-20260406_120552-m42o1cn2/logs
