wandb: [wandb.login()] Loaded credentials for https://api.wandb.ai from /home/geney/.netrc.
wandb: Currently logged in as: gene-jin-yang (iris-sobolmark) to https://api.wandb.ai. Use `wandb login --relogin` to force relogin
wandb: Tracking run with wandb version 0.24.2
wandb: Run data is saved locally in /tmp/wandb_6961813/wandb/run-20260405_140823-z9rb136k
wandb: Run `wandb offline` to turn off syncing.
wandb: Syncing run v5_lr1e3_ow10
wandb: 猸愶笍 View project at https://wandb.ai/iris-sobolmark/craftax-offline-awr
wandb: 馃殌 View run at https://wandb.ai/iris-sobolmark/craftax-offline-awr/runs/z9rb136k
wandb: updating run metadata
wandb: uploading history steps 998-999, summary, console lines 194-201
wandb: 
wandb: Run history:
wandb:         train/actor_loss 鈻団枅鈻嗏杽鈻団枂鈻嗏杺鈻勨枃鈻嗏枃鈻勨杽鈻冣枃鈻勨杽鈻呪枂鈻冣枂鈻勨枂鈻勨杽鈻嗏枂鈻勨枂鈻勨枅鈻冣杻鈻佲枃鈻傗杻鈻佲枀
wandb:           train/adv_mean 鈻佲枃鈻嗏杺鈻団枀鈻呪杻鈻団枅鈻勨杻鈻冣枃鈻傗枀鈻勨枀鈻勨枂鈻団枅鈻勨杽鈻嗏枀鈻勨枃鈻呪枂鈻佲杽鈻嗏枀鈻嗏杻鈻傗枃鈻勨枀
wandb:            train/adv_std 鈻堚枃鈻嗏杽鈻嗏杽鈻冣杽鈻冣杻鈻団枂鈻冣杺鈻傗杻鈻冣杻鈻冣杽鈻傗杻鈻傗杺鈻冣枀鈻勨杽鈻冣枀鈻冣杺鈻佲杺鈻佲杺鈻勨杹鈻嗏杽
wandb:        train/critic_loss 鈻堚枅鈻団枂鈻呪杽鈻勨杻鈻冣杺鈻冣杻鈻傗杺鈻佲杽鈻冣杹鈻傗杹鈻冣杺鈻佲杹鈻冣杺鈻佲杹鈻佲杽鈻佲杹鈻冣杹鈻佲杻鈻傗杹鈻勨杹
wandb:       train/entropy_loss 鈻傗杹鈻呪杺鈻呪枀鈻呪杽鈻勨枂鈻団枂鈻呪枂鈻嗏枀鈻団枃鈻呪枂鈻嗏枃鈻団枃鈻嗏枅鈻嗏枂鈻団枃鈻団枅鈻堚枃鈻団枃鈻堚枅鈻堚枅
wandb:     train/entropy_oracle 鈻堚枂鈻呪枀鈻勨杽鈻勨枀鈻呪杻鈻冣杽鈻冣杽鈻冣杺鈻冣杽鈻傗杻鈻傗杺鈻傗杺鈻傗杺鈻佲杹鈻佲杺鈻傗杺鈻傗杺鈻佲杹鈻傗杺鈻佲杹
wandb:      train/entropy_train 鈻嗏枃鈻呪枃鈻呪枅鈻団枀鈻呪枀鈻呪杽鈻呪杽鈻冣杽鈻冣杺鈻勨杽鈻勨杻鈻佲杺鈻冣杻鈻冣杻鈻傗杺鈻冣杺鈻勨杻鈻冣杺鈻傗杻鈻勨杽
wandb: train/explained_variance 鈻佲杺鈻傗杻鈻冣枂鈻勨杽鈻呪枀鈻呪枂鈻団枃鈻勨枃鈻団枃鈻冣枂鈻団枃鈻堚杽鈻嗏枂鈻団枃鈻団枂鈻嗏枃鈻堚枅鈻勨枃鈻団枅鈻堚枅
wandb: train/mean_return_oracle 鈻呪杽鈻呪杽鈻冣枀鈻勨枂鈻団枅鈻嗏杺鈻冣杽鈻嗏枃鈻冣杻鈻呪杽鈻呪杽鈻佲杽鈻嗏枂鈻嗏杺鈻堚杻鈻団枀鈻嗏杽鈻堚杻鈻冣杽鈻傗杺
wandb:  train/mean_return_train 鈻嗏枀鈻佲杻鈻嗏枂鈻勨杽鈻勨杺鈻呪枀鈻嗏杽鈻勨枂鈻堚枂鈻冣杽鈻呪杻鈻冣杽鈻勨杺鈻冣杻鈻勨枂鈻嗏杽鈻嗏杻鈻嗏枂鈻呪杽鈻呪杽
wandb:                      +15 ...
wandb: 
wandb: Run summary:
wandb:         train/actor_loss 2.60203
wandb:           train/adv_mean 0.00055
wandb:            train/adv_std 1.01595
wandb:        train/critic_loss 0.51607
wandb:       train/entropy_loss -1.27628
wandb:     train/entropy_oracle 0.09817
wandb:      train/entropy_train 2.45439
wandb: train/explained_variance 0.80586
wandb: train/mean_return_oracle 1.94835
wandb:  train/mean_return_train 1.48216
wandb:                      +15 ...
wandb: 
wandb: 馃殌 View run v5_lr1e3_ow10 at: https://wandb.ai/iris-sobolmark/craftax-offline-awr/runs/z9rb136k
wandb: 猸愶笍 View project at: https://wandb.ai/iris-sobolmark/craftax-offline-awr
wandb: Synced 5 W&B file(s), 0 media file(s), 0 artifact file(s) and 0 other file(s)
wandb: Find logs at: /tmp/wandb_6961813/wandb/run-20260405_140823-z9rb136k/logs
