wandb: [wandb.login()] Loaded credentials for https://api.wandb.ai from /home/geney/.netrc.
wandb: Currently logged in as: gene-jin-yang (iris-sobolmark) to https://api.wandb.ai. Use `wandb login --relogin` to force relogin
wandb: Tracking run with wandb version 0.24.2
wandb: Run data is saved locally in /tmp/wandb_6985713/wandb/run-20260406_103713-mbhry9ti
wandb: Run `wandb offline` to turn off syncing.
wandb: Syncing run v5_beta5_w1024_noln
wandb: 猸愶笍 View project at https://wandb.ai/iris-sobolmark/craftax-offline-awr
wandb: 馃殌 View run at https://wandb.ai/iris-sobolmark/craftax-offline-awr/runs/mbhry9ti
wandb: WARNING Fatal error while uploading data. Some run data will not be synced, but it will still be written to disk. Use `wandb sync` at the end of the run to try uploading.
wandb: updating run metadata
wandb: 
wandb: Run history:
wandb:         train/actor_loss 鈻堚枀鈻団枂鈻嗏枀鈻呪枂鈻呪杹鈻嗏杻鈻勨枀鈻呪杽鈻呪杺鈻勨枀鈻呪杻鈻冣杽鈻冣枂鈻勨杽鈻傗杻鈻佲杽鈻勨杻鈻傗杻鈻呪杽鈻勨杻
wandb:           train/adv_mean 鈻堚枀鈻堚杺鈻呪杺鈻佲杻鈻傗杺鈻冣杽鈻勨杽鈻佲枂鈻傗杻鈻冣杺鈻勨杻鈻勨杽鈻冣杻鈻冣杻鈻呪杽鈻冣杽鈻勨枂鈻冣杽鈻冣杽鈻冣枀
wandb:            train/adv_std 鈻堚枀鈻勨枀鈻勨枀鈻冣杺鈻勨杺鈻冣杺鈻傗杺鈻傗杽鈻佲枀鈻傗杹鈻傗杺鈻傗杹鈻傗杻鈻佲杺鈻勨杺鈻傗杺鈻呪杻鈻冣杺鈻佲杽鈻傗杻
wandb:        train/critic_loss 鈻堚杻鈻冣杺鈻冣杺鈻傗杺鈻傗杹鈻傗杺鈻佲杺鈻傗杹鈻佲杻鈻佲杹鈻佲杹鈻佲杺鈻傗杹鈻佲杺鈻佲杺鈻佲杹鈻佲杹鈻佲杹鈻佲杹鈻佲杻
wandb:       train/entropy_loss 鈻佲杽鈻呪枀鈻冣杽鈻呪杽鈻冣枂鈻嗏枂鈻呪枂鈻堚枂鈻団枃鈻嗏枅鈻団枃鈻団枃鈻団枃鈻団枅鈻団枃鈻嗏枃鈻堚枃鈻団枅鈻堚枅鈻団枅
wandb:     train/entropy_oracle 鈻団枅鈻団杽鈻団枃鈻嗏枂鈻嗏枀鈻冣杽鈻勨枀鈻傗杽鈻勨杻鈻冣杻鈻傗杻鈻冣杺鈻傗杻鈻傗杻鈻傗杺鈻傗杹鈻冣杺鈻傗杹鈻傗杺鈻傗杺
wandb:      train/entropy_train 鈻堚枂鈻団枂鈻団枂鈻嗏枃鈻勨枂鈻嗏枀鈻嗏枀鈻佲杻鈻呪枂鈻嗏杻鈻勨枀鈻呪杹鈻呪杺鈻嗏枀鈻冣杽鈻傗杺鈻冣杺鈻勨杻鈻呪杺鈻勨杻
wandb: train/explained_variance 鈻佲枂鈻嗏枃鈻団枃鈻団枃鈻堚枃鈻堚枃鈻団枃鈻堚枅鈻堚枅鈻堚枅鈻堚枃鈻堚枅鈻堚枃鈻団枅鈻堚枃鈻嗏枃鈻堚枃鈻団枅鈻団枅鈻団枅
wandb: train/mean_return_oracle 鈻嗏枀鈻呪杹鈻勨杽鈻傗杽鈻呪枀鈻冣枀鈻呪杻鈻傗枀鈻勨杽鈻冣枀鈻傗枀鈻勨枀鈻冣杺鈻冣杽鈻嗏杺鈻堚杻鈻呪杺鈻呪杻鈻勨枀鈻勨杽
wandb:  train/mean_return_train 鈻勨枅鈻勨枃鈻冣枅鈻呪杻鈻佲杻鈻呪枂鈻冣枀鈻勨枅鈻団枂鈻佲杽鈻冣杻鈻冣杻鈻嗏枂鈻勨枀鈻呪枃鈻勨枃鈻呪枂鈻嗏枃鈻傗杽鈻冣枀
wandb:                      +15 ...
wandb: 
wandb: Run summary:
wandb:         train/actor_loss 2.72511
wandb:           train/adv_mean -0.13783
wandb:            train/adv_std 0.93661
wandb:        train/critic_loss 0.44812
wandb:       train/entropy_loss -1.30037
wandb:     train/entropy_oracle 0.12063
wandb:      train/entropy_train 2.48011
wandb: train/explained_variance 0.80737
wandb: train/mean_return_oracle 1.94835
wandb:  train/mean_return_train 1.30994
wandb:                      +15 ...
wandb: 
wandb: 馃殌 View run v5_beta5_w1024_noln at: https://wandb.ai/iris-sobolmark/craftax-offline-awr/runs/mbhry9ti
wandb: 猸愶笍 View project at: https://wandb.ai/iris-sobolmark/craftax-offline-awr
wandb: Synced 2 W&B file(s), 0 media file(s), 0 artifact file(s) and 0 other file(s)
wandb: Find logs at: /tmp/wandb_6985713/wandb/run-20260406_103713-mbhry9ti/logs
