wandb: [wandb.login()] Loaded credentials for https://api.wandb.ai from /home/geney/.netrc.
wandb: Currently logged in as: gene-jin-yang (iris-sobolmark) to https://api.wandb.ai. Use `wandb login --relogin` to force relogin
wandb: Tracking run with wandb version 0.24.2
wandb: Run data is saved locally in /tmp/wandb_7003486/wandb/run-20260407_114121-xsydtczz
wandb: Run `wandb offline` to turn off syncing.
wandb: Syncing run v3_clip_5
wandb: ⭐️ View project at https://wandb.ai/iris-sobolmark/craftax-offline-awr
wandb: 🚀 View run at https://wandb.ai/iris-sobolmark/craftax-offline-awr/runs/xsydtczz
wandb: updating run metadata; uploading history steps 999-999, summary, console lines 251-262
wandb: uploading history steps 1000-1000, summary
wandb: 
wandb: Run history:
wandb:         diag/source_cross_cos ▁
wandb:          diag/source_mean_cos ▁
wandb:           diag/source_mean_l2 ▁
wandb:  diag/source_oracle_norm_mean ▁
wandb:   diag/source_train_norm_mean ▁
wandb: diag/source_within_oracle_cos ▁
wandb:  diag/source_within_train_cos ▁
wandb:       grad/grad_cos_actor_hid ▅▁▁█▇▄▅██▅
wandb:     grad/grad_cos_actor_merge ▂▅▅▄█▁▅▅▆▅
wandb:       grad/grad_cos_actor_obs ▃█▃▁▁▁▅██▇
wandb:                           +62 ...
wandb: 
wandb: Run summary:
wandb:         diag/source_cross_cos -0.0067
wandb:          diag/source_mean_cos -0.04622
wandb:           diag/source_mean_l2 51.69667
wandb:  diag/source_oracle_norm_mean 101.94646
wandb:   diag/source_train_norm_mean 63.62986
wandb: diag/source_within_oracle_cos 0.2709
wandb:  diag/source_within_train_cos 0.00457
wandb:       grad/grad_cos_actor_hid 0.00155
wandb:     grad/grad_cos_actor_merge 0.01029
wandb:       grad/grad_cos_actor_obs 0.04965
wandb:                           +62 ...
wandb: 
wandb: 🚀 View run v3_clip_5 at: https://wandb.ai/iris-sobolmark/craftax-offline-awr/runs/xsydtczz
wandb: ⭐️ View project at: https://wandb.ai/iris-sobolmark/craftax-offline-awr
wandb: Synced 5 W&B file(s), 0 media file(s), 0 artifact file(s) and 0 other file(s)
wandb: Find logs at: /tmp/wandb_7003486/wandb/run-20260407_114121-xsydtczz/logs
