wandb: [wandb.login()] Loaded credentials for https://api.wandb.ai from /home/geney/.netrc.
wandb: Currently logged in as: gene-jin-yang (iris-sobolmark) to https://api.wandb.ai. Use `wandb login --relogin` to force relogin
wandb: setting up run gez3csh6
wandb: Tracking run with wandb version 0.24.2
wandb: Run data is saved locally in /tmp/wandb_7003449/wandb/run-20260407_113923-gez3csh6
wandb: Run `wandb offline` to turn off syncing.
wandb: Syncing run v3_all_fixes
wandb: ⭐️ View project at https://wandb.ai/iris-sobolmark/craftax-offline-awr
wandb: 🚀 View run at https://wandb.ai/iris-sobolmark/craftax-offline-awr/runs/gez3csh6
wandb: updating run metadata
wandb: uploading output.log; uploading wandb-summary.json; uploading config.yaml
wandb: 
wandb: Run history:
wandb:         diag/source_cross_cos ▁
wandb:          diag/source_mean_cos ▁
wandb:           diag/source_mean_l2 ▁
wandb:  diag/source_oracle_norm_mean ▁
wandb:   diag/source_train_norm_mean ▁
wandb: diag/source_within_oracle_cos ▁
wandb:  diag/source_within_train_cos ▁
wandb:       grad/grad_cos_actor_hid █▁▅▃▆▃▆▅▆▄
wandb:     grad/grad_cos_actor_merge █▅▃▇▄▆█▁▇▅
wandb:       grad/grad_cos_actor_obs ▆▆▂█▆▃▅▁▇▂
wandb:                           +62 ...
wandb: 
wandb: Run summary:
wandb:         diag/source_cross_cos -0.01472
wandb:          diag/source_mean_cos -0.19785
wandb:           diag/source_mean_l2 51.9992
wandb:  diag/source_oracle_norm_mean 101.94646
wandb:   diag/source_train_norm_mean 63.62475
wandb: diag/source_within_oracle_cos 0.2709
wandb:  diag/source_within_train_cos 0.00296
wandb:       grad/grad_cos_actor_hid -0.01019
wandb:     grad/grad_cos_actor_merge 0.01984
wandb:       grad/grad_cos_actor_obs -0.05828
wandb:                           +62 ...
wandb: 
wandb: 🚀 View run v3_all_fixes at: https://wandb.ai/iris-sobolmark/craftax-offline-awr/runs/gez3csh6
wandb: ⭐️ View project at: https://wandb.ai/iris-sobolmark/craftax-offline-awr
wandb: Synced 5 W&B file(s), 0 media file(s), 0 artifact file(s) and 0 other file(s)
wandb: Find logs at: /tmp/wandb_7003449/wandb/run-20260407_113923-gez3csh6/logs
